2016/09/28 22:51:16 [26360] building file list
2016/09/28 22:51:16 [26360] <f+++++++++ .htaccess
2016/09/28 22:51:16 [26360] <f+++++++++ 404.html
2016/09/28 22:51:16 [26360] <f+++++++++ apple-touch-icon.png
2016/09/28 22:51:16 [26360] <f+++++++++ crossdomain.xml
2016/09/28 22:51:16 [26360] <f+++++++++ favicon.ico
2016/09/28 22:51:16 [26360] <f+++++++++ favicon.png
2016/09/28 22:51:16 [26360] <f+++++++++ humans.txt
2016/09/28 22:51:16 [26360] <f+++++++++ index.html
2016/09/28 22:51:16 [26360] <f+++++++++ playground.html
2016/09/28 22:51:16 [26360] <f+++++++++ robots.txt
2016/09/28 22:51:16 [26360] <f+++++++++ sitemap.xml
2016/09/28 22:51:16 [26360] cd+++++++++ assets/
2016/09/28 22:51:16 [26360] cd+++++++++ assets/css/
2016/09/28 22:51:16 [26360] <f+++++++++ assets/css/main.css
2016/09/28 22:51:16 [26360] cd+++++++++ assets/downloads/
2016/09/28 22:51:16 [26360] cd+++++++++ assets/downloads/pdf/
2016/09/28 22:51:16 [26360] <f+++++++++ assets/downloads/pdf/36, telme, 03-2003.pdf
2016/09/28 22:51:16 [26360] <f+++++++++ assets/downloads/pdf/mobil-35-motorola.pdf
2016/09/28 22:51:16 [26360] <f+++++++++ assets/downloads/pdf/mobil-37-microsoft.pdf
2016/09/28 22:51:16 [26360] <f+++++++++ assets/downloads/pdf/mobil-37-stungun.pdf
2016/09/28 22:51:20 [26360] <f+++++++++ assets/downloads/pdf/mobil-40-41-alcatel.pdf
2016/09/28 22:51:26 [26360] <f+++++++++ assets/downloads/pdf/mobil-40-41-treo.pdf
2016/09/28 22:51:34 [26360] <f+++++++++ assets/downloads/pdf/mobil-75-usa.pdf
2016/09/28 22:51:48 [26360] <f+++++++++ assets/downloads/pdf/mobil-92-iphone.pdf
2016/09/28 22:51:54 [26360] <f+++++++++ assets/downloads/pdf/mreza-nokia.pdf
2016/09/28 22:51:54 [26360] cd+++++++++ assets/fonts/
2016/09/28 22:51:54 [26360] <f+++++++++ assets/fonts/OpenSans-Light-webfont.eot
2016/09/28 22:51:54 [26360] <f+++++++++ assets/fonts/OpenSans-Light-webfont.svg
2016/09/28 22:51:54 [26360] <f+++++++++ assets/fonts/OpenSans-Light-webfont.ttf
2016/09/28 22:51:54 [26360] <f+++++++++ assets/fonts/OpenSans-Light-webfont.woff
2016/09/28 22:51:54 [26360] <f+++++++++ assets/fonts/OpenSans-Regular-webfont.eot
2016/09/28 22:51:54 [26360] <f+++++++++ assets/fonts/OpenSans-Regular-webfont.svg
2016/09/28 22:51:54 [26360] <f+++++++++ assets/fonts/OpenSans-Regular-webfont.ttf
2016/09/28 22:51:54 [26360] <f+++++++++ assets/fonts/OpenSans-Regular-webfont.woff
2016/09/28 22:51:56 [26360] <f+++++++++ assets/fonts/iconfont.eot
2016/09/28 22:51:56 [26360] <f+++++++++ assets/fonts/iconfont.svg
2016/09/28 22:51:56 [26360] <f+++++++++ assets/fonts/iconfont.ttf
2016/09/28 22:51:56 [26360] <f+++++++++ assets/fonts/iconfont.woff
2016/09/28 22:51:56 [26360] <f+++++++++ assets/fonts/iconfont.woff2
2016/09/28 22:51:56 [26360] cd+++++++++ assets/fonts/lato/
2016/09/28 22:51:56 [26360] <f+++++++++ assets/fonts/lato/lato-lig-webfont.eot
2016/09/28 22:51:56 [26360] <f+++++++++ assets/fonts/lato/lato-lig-webfont.ttf
2016/09/28 22:51:56 [26360] <f+++++++++ assets/fonts/lato/lato-lig-webfont.woff
2016/09/28 22:51:57 [26360] <f+++++++++ assets/fonts/lato/lato-reg-webfont.eot
2016/09/28 22:51:57 [26360] <f+++++++++ assets/fonts/lato/lato-reg-webfont.ttf
2016/09/28 22:51:57 [26360] <f+++++++++ assets/fonts/lato/lato-reg-webfont.woff
2016/09/28 22:51:57 [26360] cd+++++++++ assets/images/
2016/09/28 22:51:57 [26360] <f+++++++++ assets/images/pixel.gif
2016/09/28 22:51:57 [26360] <f+++++++++ assets/images/profile.jpg
2016/09/28 22:51:59 [26360] <f+++++++++ assets/images/profile1.jpg
2016/09/28 22:51:59 [26360] cd+++++++++ assets/images/articles/
2016/09/28 22:51:59 [26360] <f+++++++++ assets/images/articles/alcatel.jpg
2016/09/28 22:51:59 [26360] <f+++++++++ assets/images/articles/iphone.jpg
2016/09/28 22:51:59 [26360] <f+++++++++ assets/images/articles/motorola.jpg
2016/09/28 22:51:59 [26360] <f+++++++++ assets/images/articles/ms.jpg
2016/09/28 22:51:59 [26360] <f+++++++++ assets/images/articles/nokia.jpg
2016/09/28 22:51:59 [26360] <f+++++++++ assets/images/articles/stungun.jpg
2016/09/28 22:51:59 [26360] <f+++++++++ assets/images/articles/treo.jpg
2016/09/28 22:51:59 [26360] <f+++++++++ assets/images/articles/usa.jpg
2016/09/28 22:51:59 [26360] cd+++++++++ assets/images/photos/
2016/09/28 22:52:00 [26360] <f+++++++++ assets/images/photos/adriatic-sea.jpg
2016/09/28 22:52:04 [26360] <f+++++++++ assets/images/photos/autumn-in-zrinjevac.jpg
2016/09/28 22:52:06 [26360] <f+++++++++ assets/images/photos/coming-down-on-me.jpg
2016/09/28 22:52:09 [26360] <f+++++++++ assets/images/photos/double-rainbow-in-paris.jpg
2016/09/28 22:52:10 [26360] <f+++++++++ assets/images/photos/hana.jpg
2016/09/28 22:52:13 [26360] <f+++++++++ assets/images/photos/stuck-in-traffic.jpg
2016/09/28 22:52:13 [26360] cd+++++++++ assets/js/
2016/09/28 22:52:13 [26360] <f+++++++++ assets/js/all.js
2016/09/28 22:52:13 [26360] cd+++++++++ assets/js/vendor/
2016/09/28 22:52:13 [26360] <f+++++++++ assets/js/vendor/modernizr.js
2016/09/28 22:52:13 [26360] cd+++++++++ playground/
2016/09/28 22:52:13 [26360] cd+++++++++ playground/hexclock/
2016/09/28 22:52:13 [26360] <f+++++++++ playground/hexclock/config.rb
2016/09/28 22:52:13 [26360] <f+++++++++ playground/hexclock/index.html
2016/09/28 22:52:13 [26360] cd+++++++++ playground/hexclock/assets/
2016/09/28 22:52:13 [26360] cd+++++++++ playground/hexclock/assets/fonts/
2016/09/28 22:52:13 [26360] <f+++++++++ playground/hexclock/assets/fonts/lato-lig-webfont.eot
2016/09/28 22:52:13 [26360] <f+++++++++ playground/hexclock/assets/fonts/lato-lig-webfont.svg
2016/09/28 22:52:13 [26360] <f+++++++++ playground/hexclock/assets/fonts/lato-lig-webfont.ttf
2016/09/28 22:52:16 [26360] <f+++++++++ playground/hexclock/assets/fonts/lato-lig-webfont.woff
2016/09/28 22:52:16 [26360] <f+++++++++ playground/hexclock/assets/fonts/lato-reg-webfont.eot
2016/09/28 22:52:16 [26360] <f+++++++++ playground/hexclock/assets/fonts/lato-reg-webfont.svg
2016/09/28 22:52:16 [26360] <f+++++++++ playground/hexclock/assets/fonts/lato-reg-webfont.ttf
2016/09/28 22:52:16 [26360] <f+++++++++ playground/hexclock/assets/fonts/lato-reg-webfont.woff
2016/09/28 22:52:16 [26360] cd+++++++++ playground/hexclock/css/
2016/09/28 22:52:16 [26360] <f+++++++++ playground/hexclock/css/screen.css
2016/09/28 22:52:16 [26360] cd+++++++++ playground/hexclock/css/sass/
2016/09/28 22:52:17 [26360] <f+++++++++ playground/hexclock/css/sass/screen.scss
2016/09/28 22:52:17 [26360] cd+++++++++ playground/poof/
2016/09/28 22:52:17 [26360] <f+++++++++ playground/poof/LICENSE.txt
2016/09/28 22:52:17 [26360] <f+++++++++ playground/poof/README.md
2016/09/28 22:52:17 [26360] <f+++++++++ playground/poof/config.rb
2016/09/28 22:52:17 [26360] <f+++++++++ playground/poof/index.html
2016/09/28 22:52:17 [26360] <f+++++++++ playground/poof/poof.js
2016/09/28 22:52:17 [26360] <f+++++++++ playground/poof/poof.min.js
2016/09/28 22:52:17 [26360] cd+++++++++ playground/poof/css/
2016/09/28 22:52:17 [26360] <f+++++++++ playground/poof/css/main.css
2016/09/28 22:52:17 [26360] cd+++++++++ playground/poof/css/scss/
2016/09/28 22:52:17 [26360] <f+++++++++ playground/poof/css/scss/_normalize.scss
2016/09/28 22:52:17 [26360] <f+++++++++ playground/poof/css/scss/main.scss
2016/09/28 22:52:17 [26360] cd+++++++++ playground/poof/images/
2016/09/28 22:52:17 [26360] <f+++++++++ playground/poof/images/poof-48.png
2016/09/28 22:52:17 [26360] cd+++++++++ playground/social-connections-backbone/
2016/09/28 22:52:17 [26360] <f+++++++++ playground/social-connections-backbone/README.md
2016/09/28 22:52:17 [26360] <f+++++++++ playground/social-connections-backbone/config.rb
2016/09/28 22:52:17 [26360] <f+++++++++ playground/social-connections-backbone/index.html
2016/09/28 22:52:17 [26360] cd+++++++++ playground/social-connections-backbone/assets/
2016/09/28 22:52:17 [26360] cd+++++++++ playground/social-connections-backbone/assets/fonts/
2016/09/28 22:52:17 [26360] <f+++++++++ playground/social-connections-backbone/assets/fonts/lato-lig-webfont.eot
2016/09/28 22:52:17 [26360] <f+++++++++ playground/social-connections-backbone/assets/fonts/lato-lig-webfont.svg
2016/09/28 22:52:17 [26360] <f+++++++++ playground/social-connections-backbone/assets/fonts/lato-lig-webfont.ttf
2016/09/28 22:52:17 [26360] <f+++++++++ playground/social-connections-backbone/assets/fonts/lato-lig-webfont.woff
2016/09/28 22:52:19 [26360] <f+++++++++ playground/social-connections-backbone/assets/fonts/lato-reg-webfont.eot
2016/09/28 22:52:19 [26360] <f+++++++++ playground/social-connections-backbone/assets/fonts/lato-reg-webfont.svg
2016/09/28 22:52:19 [26360] <f+++++++++ playground/social-connections-backbone/assets/fonts/lato-reg-webfont.ttf
2016/09/28 22:52:19 [26360] <f+++++++++ playground/social-connections-backbone/assets/fonts/lato-reg-webfont.woff
2016/09/28 22:52:19 [26360] cd+++++++++ playground/social-connections-backbone/css/
2016/09/28 22:52:19 [26360] <f+++++++++ playground/social-connections-backbone/css/screen.css
2016/09/28 22:52:19 [26360] cd+++++++++ playground/social-connections-backbone/css/sass/
2016/09/28 22:52:19 [26360] <f+++++++++ playground/social-connections-backbone/css/sass/screen.scss
2016/09/28 22:52:19 [26360] cd+++++++++ playground/social-connections-backbone/js/
2016/09/28 22:52:19 [26360] <f+++++++++ playground/social-connections-backbone/js/app.js
2016/09/28 22:52:19 [26360] <f+++++++++ playground/social-connections-backbone/js/data.js
2016/09/28 22:52:19 [26360] cd+++++++++ playground/social-connections-backbone/js/lib/
2016/09/28 22:52:19 [26360] cd+++++++++ playground/social-connections-backbone/js/lib/vendor/
2016/09/28 22:52:19 [26360] <f+++++++++ playground/social-connections-backbone/js/lib/vendor/backbone.js
2016/09/28 22:52:20 [26360] <f+++++++++ playground/social-connections-backbone/js/lib/vendor/jquery.js
2016/09/28 22:52:20 [26360] <f+++++++++ playground/social-connections-backbone/js/lib/vendor/underscore.js
2016/09/28 22:52:20 [26360] cd+++++++++ playground/turn-off-tv/
2016/09/28 22:52:20 [26360] <f+++++++++ playground/turn-off-tv/index.html
2016/09/28 22:52:20 [26360] <f+++++++++ playground/turn-off-tv/jquery.turn-off-tv.min.js
2016/09/28 22:52:20 [26360] <f+++++++++ playground/turn-off-tv/turn-off-tv.css
2016/09/28 22:52:20 [26360] cd+++++++++ playground/turn-off-tv/lib/
2016/09/28 22:52:20 [26360] <f+++++++++ playground/turn-off-tv/lib/jquery-1.10.2.min.js
2016/09/28 22:52:20 [26360] cd+++++++++ v1/
2016/09/28 22:52:20 [26360] <f+++++++++ v1/__vg-steve-jobs-hr.html
2016/09/28 22:52:20 [26360] <f+++++++++ v1/_country-redirect.php
2016/09/28 22:52:20 [26360] <f+++++++++ v1/_index.php
2016/09/28 22:52:20 [26360] <f+++++++++ v1/country-redirect.php
2016/09/28 22:52:20 [26360] <f+++++++++ v1/favicon.gif
2016/09/28 22:52:20 [26360] <f+++++++++ v1/favicon.ico
2016/09/28 22:52:20 [26360] <f+++++++++ v1/googlebeb381da2a9ae89e.html
2016/09/28 22:52:20 [26360] <f+++++++++ v1/index.php
2016/09/28 22:52:20 [26360] <f+++++++++ v1/ror.xml
2016/09/28 22:52:20 [26360] <f+++++++++ v1/tportal.php
2016/09/28 22:52:20 [26360] <f+++++++++ v1/urllist.txt
2016/09/28 22:52:20 [26360] <f+++++++++ v1/vg-steve-jobs-en.html
2016/09/28 22:52:20 [26360] <f+++++++++ v1/vg-steve-jobs-hr.html
2016/09/28 22:52:20 [26360] cd+++++++++ v1/1/
2016/09/28 22:52:20 [26360] <f+++++++++ v1/1/css3-animated-dropdown-menu-demo.html
2016/09/28 22:52:20 [26360] <f+++++++++ v1/1/index.html
2016/09/28 22:52:20 [26360] <f+++++++++ v1/1/index2.html
2016/09/28 22:52:22 [26360] <f+++++++++ v1/1/index3.html
2016/09/28 22:52:22 [26360] <f+++++++++ v1/1/menu-stari.css
2016/09/28 22:52:22 [26360] cd+++++++++ v1/1/css/
2016/09/28 22:52:22 [26360] <f+++++++++ v1/1/css/ie6.css
2016/09/28 22:52:22 [26360] <f+++++++++ v1/1/css/reset.css
2016/09/28 22:52:22 [26360] <f+++++++++ v1/1/css/style.css
2016/09/28 22:52:22 [26360] cd+++++++++ v1/1/css/type/
2016/09/28 22:52:22 [26360] <f+++++++++ v1/1/css/type/anton-webfont.eot
2016/09/28 22:52:22 [26360] <f+++++++++ v1/1/css/type/anton-webfont.otf
2016/09/28 22:52:22 [26360] <f+++++++++ v1/1/css/type/anton-webfont.svg
2016/09/28 22:52:22 [26360] <f+++++++++ v1/1/css/type/anton-webfont.ttf
2016/09/28 22:52:23 [26360] <f+++++++++ v1/1/css/type/anton-webfont.woff
2016/09/28 22:52:23 [26360] cd+++++++++ v1/1/css3-animated-dropdown-menu-demo_files/
2016/09/28 22:52:23 [26360] <f+++++++++ v1/1/css3-animated-dropdown-menu-demo_files/117345-1343013291.dms
2016/09/28 22:52:23 [26360] <f+++++++++ v1/1/css3-animated-dropdown-menu-demo_files/adpacks-demo.js
2016/09/28 22:52:23 [26360] <f+++++++++ v1/1/css3-animated-dropdown-menu-demo_files/bsa.js
2016/09/28 22:52:23 [26360] <f+++++++++ v1/1/css3-animated-dropdown-menu-demo_files/jquery-latest.js
2016/09/28 22:52:23 [26360] <f+++++++++ v1/1/css3-animated-dropdown-menu-demo_files/s_a5f348233fceef06ba365ab392938d10.js
2016/09/28 22:52:23 [26360] cd+++++++++ v1/1/images/
2016/09/28 22:52:23 [26360] <f+++++++++ v1/1/images/bg-shadow.png
2016/09/28 22:52:23 [26360] <f+++++++++ v1/1/images/bg.jpg
2016/09/28 22:52:23 [26360] <f+++++++++ v1/1/images/en.png
2016/09/28 22:52:23 [26360] <f+++++++++ v1/1/images/hr.png
2016/09/28 22:52:23 [26360] <f+++++++++ v1/1/images/menu.png
2016/09/28 22:52:23 [26360] <f+++++++++ v1/1/images/pixel.gif
2016/09/28 22:52:23 [26360] <f+++++++++ v1/1/images/social-follow.png
2016/09/28 22:52:23 [26360] <f+++++++++ v1/1/images/switcher.png
2016/09/28 22:52:23 [26360] cd+++++++++ v1/1/images/photos/
2016/09/28 22:52:26 [26360] <f+++++++++ v1/1/images/photos/IMG_9970_HDR.jpg
2016/09/28 22:52:29 [26360] <f+++++++++ v1/1/images/photos/gospon.jpg
2016/09/28 22:52:29 [26360] <f+++++++++ v1/1/images/photos/guys.jpg
2016/09/28 22:52:30 [26360] <f+++++++++ v1/1/images/photos/paris.jpg
2016/09/28 22:52:31 [26360] <f+++++++++ v1/1/images/photos/portrait-1200max.jpg
2016/09/28 22:52:33 [26360] <f+++++++++ v1/1/images/photos/portrait-mala.jpg
2016/09/28 22:52:33 [26360] cd+++++++++ v1/1/javascript/
2016/09/28 22:52:33 [26360] <f+++++++++ v1/1/javascript/general.js
2016/09/28 22:52:33 [26360] <f+++++++++ v1/1/javascript/jquery-1.6.min.js
2016/09/28 22:52:33 [26360] <f+++++++++ v1/1/javascript/jquery-latest.js
2016/09/28 22:52:33 [26360] <f+++++++++ v1/1/javascript/modernizr.custom.96514.js
2016/09/28 22:52:33 [26360] cd+++++++++ v1/1/min-width/
2016/09/28 22:52:33 [26360] <f+++++++++ v1/1/min-width/index.html
2016/09/28 22:52:33 [26360] cd+++++++++ v1/1/min-width/css/
2016/09/28 22:52:33 [26360] <f+++++++++ v1/1/min-width/css/1.css
2016/09/28 22:52:33 [26360] <f+++++++++ v1/1/min-width/css/2.css
2016/09/28 22:52:33 [26360] <f+++++++++ v1/1/min-width/css/3.css
2016/09/28 22:52:33 [26360] <f+++++++++ v1/1/min-width/css/style.css
2016/09/28 22:52:33 [26360] cd+++++++++ v1/bin/
2016/09/28 22:52:33 [26360] <f+++++++++ v1/bin/_process.php
2016/09/28 22:52:33 [26360] <f+++++++++ v1/bin/phpmailer.php
2016/09/28 22:52:33 [26360] <f+++++++++ v1/bin/process.php
2016/09/28 22:52:33 [26360] cd+++++++++ v1/css/
2016/09/28 22:52:33 [26360] <f+++++++++ v1/css/reset.css
2016/09/28 22:52:33 [26360] <f+++++++++ v1/css/vg-form.css
2016/09/28 22:52:33 [26360] <f+++++++++ v1/css/vg-style.css
2016/09/28 22:52:33 [26360] cd+++++++++ v1/files/
2016/09/28 22:52:33 [26360] cd+++++++++ v1/files/pdf/
2016/09/28 22:52:37 [26360] <f+++++++++ v1/files/pdf/36, telme, 03-2003.pdf
2016/09/28 22:52:42 [26360] <f+++++++++ v1/files/pdf/mobil-35-motorola.pdf
2016/09/28 22:52:44 [26360] <f+++++++++ v1/files/pdf/mobil-37-microsoft.pdf
2016/09/28 22:52:49 [26360] <f+++++++++ v1/files/pdf/mobil-37-stungun.pdf
2016/09/28 22:53:02 [26360] <f+++++++++ v1/files/pdf/mobil-40-41-alcatel.pdf
2016/09/28 22:53:08 [26360] <f+++++++++ v1/files/pdf/mobil-40-41-treo.pdf
2016/09/28 22:53:21 [26360] <f+++++++++ v1/files/pdf/mobil-75-usa.pdf
2016/09/28 22:53:34 [26360] <f+++++++++ v1/files/pdf/mobil-92-iphone.pdf
2016/09/28 22:53:39 [26360] <f+++++++++ v1/files/pdf/mreza-nokia.pdf
2016/09/28 22:53:39 [26360] cd+++++++++ v1/images/
2016/09/28 22:53:39 [26360] <f+++++++++ v1/images/acrobat_pdf.png
2016/09/28 22:53:39 [26360] <f+++++++++ v1/images/box.png
2016/09/28 22:53:39 [26360] <f+++++++++ v1/images/check.png
2016/09/28 22:53:39 [26360] <f+++++++++ v1/images/error.gif
2016/09/28 22:53:39 [26360] <f+++++++++ v1/images/external.png
2016/09/28 22:53:39 [26360] <f+++++++++ v1/images/flash.gif
2016/09/28 22:53:39 [26360] <f+++++++++ v1/images/flickr_external.png
2016/09/28 22:53:41 [26360] <f+++++++++ v1/images/grass-bottom.jpg
2016/09/28 22:53:41 [26360] <f+++++++++ v1/images/grass-top.jpg
2016/09/28 22:53:41 [26360] <f+++++++++ v1/images/icon_pdf.gif
2016/09/28 22:53:41 [26360] <f+++++++++ v1/images/lang.png
2016/09/28 22:53:41 [26360] <f+++++++++ v1/images/left.png
2016/09/28 22:53:41 [26360] <f+++++++++ v1/images/left1.png
2016/09/28 22:53:42 [26360] <f+++++++++ v1/images/left2.png
2016/09/28 22:53:42 [26360] <f+++++++++ v1/images/right_01.png
2016/09/28 22:53:42 [26360] <f+++++++++ v1/images/right_02.png
2016/09/28 22:53:42 [26360] <f+++++++++ v1/images/right_02a.png
2016/09/28 22:53:42 [26360] <f+++++++++ v1/images/right_03.png
2016/09/28 22:53:42 [26360] <f+++++++++ v1/images/spaceball.gif
2016/09/28 22:53:42 [26360] <f+++++++++ v1/images/strelica.png
2016/09/28 22:53:42 [26360] <f+++++++++ v1/images/submit-button.png
2016/09/28 22:53:42 [26360] <f+++++++++ v1/images/submit_en.png
2016/09/28 22:53:42 [26360] <f+++++++++ v1/images/submit_hr.png
2016/09/28 22:53:42 [26360] cd+++++++++ v1/images/_text-replacement/
2016/09/28 22:53:42 [26360] cd+++++++++ v1/images/developer/
2016/09/28 22:53:45 [26360] <f+++++++++ v1/images/developer/euronek.hr.jpg
2016/09/28 22:53:49 [26360] <f+++++++++ v1/images/developer/fanattac.com.jpg
2016/09/28 22:53:49 [26360] <f+++++++++ v1/images/developer/iSMS.jpg
2016/09/28 22:53:51 [26360] <f+++++++++ v1/images/developer/igornjigrad.hr.jpg
2016/09/28 22:53:53 [26360] <f+++++++++ v1/images/developer/igorvlajnic.com.jpg
2016/09/28 22:53:56 [26360] <f+++++++++ v1/images/developer/knose.gavric.org.jpg
2016/09/28 22:54:00 [26360] <f+++++++++ v1/images/developer/kozul.hr.jpg
2016/09/28 22:54:01 [26360] <f+++++++++ v1/images/developer/maris.hr.jpg
2016/09/28 22:54:05 [26360] <f+++++++++ v1/images/developer/men-ars.hr.jpg
2016/09/28 22:54:06 [26360] <f+++++++++ v1/images/developer/merz-mladi.org.jpg
2016/09/28 22:54:06 [26360] <f+++++++++ v1/images/developer/opt.jpg
2016/09/28 22:54:10 [26360] <f+++++++++ v1/images/developer/presto-eng.com.jpg
2016/09/28 22:54:13 [26360] <f+++++++++ v1/images/developer/primat-nekretnine.com.jpg
2016/09/28 22:54:14 [26360] <f+++++++++ v1/images/developer/realestate-cres.com.hr.jpg
2016/09/28 22:54:17 [26360] <f+++++++++ v1/images/developer/realiscentar.hr.jpg
2016/09/28 22:54:19 [26360] <f+++++++++ v1/images/developer/rijeka.kbf.hr.jpg
2016/09/28 22:54:22 [26360] <f+++++++++ v1/images/developer/taxi-hodak.com.jpg
2016/09/28 22:54:23 [26360] <f+++++++++ v1/images/developer/the-abbey.org.jpg
2016/09/28 22:54:33 [26360] <f+++++++++ v1/images/developer/vanja.gavric.org-v1.jpg
2016/09/28 22:54:33 [26360] <f+++++++++ v1/images/developer/vanja.gavric.org.jpg
2016/09/28 22:54:35 [26360] <f+++++++++ v1/images/developer/villas-luigiluisa.com.jpg
2016/09/28 22:54:35 [26360] cd+++++++++ v1/images/developer/thumbs/
2016/09/28 22:54:35 [26360] <f+++++++++ v1/images/developer/thumbs/euronek.hr.jpg
2016/09/28 22:54:35 [26360] <f+++++++++ v1/images/developer/thumbs/fanattac.com.jpg
2016/09/28 22:54:35 [26360] <f+++++++++ v1/images/developer/thumbs/iPhone.jpg
2016/09/28 22:54:35 [26360] <f+++++++++ v1/images/developer/thumbs/igornjigrad.hr.jpg
2016/09/28 22:54:35 [26360] <f+++++++++ v1/images/developer/thumbs/igorvlajnic.com.jpg
2016/09/28 22:54:35 [26360] <f+++++++++ v1/images/developer/thumbs/knose.gavric.org.jpg
2016/09/28 22:54:35 [26360] <f+++++++++ v1/images/developer/thumbs/kozul.hr.jpg
2016/09/28 22:54:35 [26360] <f+++++++++ v1/images/developer/thumbs/maris.hr.jpg
2016/09/28 22:54:35 [26360] <f+++++++++ v1/images/developer/thumbs/men-ars.hr.jpg
2016/09/28 22:54:35 [26360] <f+++++++++ v1/images/developer/thumbs/merz-mladi.org.jpg
2016/09/28 22:54:35 [26360] <f+++++++++ v1/images/developer/thumbs/opt.jpg
2016/09/28 22:54:35 [26360] <f+++++++++ v1/images/developer/thumbs/presto-eng.com.jpg
2016/09/28 22:54:35 [26360] <f+++++++++ v1/images/developer/thumbs/primat-nekretnine.com.jpg
2016/09/28 22:54:35 [26360] <f+++++++++ v1/images/developer/thumbs/realestate-cres.com.hr.jpg
2016/09/28 22:54:35 [26360] <f+++++++++ v1/images/developer/thumbs/realiscentar.hr.jpg
2016/09/28 22:54:35 [26360] <f+++++++++ v1/images/developer/thumbs/rijeka.kbf.hr.jpg
2016/09/28 22:54:35 [26360] <f+++++++++ v1/images/developer/thumbs/taxi-hodak.com.jpg
2016/09/28 22:54:35 [26360] <f+++++++++ v1/images/developer/thumbs/the-abbey.org.jpg
2016/09/28 22:54:35 [26360] <f+++++++++ v1/images/developer/thumbs/vanja.gavric.org-v1.jpg
2016/09/28 22:54:35 [26360] <f+++++++++ v1/images/developer/thumbs/vanja.gavric.org.jpg
2016/09/28 22:54:35 [26360] <f+++++++++ v1/images/developer/thumbs/villas-luigiluisa.com.jpg
2016/09/28 22:54:35 [26360] cd+++++++++ v1/images/fancybox/
2016/09/28 22:54:35 [26360] <f+++++++++ v1/images/fancybox/blank.gif
2016/09/28 22:54:35 [26360] <f+++++++++ v1/images/fancybox/fancy_close.png
2016/09/28 22:54:35 [26360] <f+++++++++ v1/images/fancybox/fancy_loading.png
2016/09/28 22:54:35 [26360] <f+++++++++ v1/images/fancybox/fancy_nav_left.png
2016/09/28 22:54:35 [26360] <f+++++++++ v1/images/fancybox/fancy_nav_right.png
2016/09/28 22:54:35 [26360] <f+++++++++ v1/images/fancybox/fancy_shadow_e.png
2016/09/28 22:54:35 [26360] <f+++++++++ v1/images/fancybox/fancy_shadow_n.png
2016/09/28 22:54:35 [26360] <f+++++++++ v1/images/fancybox/fancy_shadow_ne.png
2016/09/28 22:54:35 [26360] <f+++++++++ v1/images/fancybox/fancy_shadow_nw.png
2016/09/28 22:54:35 [26360] <f+++++++++ v1/images/fancybox/fancy_shadow_s.png
2016/09/28 22:54:35 [26360] <f+++++++++ v1/images/fancybox/fancy_shadow_se.png
2016/09/28 22:54:35 [26360] <f+++++++++ v1/images/fancybox/fancy_shadow_sw.png
2016/09/28 22:54:35 [26360] <f+++++++++ v1/images/fancybox/fancy_shadow_w.png
2016/09/28 22:54:35 [26360] <f+++++++++ v1/images/fancybox/fancy_title_left.png
2016/09/28 22:54:35 [26360] <f+++++++++ v1/images/fancybox/fancy_title_main.png
2016/09/28 22:54:35 [26360] <f+++++++++ v1/images/fancybox/fancy_title_over.png
2016/09/28 22:54:35 [26360] <f+++++++++ v1/images/fancybox/fancy_title_right.png
2016/09/28 22:54:35 [26360] <f+++++++++ v1/images/fancybox/fancybox-x.png
2016/09/28 22:54:35 [26360] <f+++++++++ v1/images/fancybox/fancybox-y.png
2016/09/28 22:54:35 [26360] <f+++++++++ v1/images/fancybox/fancybox.png
2016/09/28 22:54:35 [26360] cd+++++++++ v1/images/kontakt/
2016/09/28 22:54:35 [26360] <f+++++++++ v1/images/kontakt/blockquote-back.gif
2016/09/28 22:54:35 [26360] <f+++++++++ v1/images/kontakt/body-gradiant.png
2016/09/28 22:54:35 [26360] <f+++++++++ v1/images/kontakt/comment-arrow.gif
2016/09/28 22:54:35 [26360] <f+++++++++ v1/images/kontakt/header-back.gif
2016/09/28 22:54:35 [26360] <f+++++++++ v1/images/kontakt/ie6.png
2016/09/28 22:54:35 [26360] <f+++++++++ v1/images/kontakt/input-back.png
2016/09/28 22:54:35 [26360] <f+++++++++ v1/images/kontakt/textarea.png
2016/09/28 22:54:35 [26360] <f+++++++++ v1/images/kontakt/top-background.png
2016/09/28 22:54:35 [26360] cd+++++++++ v1/images/lang/
2016/09/28 22:54:35 [26360] <f+++++++++ v1/images/lang/de.png
2016/09/28 22:54:35 [26360] <f+++++++++ v1/images/lang/hr.png
2016/09/28 22:54:35 [26360] <f+++++++++ v1/images/lang/us.png
2016/09/28 22:54:35 [26360] cd+++++++++ v1/images/networks/
2016/09/28 22:54:35 [26360] <f+++++++++ v1/images/networks/facebook.png
2016/09/28 22:54:35 [26360] <f+++++++++ v1/images/networks/flickr.png
2016/09/28 22:54:35 [26360] <f+++++++++ v1/images/networks/linkedin.png
2016/09/28 22:54:35 [26360] <f+++++++++ v1/images/networks/twitter.png
2016/09/28 22:54:35 [26360] <f+++++++++ v1/images/networks/twitter1.png
2016/09/28 22:54:35 [26360] <f+++++++++ v1/images/networks/vanja.png
2016/09/28 22:54:35 [26360] <f+++++++++ v1/images/networks/youtube.png
2016/09/28 22:54:35 [26360] <f+++++++++ v1/images/networks/youtube2.png
2016/09/28 22:54:35 [26360] cd+++++++++ v1/images/photographer/
2016/09/28 22:54:43 [26360] <f+++++++++ v1/images/photographer/autumn-in-zrinjevac-park.jpg
2016/09/28 22:54:48 [26360] <f+++++++++ v1/images/photographer/autumn-in-zrinjevac.jpg
2016/09/28 22:54:50 [26360] <f+++++++++ v1/images/photographer/bokeh-spitting-can.jpg
2016/09/28 22:54:53 [26360] <f+++++++++ v1/images/photographer/busy-bee.jpg
2016/09/28 22:54:56 [26360] <f+++++++++ v1/images/photographer/coming-down-on-me.jpg
2016/09/28 22:54:59 [26360] <f+++++++++ v1/images/photographer/flowers.jpg
2016/09/28 22:55:00 [26360] <f+++++++++ v1/images/photographer/free-your-mind.jpg
2016/09/28 22:55:05 [26360] <f+++++++++ v1/images/photographer/jelacic-square.jpg
2016/09/28 22:55:06 [26360] <f+++++++++ v1/images/photographer/macro-bug.jpg
2016/09/28 22:55:09 [26360] <f+++++++++ v1/images/photographer/panning-tram.jpg
2016/09/28 22:55:10 [26360] <f+++++++++ v1/images/photographer/pick-a-boo-cat.jpg
2016/09/28 22:55:15 [26360] <f+++++++++ v1/images/photographer/zagreb-by-night.jpg
2016/09/28 22:55:15 [26360] cd+++++++++ v1/images/photographer/thumbs/
2016/09/28 22:55:15 [26360] <f+++++++++ v1/images/photographer/thumbs/Jelacic-square.jpg
2016/09/28 22:55:15 [26360] <f+++++++++ v1/images/photographer/thumbs/autumn-in-zrinjevac-park.jpg
2016/09/28 22:55:15 [26360] <f+++++++++ v1/images/photographer/thumbs/autumn-in-zrinjevac.jpg
2016/09/28 22:55:15 [26360] <f+++++++++ v1/images/photographer/thumbs/bokeh-spitting-can.jpg
2016/09/28 22:55:15 [26360] <f+++++++++ v1/images/photographer/thumbs/busy-bee.jpg
2016/09/28 22:55:15 [26360] <f+++++++++ v1/images/photographer/thumbs/coming-down-on-me.jpg
2016/09/28 22:55:15 [26360] <f+++++++++ v1/images/photographer/thumbs/flowers.jpg
2016/09/28 22:55:15 [26360] <f+++++++++ v1/images/photographer/thumbs/free-your-mind.jpg
2016/09/28 22:55:15 [26360] <f+++++++++ v1/images/photographer/thumbs/macro-bug.jpg
2016/09/28 22:55:15 [26360] <f+++++++++ v1/images/photographer/thumbs/panning-tram.jpg
2016/09/28 22:55:15 [26360] <f+++++++++ v1/images/photographer/thumbs/pick-a-boo-cat.jpg
2016/09/28 22:55:15 [26360] <f+++++++++ v1/images/photographer/thumbs/zagreb-by-night.jpg
2016/09/28 22:55:15 [26360] cd+++++++++ v1/images/writer/
2016/09/28 22:55:16 [26360] <f+++++++++ v1/images/writer/alcatel.jpg
2016/09/28 22:55:19 [26360] <f+++++++++ v1/images/writer/iphone.jpg
2016/09/28 22:55:20 [26360] <f+++++++++ v1/images/writer/motorola.jpg
2016/09/28 22:55:22 [26360] <f+++++++++ v1/images/writer/ms.jpg
2016/09/28 22:55:24 [26360] <f+++++++++ v1/images/writer/nokia.jpg
2016/09/28 22:55:26 [26360] <f+++++++++ v1/images/writer/stungun.jpg
2016/09/28 22:55:28 [26360] <f+++++++++ v1/images/writer/treo.jpg
2016/09/28 22:55:29 [26360] <f+++++++++ v1/images/writer/usa.jpg
2016/09/28 22:55:29 [26360] cd+++++++++ v1/images/writer/thumbs/
2016/09/28 22:55:29 [26360] <f+++++++++ v1/images/writer/thumbs/alcatel.jpg
2016/09/28 22:55:29 [26360] <f+++++++++ v1/images/writer/thumbs/iphone.jpg
2016/09/28 22:55:29 [26360] <f+++++++++ v1/images/writer/thumbs/motorola.jpg
2016/09/28 22:55:29 [26360] <f+++++++++ v1/images/writer/thumbs/ms.jpg
2016/09/28 22:55:29 [26360] <f+++++++++ v1/images/writer/thumbs/nokia.jpg
2016/09/28 22:55:29 [26360] <f+++++++++ v1/images/writer/thumbs/stungun.jpg
2016/09/28 22:55:29 [26360] <f+++++++++ v1/images/writer/thumbs/treo.jpg
2016/09/28 22:55:29 [26360] <f+++++++++ v1/images/writer/thumbs/usa.jpg
2016/09/28 22:55:29 [26360] cd+++++++++ v1/ip2c/
2016/09/28 22:55:29 [26360] <f+++++++++ v1/ip2c/install.txt
2016/09/28 22:55:29 [26360] <f+++++++++ v1/ip2c/ip2country.php
2016/09/28 22:55:29 [26360] <f+++++++++ v1/ip2c/ip2country.php4.php
2016/09/28 22:55:29 [26360] <f+++++++++ v1/ip2c/ip2country.php5.php
2016/09/28 22:55:29 [26360] <f+++++++++ v1/ip2c/license.txt
2016/09/28 22:55:29 [26360] <f+++++++++ v1/ip2c/readme.txt
2016/09/28 22:55:29 [26360] <f+++++++++ v1/ip2c/update.txt
2016/09/28 22:55:29 [26360] cd+++++++++ v1/js/
2016/09/28 22:55:29 [26360] <f+++++++++ v1/js/_animation.js
2016/09/28 22:55:29 [26360] <f+++++++++ v1/js/animation.js
2016/09/28 22:55:29 [26360] <f+++++++++ v1/js/form-full.js
2016/09/28 22:55:29 [26360] <f+++++++++ v1/js/form-pack.js
2016/09/28 22:55:29 [26360] <f+++++++++ v1/js/form-pack_.js
2016/09/28 22:55:29 [26360] <f+++++++++ v1/js/general.js
2016/09/28 22:55:29 [26360] <f+++++++++ v1/js/jflickrfeed.min.js
2016/09/28 22:55:31 [26360] <f+++++++++ v1/js/jquery-1.4.min.js
2016/09/28 22:55:31 [26360] <f+++++++++ v1/js/jquery.ba-hashchange.min.js
2016/09/28 22:55:31 [26360] <f+++++++++ v1/js/jquery.fancybox-1.3.4.js
2016/09/28 22:55:31 [26360] cd+++++++++ v1/js/staro/
2016/09/28 22:55:31 [26360] <f+++++++++ v1/js/staro/anim.js
2016/09/28 22:55:31 [26360] <f+++++++++ v1/js/staro/animacija-full-copy.js
2016/09/28 22:55:31 [26360] <f+++++++++ v1/js/staro/animacija-pack-en.js
2016/09/28 22:55:31 [26360] <f+++++++++ v1/js/staro/animacija-pack-hr.js
2016/09/28 22:55:31 [26360] <f+++++++++ v1/js/staro/form-pack-en.js
2016/09/28 22:55:31 [26360] <f+++++++++ v1/js/staro/index.php
2016/09/28 22:55:31 [26360] <f+++++++++ v1/js/staro/jcarousellite_1.0.1.js
2016/09/28 22:55:31 [26360] <f+++++++++ v1/js/staro/jquery-1.2.6.js
2016/09/28 22:55:31 [26360] <f+++++++++ v1/js/staro/jquery-1.2.6.min.js
2016/09/28 22:55:31 [26360] <f+++++++++ v1/js/staro/jquery.actual.min.js
2016/09/28 22:55:31 [26360] <f+++++++++ v1/js/staro/jquery.fancybox-1.3.4.pack.js
2016/09/28 22:55:31 [26360] <f+++++++++ v1/js/staro/jquery.form.js
2016/09/28 22:55:31 [26360] <f+++++++++ v1/js/staro/jquery.localscroll.js
2016/09/28 22:55:31 [26360] <f+++++++++ v1/js/staro/jquery.scrollTo.js
2016/09/28 22:55:31 [26360] <f+++++++++ v1/js/staro/phrases.js.php
2016/09/28 22:55:31 [26360] <f+++++++++ v1/js/staro/preloadCssImages.jQuery_v5.js
2016/09/28 22:55:31 [26360] <f+++++++++ v1/js/staro/pushup.js
2016/09/28 22:55:31 [26360] <f+++++++++ v1/js/staro/runonload.js
2016/09/28 22:55:31 [26360] <f+++++++++ v1/js/staro/twitter-1.13.1.js
2016/09/28 22:55:31 [26360] <f+++++++++ v1/js/staro/twitter-1.13.1.min.js
2016/09/28 22:55:31 [26360] cd+++++++++ v1/languages/
2016/09/28 22:55:31 [26360] <f+++++++++ v1/languages/__en.lng
2016/09/28 22:55:31 [26360] <f+++++++++ v1/languages/__hr.lng
2016/09/28 22:55:31 [26360] <f+++++++++ v1/languages/_hr.lng
2016/09/28 22:55:31 [26360] <f+++++++++ v1/languages/en.lng
2016/09/28 22:55:31 [26360] <f+++++++++ v1/languages/hr.lng
2016/09/28 22:55:58 [26360] sent 23348835 bytes  received 7554 bytes  total size 25990275
