2017/11/24 17:22:12 [11066] rsync error: received SIGINT, SIGTERM, or SIGHUP (code 20) at rsync.c(636) [sender=3.1.2]
2017/11/24 17:28:33 [12067] rsync: connection unexpectedly closed (0 bytes received so far) [sender]
2017/11/24 17:28:33 [12067] rsync error: unexplained error (code 255) at io.c(226) [sender=3.1.2]
2017/11/24 17:34:49 [12769] rsync: connection unexpectedly closed (0 bytes received so far) [sender]
2017/11/24 17:34:49 [12769] rsync error: error in rsync protocol data stream (code 12) at io.c(226) [sender=3.1.2]
2017/11/24 17:38:36 [13033] rsync: connection unexpectedly closed (0 bytes received so far) [sender]
2017/11/24 17:38:36 [13033] rsync error: unexplained error (code 255) at io.c(226) [sender=3.1.2]
2017/11/24 17:38:57 [13083] rsync: connection unexpectedly closed (0 bytes received so far) [sender]
2017/11/24 17:38:57 [13083] rsync error: error in rsync protocol data stream (code 12) at io.c(226) [sender=3.1.2]
2017/11/24 17:47:09 [13780] rsync: --delete does not work without --recursive (-r) or --dirs (-d).
2017/11/24 17:47:09 [13780] rsync error: syntax or usage error (code 1) at main.c(1567) [client=3.1.2]
2017/11/24 17:47:34 [13834] building file list
2017/11/24 17:47:34 [13834] <f+++++++++ .htaccess
2017/11/24 17:47:34 [13834] <f+++++++++ 404.html
2017/11/24 17:47:34 [13834] <f+++++++++ apple-touch-icon.png
2017/11/24 17:47:34 [13834] <f+++++++++ crossdomain.xml
2017/11/24 17:47:34 [13834] <f+++++++++ favicon.ico
2017/11/24 17:47:34 [13834] <f+++++++++ favicon.png
2017/11/24 17:47:34 [13834] <f+++++++++ humans.txt
2017/11/24 17:47:34 [13834] <f+++++++++ index.html
2017/11/24 17:47:34 [13834] <f+++++++++ playground.html
2017/11/24 17:47:34 [13834] <f+++++++++ robots.txt
2017/11/24 17:47:34 [13834] <f+++++++++ sitemap.xml
2017/11/24 17:47:34 [13834] cd+++++++++ assets/
2017/11/24 17:47:34 [13834] cd+++++++++ assets/css/
2017/11/24 17:47:34 [13834] <f+++++++++ assets/css/main.css
2017/11/24 17:47:34 [13834] cd+++++++++ assets/downloads/
2017/11/24 17:47:34 [13834] cd+++++++++ assets/downloads/pdf/
2017/11/24 17:47:34 [13834] <f+++++++++ assets/downloads/pdf/36, telme, 03-2003.pdf
2017/11/24 17:47:34 [13834] <f+++++++++ assets/downloads/pdf/mobil-35-motorola.pdf
2017/11/24 17:47:34 [13834] <f+++++++++ assets/downloads/pdf/mobil-37-microsoft.pdf
2017/11/24 17:47:34 [13834] <f+++++++++ assets/downloads/pdf/mobil-37-stungun.pdf
2017/11/24 17:47:37 [13834] <f+++++++++ assets/downloads/pdf/mobil-40-41-alcatel.pdf
2017/11/24 17:47:38 [13834] <f+++++++++ assets/downloads/pdf/mobil-40-41-treo.pdf
2017/11/24 17:47:40 [13834] <f+++++++++ assets/downloads/pdf/mobil-75-usa.pdf
2017/11/24 17:47:41 [13834] <f+++++++++ assets/downloads/pdf/mobil-92-iphone.pdf
2017/11/24 17:47:42 [13834] <f+++++++++ assets/downloads/pdf/mreza-nokia.pdf
2017/11/24 17:47:42 [13834] cd+++++++++ assets/fonts/
2017/11/24 17:47:42 [13834] <f+++++++++ assets/fonts/OpenSans-Light-webfont.eot
2017/11/24 17:47:42 [13834] <f+++++++++ assets/fonts/OpenSans-Light-webfont.svg
2017/11/24 17:47:42 [13834] <f+++++++++ assets/fonts/OpenSans-Light-webfont.ttf
2017/11/24 17:47:42 [13834] <f+++++++++ assets/fonts/OpenSans-Light-webfont.woff
2017/11/24 17:47:42 [13834] <f+++++++++ assets/fonts/OpenSans-Regular-webfont.eot
2017/11/24 17:47:42 [13834] <f+++++++++ assets/fonts/OpenSans-Regular-webfont.svg
2017/11/24 17:47:42 [13834] <f+++++++++ assets/fonts/OpenSans-Regular-webfont.ttf
2017/11/24 17:47:42 [13834] <f+++++++++ assets/fonts/OpenSans-Regular-webfont.woff
2017/11/24 17:47:42 [13834] <f+++++++++ assets/fonts/iconfont.eot
2017/11/24 17:47:42 [13834] <f+++++++++ assets/fonts/iconfont.svg
2017/11/24 17:47:42 [13834] <f+++++++++ assets/fonts/iconfont.ttf
2017/11/24 17:47:42 [13834] <f+++++++++ assets/fonts/iconfont.woff
2017/11/24 17:47:42 [13834] <f+++++++++ assets/fonts/iconfont.woff2
2017/11/24 17:47:42 [13834] cd+++++++++ assets/fonts/lato/
2017/11/24 17:47:42 [13834] <f+++++++++ assets/fonts/lato/lato-lig-webfont.eot
2017/11/24 17:47:42 [13834] <f+++++++++ assets/fonts/lato/lato-lig-webfont.ttf
2017/11/24 17:47:42 [13834] <f+++++++++ assets/fonts/lato/lato-lig-webfont.woff
2017/11/24 17:47:42 [13834] <f+++++++++ assets/fonts/lato/lato-reg-webfont.eot
2017/11/24 17:47:42 [13834] <f+++++++++ assets/fonts/lato/lato-reg-webfont.ttf
2017/11/24 17:47:42 [13834] <f+++++++++ assets/fonts/lato/lato-reg-webfont.woff
2017/11/24 17:47:42 [13834] cd+++++++++ assets/images/
2017/11/24 17:47:42 [13834] <f+++++++++ assets/images/bg.jpg
2017/11/24 17:47:42 [13834] <f+++++++++ assets/images/bg.webp
2017/11/24 17:47:42 [13834] <f+++++++++ assets/images/pixel.gif
2017/11/24 17:47:42 [13834] <f+++++++++ assets/images/profile.jpg
2017/11/24 17:47:42 [13834] <f+++++++++ assets/images/profile.webp
2017/11/24 17:47:42 [13834] <f+++++++++ assets/images/profile@2x.jpg
2017/11/24 17:47:42 [13834] <f+++++++++ assets/images/profile@2x.webp
2017/11/24 17:47:42 [13834] cd+++++++++ assets/images/articles/
2017/11/24 17:47:42 [13834] <f+++++++++ assets/images/articles/alcatel.jpg
2017/11/24 17:47:42 [13834] <f+++++++++ assets/images/articles/alcatel.webp
2017/11/24 17:47:42 [13834] <f+++++++++ assets/images/articles/iphone.jpg
2017/11/24 17:47:42 [13834] <f+++++++++ assets/images/articles/iphone.webp
2017/11/24 17:47:42 [13834] <f+++++++++ assets/images/articles/motorola.jpg
2017/11/24 17:47:42 [13834] <f+++++++++ assets/images/articles/motorola.webp
2017/11/24 17:47:42 [13834] <f+++++++++ assets/images/articles/ms.jpg
2017/11/24 17:47:42 [13834] <f+++++++++ assets/images/articles/ms.webp
2017/11/24 17:47:42 [13834] <f+++++++++ assets/images/articles/nokia.jpg
2017/11/24 17:47:42 [13834] <f+++++++++ assets/images/articles/nokia.webp
2017/11/24 17:47:42 [13834] <f+++++++++ assets/images/articles/stungun.jpg
2017/11/24 17:47:42 [13834] <f+++++++++ assets/images/articles/stungun.webp
2017/11/24 17:47:42 [13834] <f+++++++++ assets/images/articles/treo.jpg
2017/11/24 17:47:42 [13834] <f+++++++++ assets/images/articles/treo.webp
2017/11/24 17:47:42 [13834] <f+++++++++ assets/images/articles/usa.jpg
2017/11/24 17:47:42 [13834] <f+++++++++ assets/images/articles/usa.webp
2017/11/24 17:47:42 [13834] cd+++++++++ assets/images/photos/
2017/11/24 17:47:43 [13834] <f+++++++++ assets/images/photos/adriatic-sea.jpg
2017/11/24 17:47:43 [13834] <f+++++++++ assets/images/photos/adriatic-sea.webp
2017/11/24 17:47:43 [13834] <f+++++++++ assets/images/photos/autumn-in-zrinjevac.jpg
2017/11/24 17:47:43 [13834] <f+++++++++ assets/images/photos/autumn-in-zrinjevac.webp
2017/11/24 17:47:43 [13834] <f+++++++++ assets/images/photos/big-ben.jpg
2017/11/24 17:47:43 [13834] <f+++++++++ assets/images/photos/big-ben.webp
2017/11/24 17:47:43 [13834] <f+++++++++ assets/images/photos/cat.jpg
2017/11/24 17:47:43 [13834] <f+++++++++ assets/images/photos/cat.webp
2017/11/24 17:47:43 [13834] <f+++++++++ assets/images/photos/dijana.jpg
2017/11/24 17:47:43 [13834] <f+++++++++ assets/images/photos/dijana.webp
2017/11/24 17:47:44 [13834] <f+++++++++ assets/images/photos/double-rainbow-in-paris.jpg
2017/11/24 17:47:44 [13834] <f+++++++++ assets/images/photos/double-rainbow-in-paris.webp
2017/11/24 17:47:44 [13834] <f+++++++++ assets/images/photos/flowers.jpg
2017/11/24 17:47:44 [13834] <f+++++++++ assets/images/photos/flowers.webp
2017/11/24 17:47:44 [13834] <f+++++++++ assets/images/photos/hana.jpg
2017/11/24 17:47:44 [13834] <f+++++++++ assets/images/photos/hana.webp
2017/11/24 17:47:45 [13834] <f+++++++++ assets/images/photos/paris-sunset.jpg
2017/11/24 17:47:45 [13834] <f+++++++++ assets/images/photos/paris-sunset.webp
2017/11/24 17:47:45 [13834] <f+++++++++ assets/images/photos/stuck-in-traffic.jpg
2017/11/24 17:47:45 [13834] <f+++++++++ assets/images/photos/stuck-in-traffic.webp
2017/11/24 17:47:45 [13834] <f+++++++++ assets/images/photos/tower-bridge.jpg
2017/11/24 17:47:45 [13834] <f+++++++++ assets/images/photos/tower-bridge.webp
2017/11/24 17:47:45 [13834] cd+++++++++ assets/js/
2017/11/24 17:47:45 [13834] <f+++++++++ assets/js/all.js
2017/11/24 17:47:45 [13834] cd+++++++++ assets/js/vendor/
2017/11/24 17:47:45 [13834] cd+++++++++ assets/other/
2017/11/24 17:47:45 [13834] cd+++++++++ assets/videos/
2017/11/24 17:47:45 [13834] cd+++++++++ playground/
2017/11/24 17:47:45 [13834] cd+++++++++ playground/hexclock/
2017/11/24 17:47:45 [13834] <f+++++++++ playground/hexclock/config.rb
2017/11/24 17:47:45 [13834] <f+++++++++ playground/hexclock/index.html
2017/11/24 17:47:45 [13834] cd+++++++++ playground/hexclock/assets/
2017/11/24 17:47:45 [13834] cd+++++++++ playground/hexclock/assets/fonts/
2017/11/24 17:47:45 [13834] <f+++++++++ playground/hexclock/assets/fonts/lato-lig-webfont.eot
2017/11/24 17:47:45 [13834] <f+++++++++ playground/hexclock/assets/fonts/lato-lig-webfont.svg
2017/11/24 17:47:45 [13834] <f+++++++++ playground/hexclock/assets/fonts/lato-lig-webfont.ttf
2017/11/24 17:47:45 [13834] <f+++++++++ playground/hexclock/assets/fonts/lato-lig-webfont.woff
2017/11/24 17:47:45 [13834] <f+++++++++ playground/hexclock/assets/fonts/lato-reg-webfont.eot
2017/11/24 17:47:45 [13834] <f+++++++++ playground/hexclock/assets/fonts/lato-reg-webfont.svg
2017/11/24 17:47:45 [13834] <f+++++++++ playground/hexclock/assets/fonts/lato-reg-webfont.ttf
2017/11/24 17:47:45 [13834] <f+++++++++ playground/hexclock/assets/fonts/lato-reg-webfont.woff
2017/11/24 17:47:45 [13834] cd+++++++++ playground/hexclock/css/
2017/11/24 17:47:45 [13834] <f+++++++++ playground/hexclock/css/screen.css
2017/11/24 17:47:45 [13834] cd+++++++++ playground/hexclock/css/sass/
2017/11/24 17:47:45 [13834] <f+++++++++ playground/hexclock/css/sass/screen.scss
2017/11/24 17:47:45 [13834] cd+++++++++ playground/poof/
2017/11/24 17:47:45 [13834] <f+++++++++ playground/poof/LICENSE.txt
2017/11/24 17:47:45 [13834] <f+++++++++ playground/poof/README.md
2017/11/24 17:47:45 [13834] <f+++++++++ playground/poof/config.rb
2017/11/24 17:47:45 [13834] <f+++++++++ playground/poof/index.html
2017/11/24 17:47:45 [13834] <f+++++++++ playground/poof/poof.js
2017/11/24 17:47:45 [13834] <f+++++++++ playground/poof/poof.min.js
2017/11/24 17:47:45 [13834] cd+++++++++ playground/poof/css/
2017/11/24 17:47:45 [13834] <f+++++++++ playground/poof/css/main.css
2017/11/24 17:47:45 [13834] cd+++++++++ playground/poof/css/scss/
2017/11/24 17:47:45 [13834] <f+++++++++ playground/poof/css/scss/_normalize.scss
2017/11/24 17:47:45 [13834] <f+++++++++ playground/poof/css/scss/main.scss
2017/11/24 17:47:45 [13834] cd+++++++++ playground/poof/images/
2017/11/24 17:47:45 [13834] <f+++++++++ playground/poof/images/poof-48.png
2017/11/24 17:47:45 [13834] cd+++++++++ playground/social-connections-backbone/
2017/11/24 17:47:45 [13834] <f+++++++++ playground/social-connections-backbone/README.md
2017/11/24 17:47:45 [13834] <f+++++++++ playground/social-connections-backbone/config.rb
2017/11/24 17:47:45 [13834] <f+++++++++ playground/social-connections-backbone/index.html
2017/11/24 17:47:45 [13834] cd+++++++++ playground/social-connections-backbone/assets/
2017/11/24 17:47:45 [13834] cd+++++++++ playground/social-connections-backbone/assets/fonts/
2017/11/24 17:47:45 [13834] <f+++++++++ playground/social-connections-backbone/assets/fonts/lato-lig-webfont.eot
2017/11/24 17:47:45 [13834] <f+++++++++ playground/social-connections-backbone/assets/fonts/lato-lig-webfont.svg
2017/11/24 17:47:45 [13834] <f+++++++++ playground/social-connections-backbone/assets/fonts/lato-lig-webfont.ttf
2017/11/24 17:47:45 [13834] <f+++++++++ playground/social-connections-backbone/assets/fonts/lato-lig-webfont.woff
2017/11/24 17:47:45 [13834] <f+++++++++ playground/social-connections-backbone/assets/fonts/lato-reg-webfont.eot
2017/11/24 17:47:45 [13834] <f+++++++++ playground/social-connections-backbone/assets/fonts/lato-reg-webfont.svg
2017/11/24 17:47:45 [13834] <f+++++++++ playground/social-connections-backbone/assets/fonts/lato-reg-webfont.ttf
2017/11/24 17:47:45 [13834] <f+++++++++ playground/social-connections-backbone/assets/fonts/lato-reg-webfont.woff
2017/11/24 17:47:45 [13834] cd+++++++++ playground/social-connections-backbone/css/
2017/11/24 17:47:45 [13834] <f+++++++++ playground/social-connections-backbone/css/screen.css
2017/11/24 17:47:45 [13834] cd+++++++++ playground/social-connections-backbone/css/sass/
2017/11/24 17:47:45 [13834] <f+++++++++ playground/social-connections-backbone/css/sass/screen.scss
2017/11/24 17:47:45 [13834] cd+++++++++ playground/social-connections-backbone/js/
2017/11/24 17:47:45 [13834] <f+++++++++ playground/social-connections-backbone/js/app.js
2017/11/24 17:47:45 [13834] <f+++++++++ playground/social-connections-backbone/js/data.js
2017/11/24 17:47:45 [13834] cd+++++++++ playground/social-connections-backbone/js/lib/
2017/11/24 17:47:45 [13834] cd+++++++++ playground/social-connections-backbone/js/lib/vendor/
2017/11/24 17:47:45 [13834] <f+++++++++ playground/social-connections-backbone/js/lib/vendor/backbone.js
2017/11/24 17:47:45 [13834] <f+++++++++ playground/social-connections-backbone/js/lib/vendor/jquery.js
2017/11/24 17:47:45 [13834] <f+++++++++ playground/social-connections-backbone/js/lib/vendor/underscore.js
2017/11/24 17:47:45 [13834] cd+++++++++ playground/turn-off-tv/
2017/11/24 17:47:45 [13834] <f+++++++++ playground/turn-off-tv/index.html
2017/11/24 17:47:45 [13834] <f+++++++++ playground/turn-off-tv/jquery.turn-off-tv.min.js
2017/11/24 17:47:45 [13834] <f+++++++++ playground/turn-off-tv/turn-off-tv.css
2017/11/24 17:47:45 [13834] cd+++++++++ playground/turn-off-tv/lib/
2017/11/24 17:47:45 [13834] <f+++++++++ playground/turn-off-tv/lib/jquery-1.10.2.min.js
2017/11/24 17:47:47 [13834] sent 9027746 bytes  received 2687 bytes  total size 10260906
2017/11/26 02:03:02 [92183] building file list
2017/11/26 02:03:03 [92183] <f+++++++++ .htaccess
2017/11/26 02:03:03 [92183] <f+++++++++ 404.html
2017/11/26 02:03:03 [92183] <f+++++++++ apple-touch-icon.png
2017/11/26 02:03:03 [92183] <f+++++++++ crossdomain.xml
2017/11/26 02:03:03 [92183] <f+++++++++ favicon.ico
2017/11/26 02:03:03 [92183] <f+++++++++ favicon.png
2017/11/26 02:03:03 [92183] <f+++++++++ humans.txt
2017/11/26 02:03:03 [92183] <f+++++++++ index.html
2017/11/26 02:03:03 [92183] <f+++++++++ playground.html
2017/11/26 02:03:03 [92183] <f+++++++++ robots.txt
2017/11/26 02:03:03 [92183] <f+++++++++ sitemap.xml
2017/11/26 02:03:03 [92183] cd+++++++++ assets/
2017/11/26 02:03:03 [92183] cd+++++++++ assets/css/
2017/11/26 02:03:03 [92183] <f+++++++++ assets/css/main.css
2017/11/26 02:03:03 [92183] cd+++++++++ assets/downloads/
2017/11/26 02:03:03 [92183] cd+++++++++ assets/downloads/pdf/
2017/11/26 02:03:03 [92183] <f+++++++++ assets/downloads/pdf/36, telme, 03-2003.pdf
2017/11/26 02:03:03 [92183] <f+++++++++ assets/downloads/pdf/mobil-35-motorola.pdf
2017/11/26 02:03:03 [92183] <f+++++++++ assets/downloads/pdf/mobil-37-microsoft.pdf
2017/11/26 02:03:03 [92183] <f+++++++++ assets/downloads/pdf/mobil-37-stungun.pdf
2017/11/26 02:03:18 [92183] <f+++++++++ assets/downloads/pdf/mobil-40-41-alcatel.pdf
2017/11/26 02:03:31 [92183] <f+++++++++ assets/downloads/pdf/mobil-40-41-treo.pdf
2017/11/26 02:04:18 [92183] <f+++++++++ assets/downloads/pdf/mobil-75-usa.pdf
2017/11/26 02:05:22 [92183] <f+++++++++ assets/downloads/pdf/mobil-92-iphone.pdf
2017/11/26 02:05:55 [92183] <f+++++++++ assets/downloads/pdf/mreza-nokia.pdf
2017/11/26 02:05:55 [92183] cd+++++++++ assets/fonts/
2017/11/26 02:05:55 [92183] <f+++++++++ assets/fonts/OpenSans-Light-webfont.eot
2017/11/26 02:05:55 [92183] <f+++++++++ assets/fonts/OpenSans-Light-webfont.svg
2017/11/26 02:05:55 [92183] <f+++++++++ assets/fonts/OpenSans-Light-webfont.ttf
2017/11/26 02:05:55 [92183] <f+++++++++ assets/fonts/OpenSans-Light-webfont.woff
2017/11/26 02:05:55 [92183] <f+++++++++ assets/fonts/OpenSans-Regular-webfont.eot
2017/11/26 02:05:55 [92183] <f+++++++++ assets/fonts/OpenSans-Regular-webfont.svg
2017/11/26 02:06:01 [92183] <f+++++++++ assets/fonts/OpenSans-Regular-webfont.ttf
2017/11/26 02:06:01 [92183] <f+++++++++ assets/fonts/OpenSans-Regular-webfont.woff
2017/11/26 02:06:01 [92183] <f+++++++++ assets/fonts/iconfont.eot
2017/11/26 02:06:01 [92183] <f+++++++++ assets/fonts/iconfont.svg
2017/11/26 02:06:01 [92183] <f+++++++++ assets/fonts/iconfont.ttf
2017/11/26 02:06:01 [92183] <f+++++++++ assets/fonts/iconfont.woff
2017/11/26 02:06:01 [92183] <f+++++++++ assets/fonts/iconfont.woff2
2017/11/26 02:06:01 [92183] cd+++++++++ assets/fonts/lato/
2017/11/26 02:06:01 [92183] <f+++++++++ assets/fonts/lato/lato-lig-webfont.eot
2017/11/26 02:06:01 [92183] <f+++++++++ assets/fonts/lato/lato-lig-webfont.ttf
2017/11/26 02:06:01 [92183] <f+++++++++ assets/fonts/lato/lato-lig-webfont.woff
2017/11/26 02:06:07 [92183] <f+++++++++ assets/fonts/lato/lato-reg-webfont.eot
2017/11/26 02:06:07 [92183] <f+++++++++ assets/fonts/lato/lato-reg-webfont.ttf
2017/11/26 02:06:07 [92183] <f+++++++++ assets/fonts/lato/lato-reg-webfont.woff
2017/11/26 02:06:07 [92183] cd+++++++++ assets/images/
2017/11/26 02:06:07 [92183] <f+++++++++ assets/images/bg.jpg
2017/11/26 02:06:07 [92183] <f+++++++++ assets/images/bg.webp
2017/11/26 02:06:14 [92183] <f+++++++++ assets/images/logo.png
2017/11/26 02:06:14 [92183] <f+++++++++ assets/images/logo.webp
2017/11/26 02:06:14 [92183] <f+++++++++ assets/images/pixel.gif
2017/11/26 02:06:14 [92183] <f+++++++++ assets/images/profile.jpg
2017/11/26 02:06:14 [92183] <f+++++++++ assets/images/profile.webp
2017/11/26 02:06:14 [92183] <f+++++++++ assets/images/profile@2x.jpg
2017/11/26 02:06:14 [92183] <f+++++++++ assets/images/profile@2x.webp
2017/11/26 02:06:14 [92183] cd+++++++++ assets/images/articles/
2017/11/26 02:06:14 [92183] <f+++++++++ assets/images/articles/alcatel.jpg
2017/11/26 02:06:14 [92183] <f+++++++++ assets/images/articles/alcatel.webp
2017/11/26 02:06:14 [92183] <f+++++++++ assets/images/articles/iphone.jpg
2017/11/26 02:06:14 [92183] <f+++++++++ assets/images/articles/iphone.webp
2017/11/26 02:06:14 [92183] <f+++++++++ assets/images/articles/motorola.jpg
2017/11/26 02:06:14 [92183] <f+++++++++ assets/images/articles/motorola.webp
2017/11/26 02:06:14 [92183] <f+++++++++ assets/images/articles/ms.jpg
2017/11/26 02:06:14 [92183] <f+++++++++ assets/images/articles/ms.webp
2017/11/26 02:06:22 [92183] <f+++++++++ assets/images/articles/nokia.jpg
2017/11/26 02:06:22 [92183] <f+++++++++ assets/images/articles/nokia.webp
2017/11/26 02:06:22 [92183] <f+++++++++ assets/images/articles/stungun.jpg
2017/11/26 02:06:22 [92183] <f+++++++++ assets/images/articles/stungun.webp
2017/11/26 02:06:22 [92183] <f+++++++++ assets/images/articles/treo.jpg
2017/11/26 02:06:22 [92183] <f+++++++++ assets/images/articles/treo.webp
2017/11/26 02:06:22 [92183] <f+++++++++ assets/images/articles/usa.jpg
2017/11/26 02:06:22 [92183] <f+++++++++ assets/images/articles/usa.webp
2017/11/26 02:06:22 [92183] cd+++++++++ assets/images/photos/
2017/11/26 02:06:30 [92183] <f+++++++++ assets/images/photos/adriatic-sea.jpg
2017/11/26 02:06:30 [92183] <f+++++++++ assets/images/photos/adriatic-sea.webp
2017/11/26 02:06:57 [92183] <f+++++++++ assets/images/photos/autumn-in-zrinjevac.jpg
2017/11/26 02:07:05 [92183] <f+++++++++ assets/images/photos/autumn-in-zrinjevac.webp
2017/11/26 02:07:14 [92183] <f+++++++++ assets/images/photos/big-ben.jpg
2017/11/26 02:07:20 [92183] <f+++++++++ assets/images/photos/big-ben.webp
2017/11/26 02:07:29 [92183] <f+++++++++ assets/images/photos/cat.jpg
2017/11/26 02:07:29 [92183] <f+++++++++ assets/images/photos/cat.webp
2017/11/26 02:07:35 [92183] <f+++++++++ assets/images/photos/dijana.jpg
2017/11/26 02:07:35 [92183] <f+++++++++ assets/images/photos/dijana.webp
2017/11/26 02:07:53 [92183] <f+++++++++ assets/images/photos/double-rainbow-in-paris.jpg
2017/11/26 02:08:02 [92183] <f+++++++++ assets/images/photos/double-rainbow-in-paris.webp
2017/11/26 02:08:10 [92183] <f+++++++++ assets/images/photos/flowers.jpg
2017/11/26 02:08:10 [92183] <f+++++++++ assets/images/photos/flowers.webp
2017/11/26 02:08:36 [92183] <f+++++++++ assets/images/photos/hana.jpg
2017/11/26 02:08:54 [92183] <f+++++++++ assets/images/photos/hana.webp
2017/11/26 02:09:10 [92183] <f+++++++++ assets/images/photos/paris-sunset.jpg
2017/11/26 02:09:28 [92183] <f+++++++++ assets/images/photos/paris-sunset.webp
2017/11/26 02:09:42 [92183] <f+++++++++ assets/images/photos/stuck-in-traffic.jpg
2017/11/26 02:09:58 [92183] <f+++++++++ assets/images/photos/stuck-in-traffic.webp
2017/11/26 02:10:15 [92183] <f+++++++++ assets/images/photos/tower-bridge.jpg
2017/11/26 02:10:28 [92183] <f+++++++++ assets/images/photos/tower-bridge.webp
2017/11/26 02:10:28 [92183] cd+++++++++ assets/js/
2017/11/26 02:10:28 [92183] <f+++++++++ assets/js/all.js
2017/11/26 02:10:28 [92183] cd+++++++++ assets/js/vendor/
2017/11/26 02:10:28 [92183] cd+++++++++ assets/other/
2017/11/26 02:10:28 [92183] cd+++++++++ assets/videos/
2017/11/26 02:10:28 [92183] cd+++++++++ playground/
2017/11/26 02:10:28 [92183] cd+++++++++ playground/hexclock/
2017/11/26 02:10:28 [92183] <f+++++++++ playground/hexclock/config.rb
2017/11/26 02:10:28 [92183] <f+++++++++ playground/hexclock/index.html
2017/11/26 02:10:28 [92183] cd+++++++++ playground/hexclock/assets/
2017/11/26 02:10:28 [92183] cd+++++++++ playground/hexclock/assets/fonts/
2017/11/26 02:10:28 [92183] <f+++++++++ playground/hexclock/assets/fonts/lato-lig-webfont.eot
2017/11/26 02:10:28 [92183] <f+++++++++ playground/hexclock/assets/fonts/lato-lig-webfont.svg
2017/11/26 02:10:45 [92183] <f+++++++++ playground/hexclock/assets/fonts/lato-lig-webfont.ttf
2017/11/26 02:10:45 [92183] <f+++++++++ playground/hexclock/assets/fonts/lato-lig-webfont.woff
2017/11/26 02:10:45 [92183] <f+++++++++ playground/hexclock/assets/fonts/lato-reg-webfont.eot
2017/11/26 02:10:45 [92183] <f+++++++++ playground/hexclock/assets/fonts/lato-reg-webfont.svg
2017/11/26 02:10:45 [92183] <f+++++++++ playground/hexclock/assets/fonts/lato-reg-webfont.ttf
2017/11/26 02:10:53 [92183] <f+++++++++ playground/hexclock/assets/fonts/lato-reg-webfont.woff
2017/11/26 02:10:53 [92183] cd+++++++++ playground/hexclock/css/
2017/11/26 02:10:53 [92183] <f+++++++++ playground/hexclock/css/screen.css
2017/11/26 02:10:53 [92183] cd+++++++++ playground/hexclock/css/sass/
2017/11/26 02:10:53 [92183] <f+++++++++ playground/hexclock/css/sass/screen.scss
2017/11/26 02:10:53 [92183] cd+++++++++ playground/poof/
2017/11/26 02:10:53 [92183] <f+++++++++ playground/poof/LICENSE.txt
2017/11/26 02:10:53 [92183] <f+++++++++ playground/poof/README.md
2017/11/26 02:10:53 [92183] <f+++++++++ playground/poof/config.rb
2017/11/26 02:10:53 [92183] <f+++++++++ playground/poof/index.html
2017/11/26 02:10:53 [92183] <f+++++++++ playground/poof/poof.js
2017/11/26 02:10:53 [92183] <f+++++++++ playground/poof/poof.min.js
2017/11/26 02:10:53 [92183] cd+++++++++ playground/poof/css/
2017/11/26 02:10:53 [92183] <f+++++++++ playground/poof/css/main.css
2017/11/26 02:10:53 [92183] cd+++++++++ playground/poof/css/scss/
2017/11/26 02:10:53 [92183] <f+++++++++ playground/poof/css/scss/_normalize.scss
2017/11/26 02:10:53 [92183] <f+++++++++ playground/poof/css/scss/main.scss
2017/11/26 02:10:53 [92183] cd+++++++++ playground/poof/images/
2017/11/26 02:10:53 [92183] <f+++++++++ playground/poof/images/poof-48.png
2017/11/26 02:10:53 [92183] cd+++++++++ playground/social-connections-backbone/
2017/11/26 02:10:53 [92183] <f+++++++++ playground/social-connections-backbone/README.md
2017/11/26 02:10:53 [92183] <f+++++++++ playground/social-connections-backbone/config.rb
2017/11/26 02:10:53 [92183] <f+++++++++ playground/social-connections-backbone/index.html
2017/11/26 02:10:53 [92183] cd+++++++++ playground/social-connections-backbone/assets/
2017/11/26 02:10:53 [92183] cd+++++++++ playground/social-connections-backbone/assets/fonts/
2017/11/26 02:10:53 [92183] <f+++++++++ playground/social-connections-backbone/assets/fonts/lato-lig-webfont.eot
2017/11/26 02:10:53 [92183] <f+++++++++ playground/social-connections-backbone/assets/fonts/lato-lig-webfont.svg
2017/11/26 02:10:53 [92183] <f+++++++++ playground/social-connections-backbone/assets/fonts/lato-lig-webfont.ttf
2017/11/26 02:11:02 [92183] <f+++++++++ playground/social-connections-backbone/assets/fonts/lato-lig-webfont.woff
2017/11/26 02:11:02 [92183] <f+++++++++ playground/social-connections-backbone/assets/fonts/lato-reg-webfont.eot
2017/11/26 02:11:02 [92183] <f+++++++++ playground/social-connections-backbone/assets/fonts/lato-reg-webfont.svg
2017/11/26 02:11:02 [92183] <f+++++++++ playground/social-connections-backbone/assets/fonts/lato-reg-webfont.ttf
2017/11/26 02:11:02 [92183] <f+++++++++ playground/social-connections-backbone/assets/fonts/lato-reg-webfont.woff
2017/11/26 02:11:02 [92183] cd+++++++++ playground/social-connections-backbone/css/
2017/11/26 02:11:02 [92183] <f+++++++++ playground/social-connections-backbone/css/screen.css
2017/11/26 02:11:02 [92183] cd+++++++++ playground/social-connections-backbone/css/sass/
2017/11/26 02:11:02 [92183] <f+++++++++ playground/social-connections-backbone/css/sass/screen.scss
2017/11/26 02:11:02 [92183] cd+++++++++ playground/social-connections-backbone/js/
2017/11/26 02:11:02 [92183] <f+++++++++ playground/social-connections-backbone/js/app.js
2017/11/26 02:11:02 [92183] <f+++++++++ playground/social-connections-backbone/js/data.js
2017/11/26 02:11:02 [92183] cd+++++++++ playground/social-connections-backbone/js/lib/
2017/11/26 02:11:02 [92183] cd+++++++++ playground/social-connections-backbone/js/lib/vendor/
2017/11/26 02:11:14 [92183] <f+++++++++ playground/social-connections-backbone/js/lib/vendor/backbone.js
2017/11/26 02:11:14 [92183] <f+++++++++ playground/social-connections-backbone/js/lib/vendor/jquery.js
2017/11/26 02:11:14 [92183] <f+++++++++ playground/social-connections-backbone/js/lib/vendor/underscore.js
2017/11/26 02:11:14 [92183] cd+++++++++ playground/turn-off-tv/
2017/11/26 02:11:14 [92183] <f+++++++++ playground/turn-off-tv/index.html
2017/11/26 02:11:14 [92183] <f+++++++++ playground/turn-off-tv/jquery.turn-off-tv.min.js
2017/11/26 02:11:14 [92183] <f+++++++++ playground/turn-off-tv/turn-off-tv.css
2017/11/26 02:11:14 [92183] cd+++++++++ playground/turn-off-tv/lib/
2017/11/26 02:11:26 [92183] <f+++++++++ playground/turn-off-tv/lib/jquery-1.10.2.min.js
2017/11/26 02:14:12 [92183] rsync error: received SIGINT, SIGTERM, or SIGHUP (code 20) at rsync.c(636) [sender=3.1.2]
2017/11/26 02:15:07 [93004] building file list
2017/11/26 02:15:07 [93004] <f..T...... .htaccess
2017/11/26 02:15:07 [93004] <f..T...... 404.html
2017/11/26 02:15:07 [93004] <f..T...... apple-touch-icon.png
2017/11/26 02:15:07 [93004] <f..T...... crossdomain.xml
2017/11/26 02:15:07 [93004] <f..T...... favicon.ico
2017/11/26 02:15:07 [93004] <f..T...... favicon.png
2017/11/26 02:15:07 [93004] <f..T...... humans.txt
2017/11/26 02:15:07 [93004] <f..T...... index.html
2017/11/26 02:15:07 [93004] <f..T...... playground.html
2017/11/26 02:15:07 [93004] <f..T...... robots.txt
2017/11/26 02:15:07 [93004] <f..T...... sitemap.xml
2017/11/26 02:15:08 [93004] <f..T...... assets/css/main.css
2017/11/26 02:15:08 [93004] <f..T...... assets/downloads/pdf/36, telme, 03-2003.pdf
2017/11/26 02:15:08 [93004] <f..T...... assets/downloads/pdf/mobil-35-motorola.pdf
2017/11/26 02:15:08 [93004] <f..T...... assets/downloads/pdf/mobil-37-microsoft.pdf
2017/11/26 02:15:08 [93004] <f..T...... assets/downloads/pdf/mobil-37-stungun.pdf
2017/11/26 02:15:08 [93004] <f..T...... assets/downloads/pdf/mobil-40-41-alcatel.pdf
2017/11/26 02:15:08 [93004] <f..T...... assets/downloads/pdf/mobil-40-41-treo.pdf
2017/11/26 02:15:08 [93004] <f..T...... assets/downloads/pdf/mobil-75-usa.pdf
2017/11/26 02:15:08 [93004] <f..T...... assets/downloads/pdf/mobil-92-iphone.pdf
2017/11/26 02:15:08 [93004] <f..T...... assets/downloads/pdf/mreza-nokia.pdf
2017/11/26 02:15:08 [93004] <f..T...... assets/fonts/OpenSans-Light-webfont.eot
2017/11/26 02:15:08 [93004] <f..T...... assets/fonts/OpenSans-Light-webfont.svg
2017/11/26 02:15:08 [93004] <f..T...... assets/fonts/OpenSans-Light-webfont.ttf
2017/11/26 02:15:08 [93004] <f..T...... assets/fonts/OpenSans-Light-webfont.woff
2017/11/26 02:15:08 [93004] <f..T...... assets/fonts/OpenSans-Regular-webfont.eot
2017/11/26 02:15:08 [93004] <f..T...... assets/fonts/OpenSans-Regular-webfont.svg
2017/11/26 02:15:08 [93004] <f..T...... assets/fonts/OpenSans-Regular-webfont.ttf
2017/11/26 02:15:08 [93004] <f..T...... assets/fonts/OpenSans-Regular-webfont.woff
2017/11/26 02:15:08 [93004] <f..T...... assets/fonts/iconfont.eot
2017/11/26 02:15:08 [93004] <f..T...... assets/fonts/iconfont.svg
2017/11/26 02:15:08 [93004] <f..T...... assets/fonts/iconfont.ttf
2017/11/26 02:15:08 [93004] <f..T...... assets/fonts/iconfont.woff
2017/11/26 02:15:08 [93004] <f..T...... assets/fonts/iconfont.woff2
2017/11/26 02:15:08 [93004] <f..T...... assets/fonts/lato/lato-lig-webfont.eot
2017/11/26 02:15:08 [93004] <f..T...... assets/fonts/lato/lato-lig-webfont.ttf
2017/11/26 02:15:08 [93004] <f..T...... assets/fonts/lato/lato-lig-webfont.woff
2017/11/26 02:15:08 [93004] <f..T...... assets/fonts/lato/lato-reg-webfont.eot
2017/11/26 02:15:08 [93004] <f..T...... assets/fonts/lato/lato-reg-webfont.ttf
2017/11/26 02:15:08 [93004] <f..T...... assets/fonts/lato/lato-reg-webfont.woff
2017/11/26 02:15:08 [93004] <f..T...... assets/images/bg.jpg
2017/11/26 02:15:08 [93004] <f..T...... assets/images/bg.webp
2017/11/26 02:15:08 [93004] <f..T...... assets/images/logo.png
2017/11/26 02:15:08 [93004] <f..T...... assets/images/logo.webp
2017/11/26 02:15:08 [93004] <f..T...... assets/images/pixel.gif
2017/11/26 02:15:08 [93004] <f..T...... assets/images/profile.jpg
2017/11/26 02:15:08 [93004] <f..T...... assets/images/profile.webp
2017/11/26 02:15:08 [93004] <f..T...... assets/images/profile@2x.jpg
2017/11/26 02:15:08 [93004] <f..T...... assets/images/profile@2x.webp
2017/11/26 02:15:08 [93004] <f..T...... assets/images/articles/alcatel.jpg
2017/11/26 02:15:08 [93004] <f..T...... assets/images/articles/alcatel.webp
2017/11/26 02:15:08 [93004] <f..T...... assets/images/articles/iphone.jpg
2017/11/26 02:15:08 [93004] <f..T...... assets/images/articles/iphone.webp
2017/11/26 02:15:08 [93004] <f..T...... assets/images/articles/motorola.jpg
2017/11/26 02:15:08 [93004] <f..T...... assets/images/articles/motorola.webp
2017/11/26 02:15:08 [93004] <f..T...... assets/images/articles/ms.jpg
2017/11/26 02:15:08 [93004] <f..T...... assets/images/articles/ms.webp
2017/11/26 02:15:08 [93004] <f..T...... assets/images/articles/nokia.jpg
2017/11/26 02:15:08 [93004] <f..T...... assets/images/articles/nokia.webp
2017/11/26 02:15:08 [93004] <f..T...... assets/images/articles/stungun.jpg
2017/11/26 02:15:08 [93004] <f..T...... assets/images/articles/stungun.webp
2017/11/26 02:15:08 [93004] <f..T...... assets/images/articles/treo.jpg
2017/11/26 02:15:08 [93004] <f..T...... assets/images/articles/treo.webp
2017/11/26 02:15:08 [93004] <f..T...... assets/images/articles/usa.jpg
2017/11/26 02:15:08 [93004] <f..T...... assets/images/articles/usa.webp
2017/11/26 02:15:08 [93004] <f..T...... assets/images/photos/adriatic-sea.jpg
2017/11/26 02:15:08 [93004] <f..T...... assets/images/photos/adriatic-sea.webp
2017/11/26 02:15:08 [93004] <f..T...... assets/images/photos/autumn-in-zrinjevac.jpg
2017/11/26 02:15:08 [93004] <f..T...... assets/images/photos/autumn-in-zrinjevac.webp
2017/11/26 02:15:08 [93004] <f..T...... assets/images/photos/big-ben.jpg
2017/11/26 02:15:08 [93004] <f..T...... assets/images/photos/big-ben.webp
2017/11/26 02:15:08 [93004] <f..T...... assets/images/photos/cat.jpg
2017/11/26 02:15:08 [93004] <f..T...... assets/images/photos/cat.webp
2017/11/26 02:15:08 [93004] <f..T...... assets/images/photos/dijana.jpg
2017/11/26 02:15:08 [93004] <f..T...... assets/images/photos/dijana.webp
2017/11/26 02:15:08 [93004] <f..T...... assets/images/photos/double-rainbow-in-paris.jpg
2017/11/26 02:15:08 [93004] <f..T...... assets/images/photos/double-rainbow-in-paris.webp
2017/11/26 02:15:08 [93004] <f..T...... assets/images/photos/flowers.jpg
2017/11/26 02:15:08 [93004] <f..T...... assets/images/photos/flowers.webp
2017/11/26 02:15:08 [93004] <f..T...... assets/images/photos/hana.jpg
2017/11/26 02:15:08 [93004] <f..T...... assets/images/photos/hana.webp
2017/11/26 02:15:08 [93004] <f..T...... assets/images/photos/paris-sunset.jpg
2017/11/26 02:15:08 [93004] <f..T...... assets/images/photos/paris-sunset.webp
2017/11/26 02:15:08 [93004] *deleting   playground/poof/.LICENSE.txt.HandiI
2017/11/26 02:15:08 [93004] <f..T...... assets/images/photos/stuck-in-traffic.jpg
2017/11/26 02:15:08 [93004] <f..T...... assets/images/photos/stuck-in-traffic.webp
2017/11/26 02:15:08 [93004] <f..T...... assets/images/photos/tower-bridge.jpg
2017/11/26 02:15:08 [93004] <f..T...... assets/images/photos/tower-bridge.webp
2017/11/26 02:15:08 [93004] <f..T...... assets/js/all.js
2017/11/26 02:15:08 [93004] <f..T...... playground/hexclock/config.rb
2017/11/26 02:15:08 [93004] <f..T...... playground/hexclock/index.html
2017/11/26 02:15:08 [93004] <f..T...... playground/hexclock/assets/fonts/lato-lig-webfont.eot
2017/11/26 02:15:08 [93004] <f..T...... playground/hexclock/assets/fonts/lato-lig-webfont.svg
2017/11/26 02:15:08 [93004] <f..T...... playground/hexclock/assets/fonts/lato-lig-webfont.ttf
2017/11/26 02:15:08 [93004] <f..T...... playground/hexclock/assets/fonts/lato-lig-webfont.woff
2017/11/26 02:15:08 [93004] <f..T...... playground/hexclock/assets/fonts/lato-reg-webfont.eot
2017/11/26 02:15:08 [93004] <f..T...... playground/hexclock/assets/fonts/lato-reg-webfont.svg
2017/11/26 02:15:08 [93004] <f..T...... playground/hexclock/assets/fonts/lato-reg-webfont.ttf
2017/11/26 02:15:08 [93004] <f..T...... playground/hexclock/assets/fonts/lato-reg-webfont.woff
2017/11/26 02:15:08 [93004] <f..T...... playground/hexclock/css/screen.css
2017/11/26 02:15:08 [93004] <f..T...... playground/hexclock/css/sass/screen.scss
2017/11/26 02:15:08 [93004] <f+++++++++ playground/poof/LICENSE.txt
2017/11/26 02:15:08 [93004] <f+++++++++ playground/poof/README.md
2017/11/26 02:15:08 [93004] <f+++++++++ playground/poof/config.rb
2017/11/26 02:15:08 [93004] <f+++++++++ playground/poof/index.html
2017/11/26 02:15:08 [93004] <f+++++++++ playground/poof/poof.js
2017/11/26 02:15:08 [93004] <f+++++++++ playground/poof/poof.min.js
2017/11/26 02:15:08 [93004] <f+++++++++ playground/poof/css/main.css
2017/11/26 02:15:08 [93004] <f+++++++++ playground/poof/css/scss/_normalize.scss
2017/11/26 02:15:08 [93004] <f+++++++++ playground/poof/css/scss/main.scss
2017/11/26 02:15:08 [93004] <f+++++++++ playground/poof/images/poof-48.png
2017/11/26 02:15:08 [93004] <f+++++++++ playground/social-connections-backbone/README.md
2017/11/26 02:15:08 [93004] <f+++++++++ playground/social-connections-backbone/config.rb
2017/11/26 02:15:08 [93004] <f+++++++++ playground/social-connections-backbone/index.html
2017/11/26 02:15:08 [93004] <f+++++++++ playground/social-connections-backbone/assets/fonts/lato-lig-webfont.eot
2017/11/26 02:15:08 [93004] <f+++++++++ playground/social-connections-backbone/assets/fonts/lato-lig-webfont.svg
2017/11/26 02:15:08 [93004] <f+++++++++ playground/social-connections-backbone/assets/fonts/lato-lig-webfont.ttf
2017/11/26 02:15:08 [93004] <f+++++++++ playground/social-connections-backbone/assets/fonts/lato-lig-webfont.woff
2017/11/26 02:15:08 [93004] <f+++++++++ playground/social-connections-backbone/assets/fonts/lato-reg-webfont.eot
2017/11/26 02:15:08 [93004] <f+++++++++ playground/social-connections-backbone/assets/fonts/lato-reg-webfont.svg
2017/11/26 02:15:08 [93004] <f+++++++++ playground/social-connections-backbone/assets/fonts/lato-reg-webfont.ttf
2017/11/26 02:15:08 [93004] <f+++++++++ playground/social-connections-backbone/assets/fonts/lato-reg-webfont.woff
2017/11/26 02:15:08 [93004] <f+++++++++ playground/social-connections-backbone/css/screen.css
2017/11/26 02:15:08 [93004] <f+++++++++ playground/social-connections-backbone/css/sass/screen.scss
2017/11/26 02:15:08 [93004] <f+++++++++ playground/social-connections-backbone/js/app.js
2017/11/26 02:15:08 [93004] <f+++++++++ playground/social-connections-backbone/js/data.js
2017/11/26 02:15:08 [93004] <f+++++++++ playground/social-connections-backbone/js/lib/vendor/backbone.js
2017/11/26 02:15:08 [93004] <f+++++++++ playground/social-connections-backbone/js/lib/vendor/jquery.js
2017/11/26 02:15:08 [93004] <f+++++++++ playground/social-connections-backbone/js/lib/vendor/underscore.js
2017/11/26 02:15:08 [93004] <f+++++++++ playground/turn-off-tv/index.html
2017/11/26 02:15:08 [93004] <f+++++++++ playground/turn-off-tv/jquery.turn-off-tv.min.js
2017/11/26 02:15:08 [93004] <f+++++++++ playground/turn-off-tv/turn-off-tv.css
2017/11/26 02:15:08 [93004] <f+++++++++ playground/turn-off-tv/lib/jquery-1.10.2.min.js
2017/11/26 02:15:32 [93004] sent 382616 bytes  received 76319 bytes  total size 10301951
2017/11/26 02:24:21 [93830] building file list
2017/11/26 02:24:21 [93830] <f..T...... .htaccess
2017/11/26 02:24:21 [93830] <f..T...... 404.html
2017/11/26 02:24:21 [93830] <f..T...... apple-touch-icon.png
2017/11/26 02:24:21 [93830] <f..T...... crossdomain.xml
2017/11/26 02:24:21 [93830] <f..T...... favicon.ico
2017/11/26 02:24:21 [93830] <f..T...... favicon.png
2017/11/26 02:24:21 [93830] <f..T...... humans.txt
2017/11/26 02:24:21 [93830] <f..T...... index.html
2017/11/26 02:24:21 [93830] <f..T...... playground.html
2017/11/26 02:24:21 [93830] <f..T...... robots.txt
2017/11/26 02:24:21 [93830] <f..T...... sitemap.xml
2017/11/26 02:24:21 [93830] <f..T...... assets/css/main.css
2017/11/26 02:24:21 [93830] <f..T...... assets/downloads/pdf/36, telme, 03-2003.pdf
2017/11/26 02:24:21 [93830] <f..T...... assets/downloads/pdf/mobil-35-motorola.pdf
2017/11/26 02:24:21 [93830] <f..T...... assets/downloads/pdf/mobil-37-microsoft.pdf
2017/11/26 02:24:21 [93830] <f..T...... assets/downloads/pdf/mobil-37-stungun.pdf
2017/11/26 02:24:21 [93830] <f..T...... assets/downloads/pdf/mobil-40-41-alcatel.pdf
2017/11/26 02:24:21 [93830] <f..T...... assets/downloads/pdf/mobil-40-41-treo.pdf
2017/11/26 02:24:21 [93830] <f..T...... assets/downloads/pdf/mobil-75-usa.pdf
2017/11/26 02:24:22 [93830] <f..T...... assets/downloads/pdf/mobil-92-iphone.pdf
2017/11/26 02:24:22 [93830] <f..T...... assets/downloads/pdf/mreza-nokia.pdf
2017/11/26 02:24:22 [93830] <f..T...... assets/fonts/OpenSans-Light-webfont.eot
2017/11/26 02:24:22 [93830] <f..T...... assets/fonts/OpenSans-Light-webfont.svg
2017/11/26 02:24:22 [93830] <f..T...... assets/fonts/OpenSans-Light-webfont.ttf
2017/11/26 02:24:22 [93830] <f..T...... assets/fonts/OpenSans-Light-webfont.woff
2017/11/26 02:24:22 [93830] <f..T...... assets/fonts/OpenSans-Regular-webfont.eot
2017/11/26 02:24:22 [93830] <f..T...... assets/fonts/OpenSans-Regular-webfont.svg
2017/11/26 02:24:22 [93830] <f..T...... assets/fonts/OpenSans-Regular-webfont.ttf
2017/11/26 02:24:22 [93830] <f..T...... assets/fonts/OpenSans-Regular-webfont.woff
2017/11/26 02:24:22 [93830] <f..T...... assets/fonts/iconfont.eot
2017/11/26 02:24:22 [93830] <f..T...... assets/fonts/iconfont.svg
2017/11/26 02:24:22 [93830] <f..T...... assets/fonts/iconfont.ttf
2017/11/26 02:24:22 [93830] <f..T...... assets/fonts/iconfont.woff
2017/11/26 02:24:22 [93830] <f..T...... assets/fonts/iconfont.woff2
2017/11/26 02:24:22 [93830] <f..T...... assets/fonts/lato/lato-lig-webfont.eot
2017/11/26 02:24:22 [93830] <f..T...... assets/fonts/lato/lato-lig-webfont.ttf
2017/11/26 02:24:22 [93830] <f..T...... assets/fonts/lato/lato-lig-webfont.woff
2017/11/26 02:24:22 [93830] <f..T...... assets/fonts/lato/lato-reg-webfont.eot
2017/11/26 02:24:22 [93830] <f..T...... assets/fonts/lato/lato-reg-webfont.ttf
2017/11/26 02:24:22 [93830] <f..T...... assets/fonts/lato/lato-reg-webfont.woff
2017/11/26 02:24:22 [93830] <f..T...... assets/images/bg.jpg
2017/11/26 02:24:22 [93830] <f..T...... assets/images/bg.webp
2017/11/26 02:24:22 [93830] <f..T...... assets/images/logo.png
2017/11/26 02:24:22 [93830] <f..T...... assets/images/logo.webp
2017/11/26 02:24:22 [93830] <f..T...... assets/images/pixel.gif
2017/11/26 02:24:22 [93830] <f..T...... assets/images/profile.jpg
2017/11/26 02:24:22 [93830] <f..T...... assets/images/profile.webp
2017/11/26 02:24:22 [93830] <f..T...... assets/images/profile@2x.jpg
2017/11/26 02:24:22 [93830] <f..T...... assets/images/profile@2x.webp
2017/11/26 02:24:22 [93830] <f..T...... assets/images/articles/alcatel.jpg
2017/11/26 02:24:22 [93830] <f..T...... assets/images/articles/alcatel.webp
2017/11/26 02:24:22 [93830] <f..T...... assets/images/articles/iphone.jpg
2017/11/26 02:24:22 [93830] <f..T...... assets/images/articles/iphone.webp
2017/11/26 02:24:22 [93830] <f..T...... assets/images/articles/motorola.jpg
2017/11/26 02:24:22 [93830] <f..T...... assets/images/articles/motorola.webp
2017/11/26 02:24:22 [93830] <f..T...... assets/images/articles/ms.jpg
2017/11/26 02:24:22 [93830] <f..T...... assets/images/articles/ms.webp
2017/11/26 02:24:22 [93830] <f..T...... assets/images/articles/nokia.jpg
2017/11/26 02:24:22 [93830] <f..T...... assets/images/articles/nokia.webp
2017/11/26 02:24:22 [93830] <f..T...... assets/images/articles/stungun.jpg
2017/11/26 02:24:22 [93830] <f..T...... assets/images/articles/stungun.webp
2017/11/26 02:24:22 [93830] <f..T...... assets/images/articles/treo.jpg
2017/11/26 02:24:22 [93830] <f..T...... assets/images/articles/treo.webp
2017/11/26 02:24:22 [93830] <f..T...... assets/images/articles/usa.jpg
2017/11/26 02:24:22 [93830] <f..T...... assets/images/articles/usa.webp
2017/11/26 02:24:22 [93830] <f..T...... assets/images/photos/adriatic-sea.jpg
2017/11/26 02:24:22 [93830] <f..T...... assets/images/photos/adriatic-sea.webp
2017/11/26 02:24:22 [93830] <f..T...... assets/images/photos/autumn-in-zrinjevac.jpg
2017/11/26 02:24:22 [93830] <f..T...... assets/images/photos/autumn-in-zrinjevac.webp
2017/11/26 02:24:22 [93830] <f..T...... assets/images/photos/big-ben.jpg
2017/11/26 02:24:22 [93830] <f..T...... assets/images/photos/big-ben.webp
2017/11/26 02:24:22 [93830] <f..T...... assets/images/photos/cat.jpg
2017/11/26 02:24:22 [93830] <f..T...... assets/images/photos/cat.webp
2017/11/26 02:24:22 [93830] <f..T...... assets/images/photos/dijana.jpg
2017/11/26 02:24:22 [93830] <f..T...... assets/images/photos/dijana.webp
2017/11/26 02:24:22 [93830] <f..T...... assets/images/photos/double-rainbow-in-paris.jpg
2017/11/26 02:24:22 [93830] <f..T...... assets/images/photos/double-rainbow-in-paris.webp
2017/11/26 02:24:22 [93830] <f..T...... assets/images/photos/flowers.jpg
2017/11/26 02:24:22 [93830] <f..T...... assets/images/photos/flowers.webp
2017/11/26 02:24:22 [93830] <f..T...... assets/images/photos/hana.jpg
2017/11/26 02:24:22 [93830] <f..T...... assets/images/photos/hana.webp
2017/11/26 02:24:22 [93830] <f..T...... assets/images/photos/paris-sunset.jpg
2017/11/26 02:24:22 [93830] <f..T...... assets/images/photos/paris-sunset.webp
2017/11/26 02:24:22 [93830] <f..T...... assets/images/photos/stuck-in-traffic.jpg
2017/11/26 02:24:22 [93830] <f..T...... assets/images/photos/stuck-in-traffic.webp
2017/11/26 02:24:22 [93830] <f..T...... assets/images/photos/tower-bridge.jpg
2017/11/26 02:24:22 [93830] <f..T...... assets/images/photos/tower-bridge.webp
2017/11/26 02:24:22 [93830] <f.sT...... assets/js/all.js
2017/11/26 02:24:22 [93830] <f..T...... playground/hexclock/config.rb
2017/11/26 02:24:22 [93830] <f..T...... playground/hexclock/index.html
2017/11/26 02:24:22 [93830] <f..T...... playground/hexclock/assets/fonts/lato-lig-webfont.eot
2017/11/26 02:24:22 [93830] <f..T...... playground/hexclock/assets/fonts/lato-lig-webfont.svg
2017/11/26 02:24:22 [93830] <f..T...... playground/hexclock/assets/fonts/lato-lig-webfont.ttf
2017/11/26 02:24:22 [93830] <f..T...... playground/hexclock/assets/fonts/lato-lig-webfont.woff
2017/11/26 02:24:22 [93830] <f..T...... playground/hexclock/assets/fonts/lato-reg-webfont.eot
2017/11/26 02:24:22 [93830] <f..T...... playground/hexclock/assets/fonts/lato-reg-webfont.svg
2017/11/26 02:24:22 [93830] <f..T...... playground/hexclock/assets/fonts/lato-reg-webfont.ttf
2017/11/26 02:24:22 [93830] <f..T...... playground/hexclock/assets/fonts/lato-reg-webfont.woff
2017/11/26 02:24:22 [93830] <f..T...... playground/hexclock/css/screen.css
2017/11/26 02:24:22 [93830] <f..T...... playground/hexclock/css/sass/screen.scss
2017/11/26 02:24:22 [93830] <f..T...... playground/poof/LICENSE.txt
2017/11/26 02:24:22 [93830] <f..T...... playground/poof/README.md
2017/11/26 02:24:22 [93830] <f..T...... playground/poof/config.rb
2017/11/26 02:24:22 [93830] <f..T...... playground/poof/index.html
2017/11/26 02:24:22 [93830] <f..T...... playground/poof/poof.js
2017/11/26 02:24:22 [93830] <f..T...... playground/poof/poof.min.js
2017/11/26 02:24:22 [93830] <f..T...... playground/poof/css/main.css
2017/11/26 02:24:22 [93830] <f..T...... playground/poof/css/scss/_normalize.scss
2017/11/26 02:24:22 [93830] <f..T...... playground/poof/css/scss/main.scss
2017/11/26 02:24:22 [93830] <f..T...... playground/poof/images/poof-48.png
2017/11/26 02:24:22 [93830] <f..T...... playground/social-connections-backbone/README.md
2017/11/26 02:24:22 [93830] <f..T...... playground/social-connections-backbone/config.rb
2017/11/26 02:24:22 [93830] <f..T...... playground/social-connections-backbone/index.html
2017/11/26 02:24:22 [93830] <f..T...... playground/social-connections-backbone/assets/fonts/lato-lig-webfont.eot
2017/11/26 02:24:22 [93830] <f..T...... playground/social-connections-backbone/assets/fonts/lato-lig-webfont.svg
2017/11/26 02:24:22 [93830] <f..T...... playground/social-connections-backbone/assets/fonts/lato-lig-webfont.ttf
2017/11/26 02:24:22 [93830] <f..T...... playground/social-connections-backbone/assets/fonts/lato-lig-webfont.woff
2017/11/26 02:24:22 [93830] <f..T...... playground/social-connections-backbone/assets/fonts/lato-reg-webfont.eot
2017/11/26 02:24:22 [93830] <f..T...... playground/social-connections-backbone/assets/fonts/lato-reg-webfont.svg
2017/11/26 02:24:22 [93830] <f..T...... playground/social-connections-backbone/assets/fonts/lato-reg-webfont.ttf
2017/11/26 02:24:22 [93830] <f..T...... playground/social-connections-backbone/assets/fonts/lato-reg-webfont.woff
2017/11/26 02:24:22 [93830] <f..T...... playground/social-connections-backbone/css/screen.css
2017/11/26 02:24:22 [93830] <f..T...... playground/social-connections-backbone/css/sass/screen.scss
2017/11/26 02:24:22 [93830] <f..T...... playground/social-connections-backbone/js/app.js
2017/11/26 02:24:22 [93830] <f..T...... playground/social-connections-backbone/js/data.js
2017/11/26 02:24:22 [93830] <f..T...... playground/social-connections-backbone/js/lib/vendor/backbone.js
2017/11/26 02:24:22 [93830] <f..T...... playground/social-connections-backbone/js/lib/vendor/jquery.js
2017/11/26 02:24:22 [93830] <f..T...... playground/social-connections-backbone/js/lib/vendor/underscore.js
2017/11/26 02:24:22 [93830] <f..T...... playground/turn-off-tv/index.html
2017/11/26 02:24:22 [93830] <f..T...... playground/turn-off-tv/jquery.turn-off-tv.min.js
2017/11/26 02:24:22 [93830] <f..T...... playground/turn-off-tv/turn-off-tv.css
2017/11/26 02:24:22 [93830] <f..T...... playground/turn-off-tv/lib/jquery-1.10.2.min.js
2017/11/26 02:24:23 [93830] sent 10347 bytes  received 83904 bytes  total size 10301982
