2017/02/10 00:33:41 [71478] building file list
2017/02/10 00:33:41 [71478] <f+++++++++ .htaccess
2017/02/10 00:33:41 [71478] <f+++++++++ 404.html
2017/02/10 00:33:41 [71478] <f+++++++++ apple-touch-icon.png
2017/02/10 00:33:41 [71478] <f+++++++++ crossdomain.xml
2017/02/10 00:33:41 [71478] <f+++++++++ favicon.ico
2017/02/10 00:33:41 [71478] <f+++++++++ favicon.png
2017/02/10 00:33:41 [71478] <f+++++++++ humans.txt
2017/02/10 00:33:41 [71478] <f+++++++++ index.html
2017/02/10 00:33:41 [71478] <f+++++++++ playground.html
2017/02/10 00:33:41 [71478] <f+++++++++ robots.txt
2017/02/10 00:33:41 [71478] <f+++++++++ sitemap.xml
2017/02/10 00:33:41 [71478] cd+++++++++ assets/
2017/02/10 00:33:41 [71478] cd+++++++++ assets/css/
2017/02/10 00:33:41 [71478] <f+++++++++ assets/css/main.css
2017/02/10 00:33:41 [71478] cd+++++++++ assets/downloads/
2017/02/10 00:33:41 [71478] cd+++++++++ assets/downloads/pdf/
2017/02/10 00:33:41 [71478] <f+++++++++ assets/downloads/pdf/36, telme, 03-2003.pdf
2017/02/10 00:33:41 [71478] <f+++++++++ assets/downloads/pdf/mobil-35-motorola.pdf
2017/02/10 00:33:41 [71478] <f+++++++++ assets/downloads/pdf/mobil-37-microsoft.pdf
2017/02/10 00:33:41 [71478] <f+++++++++ assets/downloads/pdf/mobil-37-stungun.pdf
2017/02/10 00:33:44 [71478] <f+++++++++ assets/downloads/pdf/mobil-40-41-alcatel.pdf
2017/02/10 00:33:48 [71478] <f+++++++++ assets/downloads/pdf/mobil-40-41-treo.pdf
2017/02/10 00:33:57 [71478] <f+++++++++ assets/downloads/pdf/mobil-75-usa.pdf
2017/02/10 00:34:06 [71478] <f+++++++++ assets/downloads/pdf/mobil-92-iphone.pdf
2017/02/10 00:34:12 [71478] <f+++++++++ assets/downloads/pdf/mreza-nokia.pdf
2017/02/10 00:34:12 [71478] cd+++++++++ assets/fonts/
2017/02/10 00:34:12 [71478] <f+++++++++ assets/fonts/OpenSans-Light-webfont.eot
2017/02/10 00:34:12 [71478] <f+++++++++ assets/fonts/OpenSans-Light-webfont.svg
2017/02/10 00:34:12 [71478] <f+++++++++ assets/fonts/OpenSans-Light-webfont.ttf
2017/02/10 00:34:12 [71478] <f+++++++++ assets/fonts/OpenSans-Light-webfont.woff
2017/02/10 00:34:12 [71478] <f+++++++++ assets/fonts/OpenSans-Regular-webfont.eot
2017/02/10 00:34:13 [71478] <f+++++++++ assets/fonts/OpenSans-Regular-webfont.svg
2017/02/10 00:34:13 [71478] <f+++++++++ assets/fonts/OpenSans-Regular-webfont.ttf
2017/02/10 00:34:13 [71478] <f+++++++++ assets/fonts/OpenSans-Regular-webfont.woff
2017/02/10 00:34:13 [71478] <f+++++++++ assets/fonts/iconfont.eot
2017/02/10 00:34:13 [71478] <f+++++++++ assets/fonts/iconfont.svg
2017/02/10 00:34:13 [71478] <f+++++++++ assets/fonts/iconfont.ttf
2017/02/10 00:34:13 [71478] <f+++++++++ assets/fonts/iconfont.woff
2017/02/10 00:34:13 [71478] <f+++++++++ assets/fonts/iconfont.woff2
2017/02/10 00:34:13 [71478] cd+++++++++ assets/fonts/lato/
2017/02/10 00:34:13 [71478] <f+++++++++ assets/fonts/lato/lato-lig-webfont.eot
2017/02/10 00:34:13 [71478] <f+++++++++ assets/fonts/lato/lato-lig-webfont.ttf
2017/02/10 00:34:15 [71478] <f+++++++++ assets/fonts/lato/lato-lig-webfont.woff
2017/02/10 00:34:15 [71478] <f+++++++++ assets/fonts/lato/lato-reg-webfont.eot
2017/02/10 00:34:15 [71478] <f+++++++++ assets/fonts/lato/lato-reg-webfont.ttf
2017/02/10 00:34:15 [71478] <f+++++++++ assets/fonts/lato/lato-reg-webfont.woff
2017/02/10 00:34:15 [71478] cd+++++++++ assets/images/
2017/02/10 00:34:16 [71478] <f+++++++++ assets/images/bg.jpg
2017/02/10 00:34:16 [71478] <f+++++++++ assets/images/bg.webp
2017/02/10 00:34:16 [71478] <f+++++++++ assets/images/pixel.gif
2017/02/10 00:34:16 [71478] <f+++++++++ assets/images/profile.jpg
2017/02/10 00:34:16 [71478] <f+++++++++ assets/images/profile.webp
2017/02/10 00:34:16 [71478] <f+++++++++ assets/images/profile@2x.jpg
2017/02/10 00:34:16 [71478] <f+++++++++ assets/images/profile@2x.webp
2017/02/10 00:34:16 [71478] cd+++++++++ assets/images/articles/
2017/02/10 00:34:16 [71478] <f+++++++++ assets/images/articles/alcatel.jpg
2017/02/10 00:34:16 [71478] <f+++++++++ assets/images/articles/alcatel.webp
2017/02/10 00:34:16 [71478] <f+++++++++ assets/images/articles/iphone.jpg
2017/02/10 00:34:16 [71478] <f+++++++++ assets/images/articles/iphone.webp
2017/02/10 00:34:16 [71478] <f+++++++++ assets/images/articles/motorola.jpg
2017/02/10 00:34:16 [71478] <f+++++++++ assets/images/articles/motorola.webp
2017/02/10 00:34:16 [71478] <f+++++++++ assets/images/articles/ms.jpg
2017/02/10 00:34:16 [71478] <f+++++++++ assets/images/articles/ms.webp
2017/02/10 00:34:18 [71478] <f+++++++++ assets/images/articles/nokia.jpg
2017/02/10 00:34:18 [71478] <f+++++++++ assets/images/articles/nokia.webp
2017/02/10 00:34:18 [71478] <f+++++++++ assets/images/articles/stungun.jpg
2017/02/10 00:34:18 [71478] <f+++++++++ assets/images/articles/stungun.webp
2017/02/10 00:34:18 [71478] <f+++++++++ assets/images/articles/treo.jpg
2017/02/10 00:34:18 [71478] <f+++++++++ assets/images/articles/treo.webp
2017/02/10 00:34:18 [71478] <f+++++++++ assets/images/articles/usa.jpg
2017/02/10 00:34:18 [71478] <f+++++++++ assets/images/articles/usa.webp
2017/02/10 00:34:18 [71478] cd+++++++++ assets/images/photos/
2017/02/10 00:34:19 [71478] <f+++++++++ assets/images/photos/adriatic-sea.jpg
2017/02/10 00:34:20 [71478] <f+++++++++ assets/images/photos/adriatic-sea.webp
2017/02/10 00:34:23 [71478] <f+++++++++ assets/images/photos/autumn-in-zrinjevac.jpg
2017/02/10 00:34:26 [71478] <f+++++++++ assets/images/photos/autumn-in-zrinjevac.webp
2017/02/10 00:34:28 [71478] <f+++++++++ assets/images/photos/big-ben.jpg
2017/02/10 00:34:30 [71478] <f+++++++++ assets/images/photos/big-ben.webp
2017/02/10 00:34:30 [71478] <f+++++++++ assets/images/photos/cat.jpg
2017/02/10 00:34:31 [71478] <f+++++++++ assets/images/photos/cat.webp
2017/02/10 00:34:31 [71478] <f+++++++++ assets/images/photos/dijana.jpg
2017/02/10 00:34:32 [71478] <f+++++++++ assets/images/photos/dijana.webp
2017/02/10 00:34:35 [71478] <f+++++++++ assets/images/photos/double-rainbow-in-paris.jpg
2017/02/10 00:34:36 [71478] <f+++++++++ assets/images/photos/double-rainbow-in-paris.webp
2017/02/10 00:34:38 [71478] <f+++++++++ assets/images/photos/flowers.jpg
2017/02/10 00:34:38 [71478] <f+++++++++ assets/images/photos/flowers.webp
2017/02/10 00:34:39 [71478] <f+++++++++ assets/images/photos/hana.jpg
2017/02/10 00:34:41 [71478] <f+++++++++ assets/images/photos/hana.webp
2017/02/10 00:34:42 [71478] <f+++++++++ assets/images/photos/paris-sunset.jpg
2017/02/10 00:34:44 [71478] <f+++++++++ assets/images/photos/paris-sunset.webp
2017/02/10 00:34:45 [71478] <f+++++++++ assets/images/photos/stuck-in-traffic.jpg
2017/02/10 00:34:47 [71478] <f+++++++++ assets/images/photos/stuck-in-traffic.webp
2017/02/10 00:34:48 [71478] <f+++++++++ assets/images/photos/tower-bridge.jpg
2017/02/10 00:34:50 [71478] <f+++++++++ assets/images/photos/tower-bridge.webp
2017/02/10 00:34:50 [71478] cd+++++++++ assets/js/
2017/02/10 00:34:51 [71478] <f+++++++++ assets/js/all.js
2017/02/10 00:34:51 [71478] cd+++++++++ assets/js/vendor/
2017/02/10 00:34:51 [71478] cd+++++++++ assets/other/
2017/02/10 00:34:51 [71478] cd+++++++++ assets/videos/
2017/02/10 00:34:51 [71478] cd+++++++++ playground/
2017/02/10 00:34:51 [71478] cd+++++++++ playground/hexclock/
2017/02/10 00:34:51 [71478] <f+++++++++ playground/hexclock/config.rb
2017/02/10 00:34:51 [71478] <f+++++++++ playground/hexclock/index.html
2017/02/10 00:34:51 [71478] cd+++++++++ playground/hexclock/assets/
2017/02/10 00:34:51 [71478] cd+++++++++ playground/hexclock/assets/fonts/
2017/02/10 00:34:51 [71478] <f+++++++++ playground/hexclock/assets/fonts/lato-lig-webfont.eot
2017/02/10 00:34:51 [71478] <f+++++++++ playground/hexclock/assets/fonts/lato-lig-webfont.svg
2017/02/10 00:34:51 [71478] <f+++++++++ playground/hexclock/assets/fonts/lato-lig-webfont.ttf
2017/02/10 00:34:51 [71478] <f+++++++++ playground/hexclock/assets/fonts/lato-lig-webfont.woff
2017/02/10 00:34:52 [71478] <f+++++++++ playground/hexclock/assets/fonts/lato-reg-webfont.eot
2017/02/10 00:34:52 [71478] <f+++++++++ playground/hexclock/assets/fonts/lato-reg-webfont.svg
2017/02/10 00:34:52 [71478] <f+++++++++ playground/hexclock/assets/fonts/lato-reg-webfont.ttf
2017/02/10 00:34:52 [71478] <f+++++++++ playground/hexclock/assets/fonts/lato-reg-webfont.woff
2017/02/10 00:34:52 [71478] cd+++++++++ playground/hexclock/css/
2017/02/10 00:34:52 [71478] <f+++++++++ playground/hexclock/css/screen.css
2017/02/10 00:34:52 [71478] cd+++++++++ playground/hexclock/css/sass/
2017/02/10 00:34:52 [71478] <f+++++++++ playground/hexclock/css/sass/screen.scss
2017/02/10 00:34:52 [71478] cd+++++++++ playground/poof/
2017/02/10 00:34:52 [71478] <f+++++++++ playground/poof/LICENSE.txt
2017/02/10 00:34:52 [71478] <f+++++++++ playground/poof/README.md
2017/02/10 00:34:52 [71478] <f+++++++++ playground/poof/config.rb
2017/02/10 00:34:52 [71478] <f+++++++++ playground/poof/index.html
2017/02/10 00:34:52 [71478] <f+++++++++ playground/poof/poof.js
2017/02/10 00:34:52 [71478] <f+++++++++ playground/poof/poof.min.js
2017/02/10 00:34:52 [71478] cd+++++++++ playground/poof/css/
2017/02/10 00:34:52 [71478] <f+++++++++ playground/poof/css/main.css
2017/02/10 00:34:52 [71478] cd+++++++++ playground/poof/css/scss/
2017/02/10 00:34:52 [71478] <f+++++++++ playground/poof/css/scss/_normalize.scss
2017/02/10 00:34:52 [71478] <f+++++++++ playground/poof/css/scss/main.scss
2017/02/10 00:34:52 [71478] cd+++++++++ playground/poof/images/
2017/02/10 00:34:52 [71478] <f+++++++++ playground/poof/images/poof-48.png
2017/02/10 00:34:52 [71478] cd+++++++++ playground/social-connections-backbone/
2017/02/10 00:34:52 [71478] <f+++++++++ playground/social-connections-backbone/README.md
2017/02/10 00:34:52 [71478] <f+++++++++ playground/social-connections-backbone/config.rb
2017/02/10 00:34:52 [71478] <f+++++++++ playground/social-connections-backbone/index.html
2017/02/10 00:34:52 [71478] cd+++++++++ playground/social-connections-backbone/assets/
2017/02/10 00:34:52 [71478] cd+++++++++ playground/social-connections-backbone/assets/fonts/
2017/02/10 00:34:54 [71478] <f+++++++++ playground/social-connections-backbone/assets/fonts/lato-lig-webfont.eot
2017/02/10 00:34:54 [71478] <f+++++++++ playground/social-connections-backbone/assets/fonts/lato-lig-webfont.svg
2017/02/10 00:34:54 [71478] <f+++++++++ playground/social-connections-backbone/assets/fonts/lato-lig-webfont.ttf
2017/02/10 00:34:54 [71478] <f+++++++++ playground/social-connections-backbone/assets/fonts/lato-lig-webfont.woff
2017/02/10 00:34:54 [71478] <f+++++++++ playground/social-connections-backbone/assets/fonts/lato-reg-webfont.eot
2017/02/10 00:34:55 [71478] <f+++++++++ playground/social-connections-backbone/assets/fonts/lato-reg-webfont.svg
2017/02/10 00:34:55 [71478] <f+++++++++ playground/social-connections-backbone/assets/fonts/lato-reg-webfont.ttf
2017/02/10 00:34:55 [71478] <f+++++++++ playground/social-connections-backbone/assets/fonts/lato-reg-webfont.woff
2017/02/10 00:34:55 [71478] cd+++++++++ playground/social-connections-backbone/css/
2017/02/10 00:34:55 [71478] <f+++++++++ playground/social-connections-backbone/css/screen.css
2017/02/10 00:34:55 [71478] cd+++++++++ playground/social-connections-backbone/css/sass/
2017/02/10 00:34:55 [71478] <f+++++++++ playground/social-connections-backbone/css/sass/screen.scss
2017/02/10 00:34:55 [71478] cd+++++++++ playground/social-connections-backbone/js/
2017/02/10 00:34:55 [71478] <f+++++++++ playground/social-connections-backbone/js/app.js
2017/02/10 00:34:55 [71478] <f+++++++++ playground/social-connections-backbone/js/data.js
2017/02/10 00:34:55 [71478] cd+++++++++ playground/social-connections-backbone/js/lib/
2017/02/10 00:34:55 [71478] cd+++++++++ playground/social-connections-backbone/js/lib/vendor/
2017/02/10 00:34:55 [71478] <f+++++++++ playground/social-connections-backbone/js/lib/vendor/backbone.js
2017/02/10 00:34:56 [71478] <f+++++++++ playground/social-connections-backbone/js/lib/vendor/jquery.js
2017/02/10 00:34:56 [71478] <f+++++++++ playground/social-connections-backbone/js/lib/vendor/underscore.js
2017/02/10 00:34:56 [71478] cd+++++++++ playground/turn-off-tv/
2017/02/10 00:34:56 [71478] <f+++++++++ playground/turn-off-tv/index.html
2017/02/10 00:34:56 [71478] <f+++++++++ playground/turn-off-tv/jquery.turn-off-tv.min.js
2017/02/10 00:34:56 [71478] <f+++++++++ playground/turn-off-tv/turn-off-tv.css
2017/02/10 00:34:56 [71478] cd+++++++++ playground/turn-off-tv/lib/
2017/02/10 00:34:56 [71478] <f+++++++++ playground/turn-off-tv/lib/jquery-1.10.2.min.js
2017/02/10 00:35:19 [71478] sent 9039961 bytes  received 2886 bytes  total size 10275727
2017/02/10 00:47:30 [73056] building file list
2017/02/10 00:47:30 [73056] <f..T...... .htaccess
2017/02/10 00:47:30 [73056] <f..T...... 404.html
2017/02/10 00:47:30 [73056] <f..T...... apple-touch-icon.png
2017/02/10 00:47:30 [73056] <f..T...... crossdomain.xml
2017/02/10 00:47:30 [73056] <f..T...... favicon.ico
2017/02/10 00:47:30 [73056] <f..T...... favicon.png
2017/02/10 00:47:30 [73056] <f..T...... humans.txt
2017/02/10 00:47:30 [73056] <f..T...... index.html
2017/02/10 00:47:30 [73056] <f..T...... playground.html
2017/02/10 00:47:30 [73056] <f..T...... robots.txt
2017/02/10 00:47:30 [73056] <f..T...... sitemap.xml
2017/02/10 00:47:30 [73056] <f..T...... assets/css/main.css
2017/02/10 00:47:30 [73056] <f..T...... assets/downloads/pdf/36, telme, 03-2003.pdf
2017/02/10 00:47:30 [73056] <f..T...... assets/downloads/pdf/mobil-35-motorola.pdf
2017/02/10 00:47:30 [73056] <f..T...... assets/downloads/pdf/mobil-37-microsoft.pdf
2017/02/10 00:47:30 [73056] <f..T...... assets/downloads/pdf/mobil-37-stungun.pdf
2017/02/10 00:47:30 [73056] <f..T...... assets/downloads/pdf/mobil-40-41-alcatel.pdf
2017/02/10 00:47:30 [73056] <f..T...... assets/downloads/pdf/mobil-40-41-treo.pdf
2017/02/10 00:47:30 [73056] <f..T...... assets/downloads/pdf/mobil-75-usa.pdf
2017/02/10 00:47:30 [73056] <f..T...... assets/downloads/pdf/mobil-92-iphone.pdf
2017/02/10 00:47:31 [73056] <f..T...... assets/downloads/pdf/mreza-nokia.pdf
2017/02/10 00:47:31 [73056] <f..T...... assets/fonts/OpenSans-Light-webfont.eot
2017/02/10 00:47:31 [73056] <f..T...... assets/fonts/OpenSans-Light-webfont.svg
2017/02/10 00:47:31 [73056] <f..T...... assets/fonts/OpenSans-Light-webfont.ttf
2017/02/10 00:47:31 [73056] <f..T...... assets/fonts/OpenSans-Light-webfont.woff
2017/02/10 00:47:31 [73056] <f..T...... assets/fonts/OpenSans-Regular-webfont.eot
2017/02/10 00:47:31 [73056] <f..T...... assets/fonts/OpenSans-Regular-webfont.svg
2017/02/10 00:47:31 [73056] <f..T...... assets/fonts/OpenSans-Regular-webfont.ttf
2017/02/10 00:47:31 [73056] <f..T...... assets/fonts/OpenSans-Regular-webfont.woff
2017/02/10 00:47:31 [73056] <f..T...... assets/fonts/iconfont.eot
2017/02/10 00:47:31 [73056] <f..T...... assets/fonts/iconfont.svg
2017/02/10 00:47:31 [73056] <f..T...... assets/fonts/iconfont.ttf
2017/02/10 00:47:31 [73056] <f..T...... assets/fonts/iconfont.woff
2017/02/10 00:47:31 [73056] <f..T...... assets/fonts/iconfont.woff2
2017/02/10 00:47:31 [73056] <f..T...... assets/fonts/lato/lato-lig-webfont.eot
2017/02/10 00:47:31 [73056] <f..T...... assets/fonts/lato/lato-lig-webfont.ttf
2017/02/10 00:47:31 [73056] <f..T...... assets/fonts/lato/lato-lig-webfont.woff
2017/02/10 00:47:31 [73056] <f..T...... assets/fonts/lato/lato-reg-webfont.eot
2017/02/10 00:47:31 [73056] <f..T...... assets/fonts/lato/lato-reg-webfont.ttf
2017/02/10 00:47:31 [73056] <f..T...... assets/fonts/lato/lato-reg-webfont.woff
2017/02/10 00:47:31 [73056] <f.sT...... assets/images/bg.jpg
2017/02/10 00:47:31 [73056] <f..T...... assets/images/bg.webp
2017/02/10 00:47:31 [73056] <f..T...... assets/images/pixel.gif
2017/02/10 00:47:31 [73056] <f..T...... assets/images/profile.jpg
2017/02/10 00:47:31 [73056] <f..T...... assets/images/profile.webp
2017/02/10 00:47:31 [73056] <f..T...... assets/images/profile@2x.jpg
2017/02/10 00:47:31 [73056] <f..T...... assets/images/profile@2x.webp
2017/02/10 00:47:31 [73056] <f..T...... assets/images/articles/alcatel.jpg
2017/02/10 00:47:31 [73056] <f..T...... assets/images/articles/alcatel.webp
2017/02/10 00:47:31 [73056] <f..T...... assets/images/articles/iphone.jpg
2017/02/10 00:47:31 [73056] <f..T...... assets/images/articles/iphone.webp
2017/02/10 00:47:31 [73056] <f..T...... assets/images/articles/motorola.jpg
2017/02/10 00:47:31 [73056] <f..T...... assets/images/articles/motorola.webp
2017/02/10 00:47:31 [73056] <f..T...... assets/images/articles/ms.jpg
2017/02/10 00:47:31 [73056] <f..T...... assets/images/articles/ms.webp
2017/02/10 00:47:31 [73056] <f..T...... assets/images/articles/nokia.jpg
2017/02/10 00:47:31 [73056] <f..T...... assets/images/articles/nokia.webp
2017/02/10 00:47:31 [73056] <f..T...... assets/images/articles/stungun.jpg
2017/02/10 00:47:31 [73056] <f..T...... assets/images/articles/stungun.webp
2017/02/10 00:47:31 [73056] <f..T...... assets/images/articles/treo.jpg
2017/02/10 00:47:31 [73056] <f..T...... assets/images/articles/treo.webp
2017/02/10 00:47:31 [73056] <f..T...... assets/images/articles/usa.jpg
2017/02/10 00:47:31 [73056] <f..T...... assets/images/articles/usa.webp
2017/02/10 00:47:31 [73056] <f..T...... assets/images/photos/adriatic-sea.jpg
2017/02/10 00:47:31 [73056] <f..T...... assets/images/photos/adriatic-sea.webp
2017/02/10 00:47:31 [73056] <f..T...... assets/images/photos/autumn-in-zrinjevac.jpg
2017/02/10 00:47:31 [73056] <f..T...... assets/images/photos/autumn-in-zrinjevac.webp
2017/02/10 00:47:31 [73056] <f..T...... assets/images/photos/big-ben.jpg
2017/02/10 00:47:31 [73056] <f..T...... assets/images/photos/big-ben.webp
2017/02/10 00:47:31 [73056] <f..T...... assets/images/photos/cat.jpg
2017/02/10 00:47:31 [73056] <f..T...... assets/images/photos/cat.webp
2017/02/10 00:47:31 [73056] <f..T...... assets/images/photos/dijana.jpg
2017/02/10 00:47:31 [73056] <f..T...... assets/images/photos/dijana.webp
2017/02/10 00:47:31 [73056] <f..T...... assets/images/photos/double-rainbow-in-paris.jpg
2017/02/10 00:47:31 [73056] <f..T...... assets/images/photos/double-rainbow-in-paris.webp
2017/02/10 00:47:31 [73056] <f..T...... assets/images/photos/flowers.jpg
2017/02/10 00:47:31 [73056] <f..T...... assets/images/photos/flowers.webp
2017/02/10 00:47:31 [73056] <f..T...... assets/images/photos/hana.jpg
2017/02/10 00:47:31 [73056] <f..T...... assets/images/photos/hana.webp
2017/02/10 00:47:31 [73056] <f..T...... assets/images/photos/paris-sunset.jpg
2017/02/10 00:47:31 [73056] <f..T...... assets/images/photos/paris-sunset.webp
2017/02/10 00:47:31 [73056] <f..T...... assets/images/photos/stuck-in-traffic.jpg
2017/02/10 00:47:31 [73056] <f..T...... assets/images/photos/stuck-in-traffic.webp
2017/02/10 00:47:31 [73056] <f..T...... assets/images/photos/tower-bridge.jpg
2017/02/10 00:47:31 [73056] <f..T...... assets/images/photos/tower-bridge.webp
2017/02/10 00:47:31 [73056] <f..T...... assets/js/all.js
2017/02/10 00:47:31 [73056] <f..T...... playground/hexclock/config.rb
2017/02/10 00:47:31 [73056] <f..T...... playground/hexclock/index.html
2017/02/10 00:47:31 [73056] <f..T...... playground/hexclock/assets/fonts/lato-lig-webfont.eot
2017/02/10 00:47:31 [73056] <f..T...... playground/hexclock/assets/fonts/lato-lig-webfont.svg
2017/02/10 00:47:31 [73056] <f..T...... playground/hexclock/assets/fonts/lato-lig-webfont.ttf
2017/02/10 00:47:31 [73056] <f..T...... playground/hexclock/assets/fonts/lato-lig-webfont.woff
2017/02/10 00:47:31 [73056] <f..T...... playground/hexclock/assets/fonts/lato-reg-webfont.eot
2017/02/10 00:47:31 [73056] <f..T...... playground/hexclock/assets/fonts/lato-reg-webfont.svg
2017/02/10 00:47:31 [73056] <f..T...... playground/hexclock/assets/fonts/lato-reg-webfont.ttf
2017/02/10 00:47:31 [73056] <f..T...... playground/hexclock/assets/fonts/lato-reg-webfont.woff
2017/02/10 00:47:31 [73056] <f..T...... playground/hexclock/css/screen.css
2017/02/10 00:47:31 [73056] <f..T...... playground/hexclock/css/sass/screen.scss
2017/02/10 00:47:31 [73056] <f..T...... playground/poof/LICENSE.txt
2017/02/10 00:47:31 [73056] <f..T...... playground/poof/README.md
2017/02/10 00:47:31 [73056] <f..T...... playground/poof/config.rb
2017/02/10 00:47:31 [73056] <f..T...... playground/poof/index.html
2017/02/10 00:47:31 [73056] <f..T...... playground/poof/poof.js
2017/02/10 00:47:31 [73056] <f..T...... playground/poof/poof.min.js
2017/02/10 00:47:31 [73056] <f..T...... playground/poof/css/main.css
2017/02/10 00:47:31 [73056] <f..T...... playground/poof/css/scss/_normalize.scss
2017/02/10 00:47:31 [73056] <f..T...... playground/poof/css/scss/main.scss
2017/02/10 00:47:31 [73056] <f..T...... playground/poof/images/poof-48.png
2017/02/10 00:47:31 [73056] <f..T...... playground/social-connections-backbone/README.md
2017/02/10 00:47:31 [73056] <f..T...... playground/social-connections-backbone/config.rb
2017/02/10 00:47:31 [73056] <f..T...... playground/social-connections-backbone/index.html
2017/02/10 00:47:31 [73056] <f..T...... playground/social-connections-backbone/assets/fonts/lato-lig-webfont.eot
2017/02/10 00:47:31 [73056] <f..T...... playground/social-connections-backbone/assets/fonts/lato-lig-webfont.svg
2017/02/10 00:47:31 [73056] <f..T...... playground/social-connections-backbone/assets/fonts/lato-lig-webfont.ttf
2017/02/10 00:47:31 [73056] <f..T...... playground/social-connections-backbone/assets/fonts/lato-lig-webfont.woff
2017/02/10 00:47:31 [73056] <f..T...... playground/social-connections-backbone/assets/fonts/lato-reg-webfont.eot
2017/02/10 00:47:31 [73056] <f..T...... playground/social-connections-backbone/assets/fonts/lato-reg-webfont.svg
2017/02/10 00:47:31 [73056] <f..T...... playground/social-connections-backbone/assets/fonts/lato-reg-webfont.ttf
2017/02/10 00:47:31 [73056] <f..T...... playground/social-connections-backbone/assets/fonts/lato-reg-webfont.woff
2017/02/10 00:47:31 [73056] <f..T...... playground/social-connections-backbone/css/screen.css
2017/02/10 00:47:31 [73056] <f..T...... playground/social-connections-backbone/css/sass/screen.scss
2017/02/10 00:47:31 [73056] <f..T...... playground/social-connections-backbone/js/app.js
2017/02/10 00:47:31 [73056] <f..T...... playground/social-connections-backbone/js/data.js
2017/02/10 00:47:31 [73056] <f..T...... playground/social-connections-backbone/js/lib/vendor/backbone.js
2017/02/10 00:47:31 [73056] <f..T...... playground/social-connections-backbone/js/lib/vendor/jquery.js
2017/02/10 00:47:31 [73056] <f..T...... playground/social-connections-backbone/js/lib/vendor/underscore.js
2017/02/10 00:47:31 [73056] <f..T...... playground/turn-off-tv/index.html
2017/02/10 00:47:31 [73056] <f..T...... playground/turn-off-tv/jquery.turn-off-tv.min.js
2017/02/10 00:47:31 [73056] <f..T...... playground/turn-off-tv/turn-off-tv.css
2017/02/10 00:47:31 [73056] <f..T...... playground/turn-off-tv/lib/jquery-1.10.2.min.js
2017/02/10 00:47:31 [73056] sent 17125 bytes  received 83849 bytes  total size 10253924
2017/02/10 00:48:21 [73254] building file list
2017/02/10 00:48:21 [73254] <f..T...... .htaccess
2017/02/10 00:48:21 [73254] <f..T...... 404.html
2017/02/10 00:48:21 [73254] <f..T...... apple-touch-icon.png
2017/02/10 00:48:21 [73254] <f..T...... crossdomain.xml
2017/02/10 00:48:21 [73254] <f..T...... favicon.ico
2017/02/10 00:48:21 [73254] <f..T...... favicon.png
2017/02/10 00:48:21 [73254] <f..T...... humans.txt
2017/02/10 00:48:21 [73254] <f..T...... index.html
2017/02/10 00:48:21 [73254] <f..T...... playground.html
2017/02/10 00:48:21 [73254] <f..T...... robots.txt
2017/02/10 00:48:21 [73254] <f..T...... sitemap.xml
2017/02/10 00:48:21 [73254] <f..T...... assets/css/main.css
2017/02/10 00:48:21 [73254] <f..T...... assets/downloads/pdf/36, telme, 03-2003.pdf
2017/02/10 00:48:21 [73254] <f..T...... assets/downloads/pdf/mobil-35-motorola.pdf
2017/02/10 00:48:21 [73254] <f..T...... assets/downloads/pdf/mobil-37-microsoft.pdf
2017/02/10 00:48:21 [73254] <f..T...... assets/downloads/pdf/mobil-37-stungun.pdf
2017/02/10 00:48:21 [73254] <f..T...... assets/downloads/pdf/mobil-40-41-alcatel.pdf
2017/02/10 00:48:21 [73254] <f..T...... assets/downloads/pdf/mobil-40-41-treo.pdf
2017/02/10 00:48:21 [73254] <f..T...... assets/downloads/pdf/mobil-75-usa.pdf
2017/02/10 00:48:21 [73254] <f..T...... assets/downloads/pdf/mobil-92-iphone.pdf
2017/02/10 00:48:21 [73254] <f..T...... assets/downloads/pdf/mreza-nokia.pdf
2017/02/10 00:48:21 [73254] <f..T...... assets/fonts/OpenSans-Light-webfont.eot
2017/02/10 00:48:21 [73254] <f..T...... assets/fonts/OpenSans-Light-webfont.svg
2017/02/10 00:48:21 [73254] <f..T...... assets/fonts/OpenSans-Light-webfont.ttf
2017/02/10 00:48:21 [73254] <f..T...... assets/fonts/OpenSans-Light-webfont.woff
2017/02/10 00:48:21 [73254] <f..T...... assets/fonts/OpenSans-Regular-webfont.eot
2017/02/10 00:48:21 [73254] <f..T...... assets/fonts/OpenSans-Regular-webfont.svg
2017/02/10 00:48:21 [73254] <f..T...... assets/fonts/OpenSans-Regular-webfont.ttf
2017/02/10 00:48:21 [73254] <f..T...... assets/fonts/OpenSans-Regular-webfont.woff
2017/02/10 00:48:21 [73254] <f..T...... assets/fonts/iconfont.eot
2017/02/10 00:48:21 [73254] <f..T...... assets/fonts/iconfont.svg
2017/02/10 00:48:21 [73254] <f..T...... assets/fonts/iconfont.ttf
2017/02/10 00:48:21 [73254] <f..T...... assets/fonts/iconfont.woff
2017/02/10 00:48:21 [73254] <f..T...... assets/fonts/iconfont.woff2
2017/02/10 00:48:21 [73254] <f..T...... assets/fonts/lato/lato-lig-webfont.eot
2017/02/10 00:48:21 [73254] <f..T...... assets/fonts/lato/lato-lig-webfont.ttf
2017/02/10 00:48:21 [73254] <f..T...... assets/fonts/lato/lato-lig-webfont.woff
2017/02/10 00:48:21 [73254] <f..T...... assets/fonts/lato/lato-reg-webfont.eot
2017/02/10 00:48:21 [73254] <f..T...... assets/fonts/lato/lato-reg-webfont.ttf
2017/02/10 00:48:21 [73254] <f..T...... assets/fonts/lato/lato-reg-webfont.woff
2017/02/10 00:48:21 [73254] <f.sT...... assets/images/bg.jpg
2017/02/10 00:48:21 [73254] <f..T...... assets/images/bg.webp
2017/02/10 00:48:21 [73254] <f..T...... assets/images/pixel.gif
2017/02/10 00:48:21 [73254] <f..T...... assets/images/profile.jpg
2017/02/10 00:48:21 [73254] <f..T...... assets/images/profile.webp
2017/02/10 00:48:21 [73254] <f..T...... assets/images/profile@2x.jpg
2017/02/10 00:48:21 [73254] <f..T...... assets/images/profile@2x.webp
2017/02/10 00:48:21 [73254] <f..T...... assets/images/articles/alcatel.jpg
2017/02/10 00:48:21 [73254] <f..T...... assets/images/articles/alcatel.webp
2017/02/10 00:48:21 [73254] <f..T...... assets/images/articles/iphone.jpg
2017/02/10 00:48:21 [73254] <f..T...... assets/images/articles/iphone.webp
2017/02/10 00:48:21 [73254] <f..T...... assets/images/articles/motorola.jpg
2017/02/10 00:48:21 [73254] <f..T...... assets/images/articles/motorola.webp
2017/02/10 00:48:21 [73254] <f..T...... assets/images/articles/ms.jpg
2017/02/10 00:48:21 [73254] <f..T...... assets/images/articles/ms.webp
2017/02/10 00:48:21 [73254] <f..T...... assets/images/articles/nokia.jpg
2017/02/10 00:48:21 [73254] <f..T...... assets/images/articles/nokia.webp
2017/02/10 00:48:21 [73254] <f..T...... assets/images/articles/stungun.jpg
2017/02/10 00:48:21 [73254] <f..T...... assets/images/articles/stungun.webp
2017/02/10 00:48:21 [73254] <f..T...... assets/images/articles/treo.jpg
2017/02/10 00:48:21 [73254] <f..T...... assets/images/articles/treo.webp
2017/02/10 00:48:21 [73254] <f..T...... assets/images/articles/usa.jpg
2017/02/10 00:48:21 [73254] <f..T...... assets/images/articles/usa.webp
2017/02/10 00:48:21 [73254] <f..T...... assets/images/photos/adriatic-sea.jpg
2017/02/10 00:48:21 [73254] <f..T...... assets/images/photos/adriatic-sea.webp
2017/02/10 00:48:21 [73254] <f..T...... assets/images/photos/autumn-in-zrinjevac.jpg
2017/02/10 00:48:21 [73254] <f..T...... assets/images/photos/autumn-in-zrinjevac.webp
2017/02/10 00:48:21 [73254] <f..T...... assets/images/photos/big-ben.jpg
2017/02/10 00:48:21 [73254] <f..T...... assets/images/photos/big-ben.webp
2017/02/10 00:48:21 [73254] <f..T...... assets/images/photos/cat.jpg
2017/02/10 00:48:21 [73254] <f..T...... assets/images/photos/cat.webp
2017/02/10 00:48:21 [73254] <f..T...... assets/images/photos/dijana.jpg
2017/02/10 00:48:21 [73254] <f..T...... assets/images/photos/dijana.webp
2017/02/10 00:48:21 [73254] <f..T...... assets/images/photos/double-rainbow-in-paris.jpg
2017/02/10 00:48:21 [73254] <f..T...... assets/images/photos/double-rainbow-in-paris.webp
2017/02/10 00:48:21 [73254] <f..T...... assets/images/photos/flowers.jpg
2017/02/10 00:48:21 [73254] <f..T...... assets/images/photos/flowers.webp
2017/02/10 00:48:21 [73254] <f..T...... assets/images/photos/hana.jpg
2017/02/10 00:48:21 [73254] <f..T...... assets/images/photos/hana.webp
2017/02/10 00:48:21 [73254] <f..T...... assets/images/photos/paris-sunset.jpg
2017/02/10 00:48:21 [73254] <f..T...... assets/images/photos/paris-sunset.webp
2017/02/10 00:48:21 [73254] <f..T...... assets/images/photos/stuck-in-traffic.jpg
2017/02/10 00:48:21 [73254] <f..T...... assets/images/photos/stuck-in-traffic.webp
2017/02/10 00:48:21 [73254] <f..T...... assets/images/photos/tower-bridge.jpg
2017/02/10 00:48:21 [73254] <f..T...... assets/images/photos/tower-bridge.webp
2017/02/10 00:48:22 [73254] <f..T...... assets/js/all.js
2017/02/10 00:48:22 [73254] <f..T...... playground/hexclock/config.rb
2017/02/10 00:48:22 [73254] <f..T...... playground/hexclock/index.html
2017/02/10 00:48:22 [73254] <f..T...... playground/hexclock/assets/fonts/lato-lig-webfont.eot
2017/02/10 00:48:22 [73254] <f..T...... playground/hexclock/assets/fonts/lato-lig-webfont.svg
2017/02/10 00:48:22 [73254] <f..T...... playground/hexclock/assets/fonts/lato-lig-webfont.ttf
2017/02/10 00:48:22 [73254] <f..T...... playground/hexclock/assets/fonts/lato-lig-webfont.woff
2017/02/10 00:48:22 [73254] <f..T...... playground/hexclock/assets/fonts/lato-reg-webfont.eot
2017/02/10 00:48:22 [73254] <f..T...... playground/hexclock/assets/fonts/lato-reg-webfont.svg
2017/02/10 00:48:22 [73254] <f..T...... playground/hexclock/assets/fonts/lato-reg-webfont.ttf
2017/02/10 00:48:22 [73254] <f..T...... playground/hexclock/assets/fonts/lato-reg-webfont.woff
2017/02/10 00:48:22 [73254] <f..T...... playground/hexclock/css/screen.css
2017/02/10 00:48:22 [73254] <f..T...... playground/hexclock/css/sass/screen.scss
2017/02/10 00:48:22 [73254] <f..T...... playground/poof/LICENSE.txt
2017/02/10 00:48:22 [73254] <f..T...... playground/poof/README.md
2017/02/10 00:48:22 [73254] <f..T...... playground/poof/config.rb
2017/02/10 00:48:22 [73254] <f..T...... playground/poof/index.html
2017/02/10 00:48:22 [73254] <f..T...... playground/poof/poof.js
2017/02/10 00:48:22 [73254] <f..T...... playground/poof/poof.min.js
2017/02/10 00:48:22 [73254] <f..T...... playground/poof/css/main.css
2017/02/10 00:48:22 [73254] <f..T...... playground/poof/css/scss/_normalize.scss
2017/02/10 00:48:22 [73254] <f..T...... playground/poof/css/scss/main.scss
2017/02/10 00:48:22 [73254] <f..T...... playground/poof/images/poof-48.png
2017/02/10 00:48:22 [73254] <f..T...... playground/social-connections-backbone/README.md
2017/02/10 00:48:22 [73254] <f..T...... playground/social-connections-backbone/config.rb
2017/02/10 00:48:22 [73254] <f..T...... playground/social-connections-backbone/index.html
2017/02/10 00:48:22 [73254] <f..T...... playground/social-connections-backbone/assets/fonts/lato-lig-webfont.eot
2017/02/10 00:48:22 [73254] <f..T...... playground/social-connections-backbone/assets/fonts/lato-lig-webfont.svg
2017/02/10 00:48:22 [73254] <f..T...... playground/social-connections-backbone/assets/fonts/lato-lig-webfont.ttf
2017/02/10 00:48:22 [73254] <f..T...... playground/social-connections-backbone/assets/fonts/lato-lig-webfont.woff
2017/02/10 00:48:22 [73254] <f..T...... playground/social-connections-backbone/assets/fonts/lato-reg-webfont.eot
2017/02/10 00:48:22 [73254] <f..T...... playground/social-connections-backbone/assets/fonts/lato-reg-webfont.svg
2017/02/10 00:48:22 [73254] <f..T...... playground/social-connections-backbone/assets/fonts/lato-reg-webfont.ttf
2017/02/10 00:48:22 [73254] <f..T...... playground/social-connections-backbone/assets/fonts/lato-reg-webfont.woff
2017/02/10 00:48:22 [73254] <f..T...... playground/social-connections-backbone/css/screen.css
2017/02/10 00:48:22 [73254] <f..T...... playground/social-connections-backbone/css/sass/screen.scss
2017/02/10 00:48:22 [73254] <f..T...... playground/social-connections-backbone/js/app.js
2017/02/10 00:48:22 [73254] <f..T...... playground/social-connections-backbone/js/data.js
2017/02/10 00:48:22 [73254] <f..T...... playground/social-connections-backbone/js/lib/vendor/backbone.js
2017/02/10 00:48:22 [73254] <f..T...... playground/social-connections-backbone/js/lib/vendor/jquery.js
2017/02/10 00:48:22 [73254] <f..T...... playground/social-connections-backbone/js/lib/vendor/underscore.js
2017/02/10 00:48:22 [73254] <f..T...... playground/turn-off-tv/index.html
2017/02/10 00:48:22 [73254] <f..T...... playground/turn-off-tv/jquery.turn-off-tv.min.js
2017/02/10 00:48:22 [73254] <f..T...... playground/turn-off-tv/turn-off-tv.css
2017/02/10 00:48:22 [73254] <f..T...... playground/turn-off-tv/lib/jquery-1.10.2.min.js
2017/02/10 00:48:22 [73254] sent 19297 bytes  received 83643 bytes  total size 10256060
2017/02/10 00:48:56 [73431] building file list
2017/02/10 00:48:56 [73431] <f..T...... .htaccess
2017/02/10 00:48:56 [73431] <f..T...... 404.html
2017/02/10 00:48:56 [73431] <f..T...... apple-touch-icon.png
2017/02/10 00:48:56 [73431] <f..T...... crossdomain.xml
2017/02/10 00:48:56 [73431] <f..T...... favicon.ico
2017/02/10 00:48:56 [73431] <f..T...... favicon.png
2017/02/10 00:48:56 [73431] <f..T...... humans.txt
2017/02/10 00:48:56 [73431] <f..T...... index.html
2017/02/10 00:48:56 [73431] <f..T...... playground.html
2017/02/10 00:48:56 [73431] <f..T...... robots.txt
2017/02/10 00:48:56 [73431] <f..T...... sitemap.xml
2017/02/10 00:48:56 [73431] <f..T...... assets/css/main.css
2017/02/10 00:48:56 [73431] <f..T...... assets/downloads/pdf/36, telme, 03-2003.pdf
2017/02/10 00:48:56 [73431] <f..T...... assets/downloads/pdf/mobil-35-motorola.pdf
2017/02/10 00:48:56 [73431] <f..T...... assets/downloads/pdf/mobil-37-microsoft.pdf
2017/02/10 00:48:56 [73431] <f..T...... assets/downloads/pdf/mobil-37-stungun.pdf
2017/02/10 00:48:56 [73431] <f..T...... assets/downloads/pdf/mobil-40-41-alcatel.pdf
2017/02/10 00:48:56 [73431] <f..T...... assets/downloads/pdf/mobil-40-41-treo.pdf
2017/02/10 00:48:56 [73431] <f..T...... assets/downloads/pdf/mobil-75-usa.pdf
2017/02/10 00:48:56 [73431] <f..T...... assets/downloads/pdf/mobil-92-iphone.pdf
2017/02/10 00:48:56 [73431] <f..T...... assets/downloads/pdf/mreza-nokia.pdf
2017/02/10 00:48:56 [73431] <f..T...... assets/fonts/OpenSans-Light-webfont.eot
2017/02/10 00:48:56 [73431] <f..T...... assets/fonts/OpenSans-Light-webfont.svg
2017/02/10 00:48:56 [73431] <f..T...... assets/fonts/OpenSans-Light-webfont.ttf
2017/02/10 00:48:56 [73431] <f..T...... assets/fonts/OpenSans-Light-webfont.woff
2017/02/10 00:48:56 [73431] <f..T...... assets/fonts/OpenSans-Regular-webfont.eot
2017/02/10 00:48:56 [73431] <f..T...... assets/fonts/OpenSans-Regular-webfont.svg
2017/02/10 00:48:56 [73431] <f..T...... assets/fonts/OpenSans-Regular-webfont.ttf
2017/02/10 00:48:56 [73431] <f..T...... assets/fonts/OpenSans-Regular-webfont.woff
2017/02/10 00:48:56 [73431] <f..T...... assets/fonts/iconfont.eot
2017/02/10 00:48:56 [73431] <f..T...... assets/fonts/iconfont.svg
2017/02/10 00:48:56 [73431] <f..T...... assets/fonts/iconfont.ttf
2017/02/10 00:48:56 [73431] <f..T...... assets/fonts/iconfont.woff
2017/02/10 00:48:56 [73431] <f..T...... assets/fonts/iconfont.woff2
2017/02/10 00:48:56 [73431] <f..T...... assets/fonts/lato/lato-lig-webfont.eot
2017/02/10 00:48:56 [73431] <f..T...... assets/fonts/lato/lato-lig-webfont.ttf
2017/02/10 00:48:56 [73431] <f..T...... assets/fonts/lato/lato-lig-webfont.woff
2017/02/10 00:48:56 [73431] <f..T...... assets/fonts/lato/lato-reg-webfont.eot
2017/02/10 00:48:56 [73431] <f..T...... assets/fonts/lato/lato-reg-webfont.ttf
2017/02/10 00:48:56 [73431] <f..T...... assets/fonts/lato/lato-reg-webfont.woff
2017/02/10 00:48:56 [73431] <f.sT...... assets/images/bg.jpg
2017/02/10 00:48:56 [73431] <f..T...... assets/images/bg.webp
2017/02/10 00:48:56 [73431] <f..T...... assets/images/pixel.gif
2017/02/10 00:48:56 [73431] <f..T...... assets/images/profile.jpg
2017/02/10 00:48:56 [73431] <f..T...... assets/images/profile.webp
2017/02/10 00:48:56 [73431] <f..T...... assets/images/profile@2x.jpg
2017/02/10 00:48:56 [73431] <f..T...... assets/images/profile@2x.webp
2017/02/10 00:48:56 [73431] <f..T...... assets/images/articles/alcatel.jpg
2017/02/10 00:48:56 [73431] <f..T...... assets/images/articles/alcatel.webp
2017/02/10 00:48:56 [73431] <f..T...... assets/images/articles/iphone.jpg
2017/02/10 00:48:56 [73431] <f..T...... assets/images/articles/iphone.webp
2017/02/10 00:48:56 [73431] <f..T...... assets/images/articles/motorola.jpg
2017/02/10 00:48:56 [73431] <f..T...... assets/images/articles/motorola.webp
2017/02/10 00:48:56 [73431] <f..T...... assets/images/articles/ms.jpg
2017/02/10 00:48:56 [73431] <f..T...... assets/images/articles/ms.webp
2017/02/10 00:48:56 [73431] <f..T...... assets/images/articles/nokia.jpg
2017/02/10 00:48:56 [73431] <f..T...... assets/images/articles/nokia.webp
2017/02/10 00:48:56 [73431] <f..T...... assets/images/articles/stungun.jpg
2017/02/10 00:48:56 [73431] <f..T...... assets/images/articles/stungun.webp
2017/02/10 00:48:56 [73431] <f..T...... assets/images/articles/treo.jpg
2017/02/10 00:48:56 [73431] <f..T...... assets/images/articles/treo.webp
2017/02/10 00:48:56 [73431] <f..T...... assets/images/articles/usa.jpg
2017/02/10 00:48:56 [73431] <f..T...... assets/images/articles/usa.webp
2017/02/10 00:48:56 [73431] <f..T...... assets/images/photos/adriatic-sea.jpg
2017/02/10 00:48:56 [73431] <f..T...... assets/images/photos/adriatic-sea.webp
2017/02/10 00:48:56 [73431] <f..T...... assets/images/photos/autumn-in-zrinjevac.jpg
2017/02/10 00:48:56 [73431] <f..T...... assets/images/photos/autumn-in-zrinjevac.webp
2017/02/10 00:48:56 [73431] <f..T...... assets/images/photos/big-ben.jpg
2017/02/10 00:48:56 [73431] <f..T...... assets/images/photos/big-ben.webp
2017/02/10 00:48:56 [73431] <f..T...... assets/images/photos/cat.jpg
2017/02/10 00:48:56 [73431] <f..T...... assets/images/photos/cat.webp
2017/02/10 00:48:56 [73431] <f..T...... assets/images/photos/dijana.jpg
2017/02/10 00:48:56 [73431] <f..T...... assets/images/photos/dijana.webp
2017/02/10 00:48:56 [73431] <f..T...... assets/images/photos/double-rainbow-in-paris.jpg
2017/02/10 00:48:56 [73431] <f..T...... assets/images/photos/double-rainbow-in-paris.webp
2017/02/10 00:48:56 [73431] <f..T...... assets/images/photos/flowers.jpg
2017/02/10 00:48:56 [73431] <f..T...... assets/images/photos/flowers.webp
2017/02/10 00:48:56 [73431] <f..T...... assets/images/photos/hana.jpg
2017/02/10 00:48:57 [73431] <f..T...... assets/images/photos/hana.webp
2017/02/10 00:48:57 [73431] <f..T...... assets/images/photos/paris-sunset.jpg
2017/02/10 00:48:57 [73431] <f..T...... assets/images/photos/paris-sunset.webp
2017/02/10 00:48:57 [73431] <f..T...... assets/images/photos/stuck-in-traffic.jpg
2017/02/10 00:48:57 [73431] <f..T...... assets/images/photos/stuck-in-traffic.webp
2017/02/10 00:48:57 [73431] <f..T...... assets/images/photos/tower-bridge.jpg
2017/02/10 00:48:57 [73431] <f..T...... assets/images/photos/tower-bridge.webp
2017/02/10 00:48:57 [73431] <f..T...... assets/js/all.js
2017/02/10 00:48:57 [73431] <f..T...... playground/hexclock/config.rb
2017/02/10 00:48:57 [73431] <f..T...... playground/hexclock/index.html
2017/02/10 00:48:57 [73431] <f..T...... playground/hexclock/assets/fonts/lato-lig-webfont.eot
2017/02/10 00:48:57 [73431] <f..T...... playground/hexclock/assets/fonts/lato-lig-webfont.svg
2017/02/10 00:48:57 [73431] <f..T...... playground/hexclock/assets/fonts/lato-lig-webfont.ttf
2017/02/10 00:48:57 [73431] <f..T...... playground/hexclock/assets/fonts/lato-lig-webfont.woff
2017/02/10 00:48:57 [73431] <f..T...... playground/hexclock/assets/fonts/lato-reg-webfont.eot
2017/02/10 00:48:57 [73431] <f..T...... playground/hexclock/assets/fonts/lato-reg-webfont.svg
2017/02/10 00:48:57 [73431] <f..T...... playground/hexclock/assets/fonts/lato-reg-webfont.ttf
2017/02/10 00:48:57 [73431] <f..T...... playground/hexclock/assets/fonts/lato-reg-webfont.woff
2017/02/10 00:48:57 [73431] <f..T...... playground/hexclock/css/screen.css
2017/02/10 00:48:57 [73431] <f..T...... playground/hexclock/css/sass/screen.scss
2017/02/10 00:48:57 [73431] <f..T...... playground/poof/LICENSE.txt
2017/02/10 00:48:57 [73431] <f..T...... playground/poof/README.md
2017/02/10 00:48:57 [73431] <f..T...... playground/poof/config.rb
2017/02/10 00:48:57 [73431] <f..T...... playground/poof/index.html
2017/02/10 00:48:57 [73431] <f..T...... playground/poof/poof.js
2017/02/10 00:48:57 [73431] <f..T...... playground/poof/poof.min.js
2017/02/10 00:48:57 [73431] <f..T...... playground/poof/css/main.css
2017/02/10 00:48:57 [73431] <f..T...... playground/poof/css/scss/_normalize.scss
2017/02/10 00:48:57 [73431] <f..T...... playground/poof/css/scss/main.scss
2017/02/10 00:48:57 [73431] <f..T...... playground/poof/images/poof-48.png
2017/02/10 00:48:57 [73431] <f..T...... playground/social-connections-backbone/README.md
2017/02/10 00:48:57 [73431] <f..T...... playground/social-connections-backbone/config.rb
2017/02/10 00:48:57 [73431] <f..T...... playground/social-connections-backbone/index.html
2017/02/10 00:48:57 [73431] <f..T...... playground/social-connections-backbone/assets/fonts/lato-lig-webfont.eot
2017/02/10 00:48:57 [73431] <f..T...... playground/social-connections-backbone/assets/fonts/lato-lig-webfont.svg
2017/02/10 00:48:57 [73431] <f..T...... playground/social-connections-backbone/assets/fonts/lato-lig-webfont.ttf
2017/02/10 00:48:57 [73431] <f..T...... playground/social-connections-backbone/assets/fonts/lato-lig-webfont.woff
2017/02/10 00:48:57 [73431] <f..T...... playground/social-connections-backbone/assets/fonts/lato-reg-webfont.eot
2017/02/10 00:48:57 [73431] <f..T...... playground/social-connections-backbone/assets/fonts/lato-reg-webfont.svg
2017/02/10 00:48:57 [73431] <f..T...... playground/social-connections-backbone/assets/fonts/lato-reg-webfont.ttf
2017/02/10 00:48:57 [73431] <f..T...... playground/social-connections-backbone/assets/fonts/lato-reg-webfont.woff
2017/02/10 00:48:57 [73431] <f..T...... playground/social-connections-backbone/css/screen.css
2017/02/10 00:48:57 [73431] <f..T...... playground/social-connections-backbone/css/sass/screen.scss
2017/02/10 00:48:57 [73431] <f..T...... playground/social-connections-backbone/js/app.js
2017/02/10 00:48:57 [73431] <f..T...... playground/social-connections-backbone/js/data.js
2017/02/10 00:48:57 [73431] <f..T...... playground/social-connections-backbone/js/lib/vendor/backbone.js
2017/02/10 00:48:57 [73431] <f..T...... playground/social-connections-backbone/js/lib/vendor/jquery.js
2017/02/10 00:48:57 [73431] <f..T...... playground/social-connections-backbone/js/lib/vendor/underscore.js
2017/02/10 00:48:57 [73431] <f..T...... playground/turn-off-tv/index.html
2017/02/10 00:48:57 [73431] <f..T...... playground/turn-off-tv/jquery.turn-off-tv.min.js
2017/02/10 00:48:57 [73431] <f..T...... playground/turn-off-tv/turn-off-tv.css
2017/02/10 00:48:57 [73431] <f..T...... playground/turn-off-tv/lib/jquery-1.10.2.min.js
2017/02/10 00:48:57 [73431] sent 22842 bytes  received 83717 bytes  total size 10259472
2017/02/10 00:49:50 [73639] building file list
2017/02/10 00:49:50 [73639] <f..T...... .htaccess
2017/02/10 00:49:50 [73639] <f..T...... 404.html
2017/02/10 00:49:50 [73639] <f..T...... apple-touch-icon.png
2017/02/10 00:49:50 [73639] <f..T...... crossdomain.xml
2017/02/10 00:49:50 [73639] <f..T...... favicon.ico
2017/02/10 00:49:50 [73639] <f..T...... favicon.png
2017/02/10 00:49:50 [73639] <f..T...... humans.txt
2017/02/10 00:49:50 [73639] <f..T...... index.html
2017/02/10 00:49:50 [73639] <f..T...... playground.html
2017/02/10 00:49:50 [73639] <f..T...... robots.txt
2017/02/10 00:49:50 [73639] <f..T...... sitemap.xml
2017/02/10 00:49:50 [73639] <f..T...... assets/css/main.css
2017/02/10 00:49:50 [73639] <f..T...... assets/downloads/pdf/36, telme, 03-2003.pdf
2017/02/10 00:49:50 [73639] <f..T...... assets/downloads/pdf/mobil-35-motorola.pdf
2017/02/10 00:49:50 [73639] <f..T...... assets/downloads/pdf/mobil-37-microsoft.pdf
2017/02/10 00:49:50 [73639] <f..T...... assets/downloads/pdf/mobil-37-stungun.pdf
2017/02/10 00:49:50 [73639] <f..T...... assets/downloads/pdf/mobil-40-41-alcatel.pdf
2017/02/10 00:49:50 [73639] <f..T...... assets/downloads/pdf/mobil-40-41-treo.pdf
2017/02/10 00:49:50 [73639] <f..T...... assets/downloads/pdf/mobil-75-usa.pdf
2017/02/10 00:49:50 [73639] <f..T...... assets/downloads/pdf/mobil-92-iphone.pdf
2017/02/10 00:49:50 [73639] <f..T...... assets/downloads/pdf/mreza-nokia.pdf
2017/02/10 00:49:50 [73639] <f..T...... assets/fonts/OpenSans-Light-webfont.eot
2017/02/10 00:49:50 [73639] <f..T...... assets/fonts/OpenSans-Light-webfont.svg
2017/02/10 00:49:50 [73639] <f..T...... assets/fonts/OpenSans-Light-webfont.ttf
2017/02/10 00:49:50 [73639] <f..T...... assets/fonts/OpenSans-Light-webfont.woff
2017/02/10 00:49:50 [73639] <f..T...... assets/fonts/OpenSans-Regular-webfont.eot
2017/02/10 00:49:50 [73639] <f..T...... assets/fonts/OpenSans-Regular-webfont.svg
2017/02/10 00:49:50 [73639] <f..T...... assets/fonts/OpenSans-Regular-webfont.ttf
2017/02/10 00:49:50 [73639] <f..T...... assets/fonts/OpenSans-Regular-webfont.woff
2017/02/10 00:49:50 [73639] <f..T...... assets/fonts/iconfont.eot
2017/02/10 00:49:50 [73639] <f..T...... assets/fonts/iconfont.svg
2017/02/10 00:49:50 [73639] <f..T...... assets/fonts/iconfont.ttf
2017/02/10 00:49:50 [73639] <f..T...... assets/fonts/iconfont.woff
2017/02/10 00:49:50 [73639] <f..T...... assets/fonts/iconfont.woff2
2017/02/10 00:49:50 [73639] <f..T...... assets/fonts/lato/lato-lig-webfont.eot
2017/02/10 00:49:50 [73639] <f..T...... assets/fonts/lato/lato-lig-webfont.ttf
2017/02/10 00:49:50 [73639] <f..T...... assets/fonts/lato/lato-lig-webfont.woff
2017/02/10 00:49:50 [73639] <f..T...... assets/fonts/lato/lato-reg-webfont.eot
2017/02/10 00:49:50 [73639] <f..T...... assets/fonts/lato/lato-reg-webfont.ttf
2017/02/10 00:49:50 [73639] <f..T...... assets/fonts/lato/lato-reg-webfont.woff
2017/02/10 00:49:50 [73639] <f.sT...... assets/images/bg.jpg
2017/02/10 00:49:50 [73639] <f..T...... assets/images/bg.webp
2017/02/10 00:49:50 [73639] <f..T...... assets/images/pixel.gif
2017/02/10 00:49:50 [73639] <f..T...... assets/images/profile.jpg
2017/02/10 00:49:50 [73639] <f..T...... assets/images/profile.webp
2017/02/10 00:49:50 [73639] <f..T...... assets/images/profile@2x.jpg
2017/02/10 00:49:50 [73639] <f..T...... assets/images/profile@2x.webp
2017/02/10 00:49:50 [73639] <f..T...... assets/images/articles/alcatel.jpg
2017/02/10 00:49:50 [73639] <f..T...... assets/images/articles/alcatel.webp
2017/02/10 00:49:50 [73639] <f..T...... assets/images/articles/iphone.jpg
2017/02/10 00:49:50 [73639] <f..T...... assets/images/articles/iphone.webp
2017/02/10 00:49:50 [73639] <f..T...... assets/images/articles/motorola.jpg
2017/02/10 00:49:50 [73639] <f..T...... assets/images/articles/motorola.webp
2017/02/10 00:49:50 [73639] <f..T...... assets/images/articles/ms.jpg
2017/02/10 00:49:50 [73639] <f..T...... assets/images/articles/ms.webp
2017/02/10 00:49:50 [73639] <f..T...... assets/images/articles/nokia.jpg
2017/02/10 00:49:50 [73639] <f..T...... assets/images/articles/nokia.webp
2017/02/10 00:49:50 [73639] <f..T...... assets/images/articles/stungun.jpg
2017/02/10 00:49:50 [73639] <f..T...... assets/images/articles/stungun.webp
2017/02/10 00:49:50 [73639] <f..T...... assets/images/articles/treo.jpg
2017/02/10 00:49:50 [73639] <f..T...... assets/images/articles/treo.webp
2017/02/10 00:49:50 [73639] <f..T...... assets/images/articles/usa.jpg
2017/02/10 00:49:50 [73639] <f..T...... assets/images/articles/usa.webp
2017/02/10 00:49:50 [73639] <f..T...... assets/images/photos/adriatic-sea.jpg
2017/02/10 00:49:50 [73639] <f..T...... assets/images/photos/adriatic-sea.webp
2017/02/10 00:49:50 [73639] <f..T...... assets/images/photos/autumn-in-zrinjevac.jpg
2017/02/10 00:49:50 [73639] <f..T...... assets/images/photos/autumn-in-zrinjevac.webp
2017/02/10 00:49:50 [73639] <f..T...... assets/images/photos/big-ben.jpg
2017/02/10 00:49:50 [73639] <f..T...... assets/images/photos/big-ben.webp
2017/02/10 00:49:50 [73639] <f..T...... assets/images/photos/cat.jpg
2017/02/10 00:49:50 [73639] <f..T...... assets/images/photos/cat.webp
2017/02/10 00:49:50 [73639] <f..T...... assets/images/photos/dijana.jpg
2017/02/10 00:49:50 [73639] <f..T...... assets/images/photos/dijana.webp
2017/02/10 00:49:50 [73639] <f..T...... assets/images/photos/double-rainbow-in-paris.jpg
2017/02/10 00:49:50 [73639] <f..T...... assets/images/photos/double-rainbow-in-paris.webp
2017/02/10 00:49:50 [73639] <f..T...... assets/images/photos/flowers.jpg
2017/02/10 00:49:50 [73639] <f..T...... assets/images/photos/flowers.webp
2017/02/10 00:49:50 [73639] <f..T...... assets/images/photos/hana.jpg
2017/02/10 00:49:50 [73639] <f..T...... assets/images/photos/hana.webp
2017/02/10 00:49:50 [73639] <f..T...... assets/images/photos/paris-sunset.jpg
2017/02/10 00:49:50 [73639] <f..T...... assets/images/photos/paris-sunset.webp
2017/02/10 00:49:50 [73639] <f..T...... assets/images/photos/stuck-in-traffic.jpg
2017/02/10 00:49:50 [73639] <f..T...... assets/images/photos/stuck-in-traffic.webp
2017/02/10 00:49:50 [73639] <f..T...... assets/images/photos/tower-bridge.jpg
2017/02/10 00:49:50 [73639] <f..T...... assets/images/photos/tower-bridge.webp
2017/02/10 00:49:50 [73639] <f..T...... assets/js/all.js
2017/02/10 00:49:50 [73639] <f..T...... playground/hexclock/config.rb
2017/02/10 00:49:50 [73639] <f..T...... playground/hexclock/index.html
2017/02/10 00:49:50 [73639] <f..T...... playground/hexclock/assets/fonts/lato-lig-webfont.eot
2017/02/10 00:49:50 [73639] <f..T...... playground/hexclock/assets/fonts/lato-lig-webfont.svg
2017/02/10 00:49:50 [73639] <f..T...... playground/hexclock/assets/fonts/lato-lig-webfont.ttf
2017/02/10 00:49:50 [73639] <f..T...... playground/hexclock/assets/fonts/lato-lig-webfont.woff
2017/02/10 00:49:50 [73639] <f..T...... playground/hexclock/assets/fonts/lato-reg-webfont.eot
2017/02/10 00:49:50 [73639] <f..T...... playground/hexclock/assets/fonts/lato-reg-webfont.svg
2017/02/10 00:49:50 [73639] <f..T...... playground/hexclock/assets/fonts/lato-reg-webfont.ttf
2017/02/10 00:49:50 [73639] <f..T...... playground/hexclock/assets/fonts/lato-reg-webfont.woff
2017/02/10 00:49:50 [73639] <f..T...... playground/hexclock/css/screen.css
2017/02/10 00:49:50 [73639] <f..T...... playground/hexclock/css/sass/screen.scss
2017/02/10 00:49:50 [73639] <f..T...... playground/poof/LICENSE.txt
2017/02/10 00:49:50 [73639] <f..T...... playground/poof/README.md
2017/02/10 00:49:50 [73639] <f..T...... playground/poof/config.rb
2017/02/10 00:49:50 [73639] <f..T...... playground/poof/index.html
2017/02/10 00:49:50 [73639] <f..T...... playground/poof/poof.js
2017/02/10 00:49:50 [73639] <f..T...... playground/poof/poof.min.js
2017/02/10 00:49:50 [73639] <f..T...... playground/poof/css/main.css
2017/02/10 00:49:50 [73639] <f..T...... playground/poof/css/scss/_normalize.scss
2017/02/10 00:49:50 [73639] <f..T...... playground/poof/css/scss/main.scss
2017/02/10 00:49:50 [73639] <f..T...... playground/poof/images/poof-48.png
2017/02/10 00:49:50 [73639] <f..T...... playground/social-connections-backbone/README.md
2017/02/10 00:49:50 [73639] <f..T...... playground/social-connections-backbone/config.rb
2017/02/10 00:49:50 [73639] <f..T...... playground/social-connections-backbone/index.html
2017/02/10 00:49:50 [73639] <f..T...... playground/social-connections-backbone/assets/fonts/lato-lig-webfont.eot
2017/02/10 00:49:50 [73639] <f..T...... playground/social-connections-backbone/assets/fonts/lato-lig-webfont.svg
2017/02/10 00:49:50 [73639] <f..T...... playground/social-connections-backbone/assets/fonts/lato-lig-webfont.ttf
2017/02/10 00:49:50 [73639] <f..T...... playground/social-connections-backbone/assets/fonts/lato-lig-webfont.woff
2017/02/10 00:49:50 [73639] <f..T...... playground/social-connections-backbone/assets/fonts/lato-reg-webfont.eot
2017/02/10 00:49:50 [73639] <f..T...... playground/social-connections-backbone/assets/fonts/lato-reg-webfont.svg
2017/02/10 00:49:50 [73639] <f..T...... playground/social-connections-backbone/assets/fonts/lato-reg-webfont.ttf
2017/02/10 00:49:50 [73639] <f..T...... playground/social-connections-backbone/assets/fonts/lato-reg-webfont.woff
2017/02/10 00:49:50 [73639] <f..T...... playground/social-connections-backbone/css/screen.css
2017/02/10 00:49:50 [73639] <f..T...... playground/social-connections-backbone/css/sass/screen.scss
2017/02/10 00:49:50 [73639] <f..T...... playground/social-connections-backbone/js/app.js
2017/02/10 00:49:50 [73639] <f..T...... playground/social-connections-backbone/js/data.js
2017/02/10 00:49:50 [73639] <f..T...... playground/social-connections-backbone/js/lib/vendor/backbone.js
2017/02/10 00:49:50 [73639] <f..T...... playground/social-connections-backbone/js/lib/vendor/jquery.js
2017/02/10 00:49:50 [73639] <f..T...... playground/social-connections-backbone/js/lib/vendor/underscore.js
2017/02/10 00:49:50 [73639] <f..T...... playground/turn-off-tv/index.html
2017/02/10 00:49:50 [73639] <f..T...... playground/turn-off-tv/jquery.turn-off-tv.min.js
2017/02/10 00:49:50 [73639] <f..T...... playground/turn-off-tv/turn-off-tv.css
2017/02/10 00:49:50 [73639] <f..T...... playground/turn-off-tv/lib/jquery-1.10.2.min.js
2017/02/10 00:49:50 [73639] sent 26924 bytes  received 83755 bytes  total size 10263490
2017/02/10 00:52:09 [73943] building file list
2017/02/10 00:52:09 [73943] <f..T...... .htaccess
2017/02/10 00:52:09 [73943] <f.sT...... 404.html
2017/02/10 00:52:09 [73943] <f..T...... apple-touch-icon.png
2017/02/10 00:52:09 [73943] <f..T...... crossdomain.xml
2017/02/10 00:52:09 [73943] <f..T...... favicon.ico
2017/02/10 00:52:09 [73943] <f..T...... favicon.png
2017/02/10 00:52:09 [73943] <f..T...... humans.txt
2017/02/10 00:52:09 [73943] <f.sT...... index.html
2017/02/10 00:52:09 [73943] <f.sT...... playground.html
2017/02/10 00:52:09 [73943] <f..T...... robots.txt
2017/02/10 00:52:09 [73943] <f..T...... sitemap.xml
2017/02/10 00:52:09 [73943] <f..T...... assets/css/main.css
2017/02/10 00:52:09 [73943] <f..T...... assets/downloads/pdf/36, telme, 03-2003.pdf
2017/02/10 00:52:09 [73943] <f..T...... assets/downloads/pdf/mobil-35-motorola.pdf
2017/02/10 00:52:09 [73943] <f..T...... assets/downloads/pdf/mobil-37-microsoft.pdf
2017/02/10 00:52:09 [73943] <f..T...... assets/downloads/pdf/mobil-37-stungun.pdf
2017/02/10 00:52:09 [73943] <f..T...... assets/downloads/pdf/mobil-40-41-alcatel.pdf
2017/02/10 00:52:09 [73943] <f..T...... assets/downloads/pdf/mobil-40-41-treo.pdf
2017/02/10 00:52:09 [73943] <f..T...... assets/downloads/pdf/mobil-75-usa.pdf
2017/02/10 00:52:09 [73943] <f..T...... assets/downloads/pdf/mobil-92-iphone.pdf
2017/02/10 00:52:09 [73943] <f..T...... assets/downloads/pdf/mreza-nokia.pdf
2017/02/10 00:52:09 [73943] <f..T...... assets/fonts/OpenSans-Light-webfont.eot
2017/02/10 00:52:09 [73943] <f..T...... assets/fonts/OpenSans-Light-webfont.svg
2017/02/10 00:52:09 [73943] <f..T...... assets/fonts/OpenSans-Light-webfont.ttf
2017/02/10 00:52:09 [73943] <f..T...... assets/fonts/OpenSans-Light-webfont.woff
2017/02/10 00:52:09 [73943] <f..T...... assets/fonts/OpenSans-Regular-webfont.eot
2017/02/10 00:52:09 [73943] <f..T...... assets/fonts/OpenSans-Regular-webfont.svg
2017/02/10 00:52:09 [73943] <f..T...... assets/fonts/OpenSans-Regular-webfont.ttf
2017/02/10 00:52:09 [73943] <f..T...... assets/fonts/OpenSans-Regular-webfont.woff
2017/02/10 00:52:09 [73943] <f..T...... assets/fonts/iconfont.eot
2017/02/10 00:52:09 [73943] <f..T...... assets/fonts/iconfont.svg
2017/02/10 00:52:09 [73943] <f..T...... assets/fonts/iconfont.ttf
2017/02/10 00:52:09 [73943] <f..T...... assets/fonts/iconfont.woff
2017/02/10 00:52:09 [73943] <f..T...... assets/fonts/iconfont.woff2
2017/02/10 00:52:09 [73943] <f..T...... assets/fonts/lato/lato-lig-webfont.eot
2017/02/10 00:52:09 [73943] <f..T...... assets/fonts/lato/lato-lig-webfont.ttf
2017/02/10 00:52:09 [73943] <f..T...... assets/fonts/lato/lato-lig-webfont.woff
2017/02/10 00:52:09 [73943] <f..T...... assets/fonts/lato/lato-reg-webfont.eot
2017/02/10 00:52:09 [73943] <f..T...... assets/fonts/lato/lato-reg-webfont.ttf
2017/02/10 00:52:09 [73943] <f..T...... assets/fonts/lato/lato-reg-webfont.woff
2017/02/10 00:52:09 [73943] <f..T...... assets/images/bg.jpg
2017/02/10 00:52:09 [73943] <f..T...... assets/images/bg.webp
2017/02/10 00:52:09 [73943] <f..T...... assets/images/pixel.gif
2017/02/10 00:52:09 [73943] <f..T...... assets/images/profile.jpg
2017/02/10 00:52:09 [73943] <f..T...... assets/images/profile.webp
2017/02/10 00:52:09 [73943] <f..T...... assets/images/profile@2x.jpg
2017/02/10 00:52:09 [73943] <f..T...... assets/images/profile@2x.webp
2017/02/10 00:52:09 [73943] <f..T...... assets/images/articles/alcatel.jpg
2017/02/10 00:52:09 [73943] <f..T...... assets/images/articles/alcatel.webp
2017/02/10 00:52:09 [73943] <f..T...... assets/images/articles/iphone.jpg
2017/02/10 00:52:09 [73943] <f..T...... assets/images/articles/iphone.webp
2017/02/10 00:52:09 [73943] <f..T...... assets/images/articles/motorola.jpg
2017/02/10 00:52:09 [73943] <f..T...... assets/images/articles/motorola.webp
2017/02/10 00:52:09 [73943] <f..T...... assets/images/articles/ms.jpg
2017/02/10 00:52:09 [73943] <f..T...... assets/images/articles/ms.webp
2017/02/10 00:52:09 [73943] <f..T...... assets/images/articles/nokia.jpg
2017/02/10 00:52:09 [73943] <f..T...... assets/images/articles/nokia.webp
2017/02/10 00:52:09 [73943] <f..T...... assets/images/articles/stungun.jpg
2017/02/10 00:52:09 [73943] <f..T...... assets/images/articles/stungun.webp
2017/02/10 00:52:09 [73943] <f..T...... assets/images/articles/treo.jpg
2017/02/10 00:52:09 [73943] <f..T...... assets/images/articles/treo.webp
2017/02/10 00:52:09 [73943] <f..T...... assets/images/articles/usa.jpg
2017/02/10 00:52:09 [73943] <f..T...... assets/images/articles/usa.webp
2017/02/10 00:52:09 [73943] <f..T...... assets/images/photos/adriatic-sea.jpg
2017/02/10 00:52:09 [73943] <f..T...... assets/images/photos/adriatic-sea.webp
2017/02/10 00:52:09 [73943] <f..T...... assets/images/photos/autumn-in-zrinjevac.jpg
2017/02/10 00:52:09 [73943] <f..T...... assets/images/photos/autumn-in-zrinjevac.webp
2017/02/10 00:52:09 [73943] <f..T...... assets/images/photos/big-ben.jpg
2017/02/10 00:52:09 [73943] <f..T...... assets/images/photos/big-ben.webp
2017/02/10 00:52:09 [73943] <f..T...... assets/images/photos/cat.jpg
2017/02/10 00:52:09 [73943] <f..T...... assets/images/photos/cat.webp
2017/02/10 00:52:09 [73943] <f..T...... assets/images/photos/dijana.jpg
2017/02/10 00:52:09 [73943] <f..T...... assets/images/photos/dijana.webp
2017/02/10 00:52:09 [73943] <f..T...... assets/images/photos/double-rainbow-in-paris.jpg
2017/02/10 00:52:09 [73943] <f..T...... assets/images/photos/double-rainbow-in-paris.webp
2017/02/10 00:52:09 [73943] <f..T...... assets/images/photos/flowers.jpg
2017/02/10 00:52:09 [73943] <f..T...... assets/images/photos/flowers.webp
2017/02/10 00:52:09 [73943] <f..T...... assets/images/photos/hana.jpg
2017/02/10 00:52:09 [73943] <f..T...... assets/images/photos/hana.webp
2017/02/10 00:52:09 [73943] <f..T...... assets/images/photos/paris-sunset.jpg
2017/02/10 00:52:09 [73943] <f..T...... assets/images/photos/paris-sunset.webp
2017/02/10 00:52:09 [73943] <f..T...... assets/images/photos/stuck-in-traffic.jpg
2017/02/10 00:52:09 [73943] <f..T...... assets/images/photos/stuck-in-traffic.webp
2017/02/10 00:52:09 [73943] <f..T...... assets/images/photos/tower-bridge.jpg
2017/02/10 00:52:09 [73943] <f..T...... assets/images/photos/tower-bridge.webp
2017/02/10 00:52:09 [73943] <f..T...... assets/js/all.js
2017/02/10 00:52:09 [73943] <f..T...... playground/hexclock/config.rb
2017/02/10 00:52:09 [73943] <f..T...... playground/hexclock/index.html
2017/02/10 00:52:09 [73943] <f..T...... playground/hexclock/assets/fonts/lato-lig-webfont.eot
2017/02/10 00:52:09 [73943] <f..T...... playground/hexclock/assets/fonts/lato-lig-webfont.svg
2017/02/10 00:52:09 [73943] <f..T...... playground/hexclock/assets/fonts/lato-lig-webfont.ttf
2017/02/10 00:52:09 [73943] <f..T...... playground/hexclock/assets/fonts/lato-lig-webfont.woff
2017/02/10 00:52:09 [73943] <f..T...... playground/hexclock/assets/fonts/lato-reg-webfont.eot
2017/02/10 00:52:09 [73943] <f..T...... playground/hexclock/assets/fonts/lato-reg-webfont.svg
2017/02/10 00:52:09 [73943] <f..T...... playground/hexclock/assets/fonts/lato-reg-webfont.ttf
2017/02/10 00:52:09 [73943] <f..T...... playground/hexclock/assets/fonts/lato-reg-webfont.woff
2017/02/10 00:52:09 [73943] <f..T...... playground/hexclock/css/screen.css
2017/02/10 00:52:09 [73943] <f..T...... playground/hexclock/css/sass/screen.scss
2017/02/10 00:52:09 [73943] <f..T...... playground/poof/LICENSE.txt
2017/02/10 00:52:09 [73943] <f..T...... playground/poof/README.md
2017/02/10 00:52:09 [73943] <f..T...... playground/poof/config.rb
2017/02/10 00:52:09 [73943] <f..T...... playground/poof/index.html
2017/02/10 00:52:09 [73943] <f..T...... playground/poof/poof.js
2017/02/10 00:52:09 [73943] <f..T...... playground/poof/poof.min.js
2017/02/10 00:52:09 [73943] <f..T...... playground/poof/css/main.css
2017/02/10 00:52:09 [73943] <f..T...... playground/poof/css/scss/_normalize.scss
2017/02/10 00:52:09 [73943] <f..T...... playground/poof/css/scss/main.scss
2017/02/10 00:52:09 [73943] <f..T...... playground/poof/images/poof-48.png
2017/02/10 00:52:09 [73943] <f..T...... playground/social-connections-backbone/README.md
2017/02/10 00:52:09 [73943] <f..T...... playground/social-connections-backbone/config.rb
2017/02/10 00:52:09 [73943] <f..T...... playground/social-connections-backbone/index.html
2017/02/10 00:52:09 [73943] <f..T...... playground/social-connections-backbone/assets/fonts/lato-lig-webfont.eot
2017/02/10 00:52:09 [73943] <f..T...... playground/social-connections-backbone/assets/fonts/lato-lig-webfont.svg
2017/02/10 00:52:09 [73943] <f..T...... playground/social-connections-backbone/assets/fonts/lato-lig-webfont.ttf
2017/02/10 00:52:09 [73943] <f..T...... playground/social-connections-backbone/assets/fonts/lato-lig-webfont.woff
2017/02/10 00:52:09 [73943] <f..T...... playground/social-connections-backbone/assets/fonts/lato-reg-webfont.eot
2017/02/10 00:52:09 [73943] <f..T...... playground/social-connections-backbone/assets/fonts/lato-reg-webfont.svg
2017/02/10 00:52:09 [73943] <f..T...... playground/social-connections-backbone/assets/fonts/lato-reg-webfont.ttf
2017/02/10 00:52:09 [73943] <f..T...... playground/social-connections-backbone/assets/fonts/lato-reg-webfont.woff
2017/02/10 00:52:09 [73943] <f..T...... playground/social-connections-backbone/css/screen.css
2017/02/10 00:52:09 [73943] <f..T...... playground/social-connections-backbone/css/sass/screen.scss
2017/02/10 00:52:09 [73943] <f..T...... playground/social-connections-backbone/js/app.js
2017/02/10 00:52:09 [73943] <f..T...... playground/social-connections-backbone/js/data.js
2017/02/10 00:52:09 [73943] <f..T...... playground/social-connections-backbone/js/lib/vendor/backbone.js
2017/02/10 00:52:09 [73943] <f..T...... playground/social-connections-backbone/js/lib/vendor/jquery.js
2017/02/10 00:52:09 [73943] <f..T...... playground/social-connections-backbone/js/lib/vendor/underscore.js
2017/02/10 00:52:09 [73943] <f..T...... playground/turn-off-tv/index.html
2017/02/10 00:52:09 [73943] <f..T...... playground/turn-off-tv/jquery.turn-off-tv.min.js
2017/02/10 00:52:09 [73943] <f..T...... playground/turn-off-tv/turn-off-tv.css
2017/02/10 00:52:09 [73943] <f..T...... playground/turn-off-tv/lib/jquery-1.10.2.min.js
2017/02/10 00:52:09 [73943] sent 9538 bytes  received 83799 bytes  total size 10263508
2017/02/10 00:53:40 [74195] building file list
2017/02/10 00:53:40 [74195] <f..T...... .htaccess
2017/02/10 00:53:40 [74195] <f..T...... 404.html
2017/02/10 00:53:40 [74195] <f..T...... apple-touch-icon.png
2017/02/10 00:53:40 [74195] <f..T...... crossdomain.xml
2017/02/10 00:53:40 [74195] <f..T...... favicon.ico
2017/02/10 00:53:40 [74195] <f..T...... favicon.png
2017/02/10 00:53:40 [74195] <f..T...... humans.txt
2017/02/10 00:53:40 [74195] <f..T...... index.html
2017/02/10 00:53:40 [74195] <f..T...... playground.html
2017/02/10 00:53:40 [74195] <f..T...... robots.txt
2017/02/10 00:53:40 [74195] <f..T...... sitemap.xml
2017/02/10 00:53:40 [74195] <f..T...... assets/css/main.css
2017/02/10 00:53:40 [74195] <f..T...... assets/downloads/pdf/36, telme, 03-2003.pdf
2017/02/10 00:53:40 [74195] <f..T...... assets/downloads/pdf/mobil-35-motorola.pdf
2017/02/10 00:53:41 [74195] <f..T...... assets/downloads/pdf/mobil-37-microsoft.pdf
2017/02/10 00:53:41 [74195] <f..T...... assets/downloads/pdf/mobil-37-stungun.pdf
2017/02/10 00:53:41 [74195] <f..T...... assets/downloads/pdf/mobil-40-41-alcatel.pdf
2017/02/10 00:53:41 [74195] <f..T...... assets/downloads/pdf/mobil-40-41-treo.pdf
2017/02/10 00:53:41 [74195] <f..T...... assets/downloads/pdf/mobil-75-usa.pdf
2017/02/10 00:53:41 [74195] <f..T...... assets/downloads/pdf/mobil-92-iphone.pdf
2017/02/10 00:53:41 [74195] <f..T...... assets/downloads/pdf/mreza-nokia.pdf
2017/02/10 00:53:41 [74195] <f..T...... assets/fonts/OpenSans-Light-webfont.eot
2017/02/10 00:53:41 [74195] <f..T...... assets/fonts/OpenSans-Light-webfont.svg
2017/02/10 00:53:41 [74195] <f..T...... assets/fonts/OpenSans-Light-webfont.ttf
2017/02/10 00:53:41 [74195] <f..T...... assets/fonts/OpenSans-Light-webfont.woff
2017/02/10 00:53:41 [74195] <f..T...... assets/fonts/OpenSans-Regular-webfont.eot
2017/02/10 00:53:41 [74195] <f..T...... assets/fonts/OpenSans-Regular-webfont.svg
2017/02/10 00:53:41 [74195] <f..T...... assets/fonts/OpenSans-Regular-webfont.ttf
2017/02/10 00:53:41 [74195] <f..T...... assets/fonts/OpenSans-Regular-webfont.woff
2017/02/10 00:53:41 [74195] <f..T...... assets/fonts/iconfont.eot
2017/02/10 00:53:41 [74195] <f..T...... assets/fonts/iconfont.svg
2017/02/10 00:53:41 [74195] <f..T...... assets/fonts/iconfont.ttf
2017/02/10 00:53:41 [74195] <f..T...... assets/fonts/iconfont.woff
2017/02/10 00:53:41 [74195] <f..T...... assets/fonts/iconfont.woff2
2017/02/10 00:53:41 [74195] <f..T...... assets/fonts/lato/lato-lig-webfont.eot
2017/02/10 00:53:41 [74195] <f..T...... assets/fonts/lato/lato-lig-webfont.ttf
2017/02/10 00:53:41 [74195] <f..T...... assets/fonts/lato/lato-lig-webfont.woff
2017/02/10 00:53:41 [74195] <f..T...... assets/fonts/lato/lato-reg-webfont.eot
2017/02/10 00:53:41 [74195] <f..T...... assets/fonts/lato/lato-reg-webfont.ttf
2017/02/10 00:53:41 [74195] <f..T...... assets/fonts/lato/lato-reg-webfont.woff
2017/02/10 00:53:41 [74195] <f..T...... assets/images/bg.jpg
2017/02/10 00:53:41 [74195] <f..T...... assets/images/bg.webp
2017/02/10 00:53:41 [74195] <f..T...... assets/images/pixel.gif
2017/02/10 00:53:41 [74195] <f..T...... assets/images/profile.jpg
2017/02/10 00:53:41 [74195] <f..T...... assets/images/profile.webp
2017/02/10 00:53:41 [74195] <f..T...... assets/images/profile@2x.jpg
2017/02/10 00:53:41 [74195] <f..T...... assets/images/profile@2x.webp
2017/02/10 00:53:41 [74195] <f..T...... assets/images/articles/alcatel.jpg
2017/02/10 00:53:41 [74195] <f..T...... assets/images/articles/alcatel.webp
2017/02/10 00:53:41 [74195] <f..T...... assets/images/articles/iphone.jpg
2017/02/10 00:53:41 [74195] <f..T...... assets/images/articles/iphone.webp
2017/02/10 00:53:41 [74195] <f..T...... assets/images/articles/motorola.jpg
2017/02/10 00:53:41 [74195] <f..T...... assets/images/articles/motorola.webp
2017/02/10 00:53:41 [74195] <f..T...... assets/images/articles/ms.jpg
2017/02/10 00:53:41 [74195] <f..T...... assets/images/articles/ms.webp
2017/02/10 00:53:41 [74195] <f..T...... assets/images/articles/nokia.jpg
2017/02/10 00:53:41 [74195] <f..T...... assets/images/articles/nokia.webp
2017/02/10 00:53:41 [74195] <f..T...... assets/images/articles/stungun.jpg
2017/02/10 00:53:41 [74195] <f..T...... assets/images/articles/stungun.webp
2017/02/10 00:53:41 [74195] <f..T...... assets/images/articles/treo.jpg
2017/02/10 00:53:41 [74195] <f..T...... assets/images/articles/treo.webp
2017/02/10 00:53:41 [74195] <f..T...... assets/images/articles/usa.jpg
2017/02/10 00:53:41 [74195] <f..T...... assets/images/articles/usa.webp
2017/02/10 00:53:41 [74195] <f..T...... assets/images/photos/adriatic-sea.jpg
2017/02/10 00:53:41 [74195] <f..T...... assets/images/photos/adriatic-sea.webp
2017/02/10 00:53:41 [74195] <f..T...... assets/images/photos/autumn-in-zrinjevac.jpg
2017/02/10 00:53:41 [74195] <f..T...... assets/images/photos/autumn-in-zrinjevac.webp
2017/02/10 00:53:41 [74195] <f..T...... assets/images/photos/big-ben.jpg
2017/02/10 00:53:41 [74195] <f..T...... assets/images/photos/big-ben.webp
2017/02/10 00:53:41 [74195] <f..T...... assets/images/photos/cat.jpg
2017/02/10 00:53:41 [74195] <f..T...... assets/images/photos/cat.webp
2017/02/10 00:53:41 [74195] <f..T...... assets/images/photos/dijana.jpg
2017/02/10 00:53:41 [74195] <f..T...... assets/images/photos/dijana.webp
2017/02/10 00:53:41 [74195] <f..T...... assets/images/photos/double-rainbow-in-paris.jpg
2017/02/10 00:53:41 [74195] <f..T...... assets/images/photos/double-rainbow-in-paris.webp
2017/02/10 00:53:41 [74195] <f..T...... assets/images/photos/flowers.jpg
2017/02/10 00:53:41 [74195] <f..T...... assets/images/photos/flowers.webp
2017/02/10 00:53:41 [74195] <f..T...... assets/images/photos/hana.jpg
2017/02/10 00:53:41 [74195] <f..T...... assets/images/photos/hana.webp
2017/02/10 00:53:41 [74195] <f..T...... assets/images/photos/paris-sunset.jpg
2017/02/10 00:53:41 [74195] <f..T...... assets/images/photos/paris-sunset.webp
2017/02/10 00:53:41 [74195] <f..T...... assets/images/photos/stuck-in-traffic.jpg
2017/02/10 00:53:41 [74195] <f..T...... assets/images/photos/stuck-in-traffic.webp
2017/02/10 00:53:41 [74195] <f..T...... assets/images/photos/tower-bridge.jpg
2017/02/10 00:53:41 [74195] <f..T...... assets/images/photos/tower-bridge.webp
2017/02/10 00:53:41 [74195] <f..T...... assets/js/all.js
2017/02/10 00:53:41 [74195] <f..T...... playground/hexclock/config.rb
2017/02/10 00:53:41 [74195] <f..T...... playground/hexclock/index.html
2017/02/10 00:53:41 [74195] <f..T...... playground/hexclock/assets/fonts/lato-lig-webfont.eot
2017/02/10 00:53:41 [74195] <f..T...... playground/hexclock/assets/fonts/lato-lig-webfont.svg
2017/02/10 00:53:41 [74195] <f..T...... playground/hexclock/assets/fonts/lato-lig-webfont.ttf
2017/02/10 00:53:41 [74195] <f..T...... playground/hexclock/assets/fonts/lato-lig-webfont.woff
2017/02/10 00:53:41 [74195] <f..T...... playground/hexclock/assets/fonts/lato-reg-webfont.eot
2017/02/10 00:53:41 [74195] <f..T...... playground/hexclock/assets/fonts/lato-reg-webfont.svg
2017/02/10 00:53:41 [74195] <f..T...... playground/hexclock/assets/fonts/lato-reg-webfont.ttf
2017/02/10 00:53:41 [74195] <f..T...... playground/hexclock/assets/fonts/lato-reg-webfont.woff
2017/02/10 00:53:41 [74195] <f..T...... playground/hexclock/css/screen.css
2017/02/10 00:53:41 [74195] <f..T...... playground/hexclock/css/sass/screen.scss
2017/02/10 00:53:41 [74195] <f..T...... playground/poof/LICENSE.txt
2017/02/10 00:53:41 [74195] <f..T...... playground/poof/README.md
2017/02/10 00:53:41 [74195] <f..T...... playground/poof/config.rb
2017/02/10 00:53:41 [74195] <f..T...... playground/poof/index.html
2017/02/10 00:53:41 [74195] <f..T...... playground/poof/poof.js
2017/02/10 00:53:41 [74195] <f..T...... playground/poof/poof.min.js
2017/02/10 00:53:41 [74195] <f..T...... playground/poof/css/main.css
2017/02/10 00:53:41 [74195] <f..T...... playground/poof/css/scss/_normalize.scss
2017/02/10 00:53:41 [74195] <f..T...... playground/poof/css/scss/main.scss
2017/02/10 00:53:41 [74195] <f..T...... playground/poof/images/poof-48.png
2017/02/10 00:53:41 [74195] <f..T...... playground/social-connections-backbone/README.md
2017/02/10 00:53:41 [74195] <f..T...... playground/social-connections-backbone/config.rb
2017/02/10 00:53:41 [74195] <f..T...... playground/social-connections-backbone/index.html
2017/02/10 00:53:41 [74195] <f..T...... playground/social-connections-backbone/assets/fonts/lato-lig-webfont.eot
2017/02/10 00:53:41 [74195] <f..T...... playground/social-connections-backbone/assets/fonts/lato-lig-webfont.svg
2017/02/10 00:53:41 [74195] <f..T...... playground/social-connections-backbone/assets/fonts/lato-lig-webfont.ttf
2017/02/10 00:53:41 [74195] <f..T...... playground/social-connections-backbone/assets/fonts/lato-lig-webfont.woff
2017/02/10 00:53:41 [74195] <f..T...... playground/social-connections-backbone/assets/fonts/lato-reg-webfont.eot
2017/02/10 00:53:41 [74195] <f..T...... playground/social-connections-backbone/assets/fonts/lato-reg-webfont.svg
2017/02/10 00:53:41 [74195] <f..T...... playground/social-connections-backbone/assets/fonts/lato-reg-webfont.ttf
2017/02/10 00:53:41 [74195] <f..T...... playground/social-connections-backbone/assets/fonts/lato-reg-webfont.woff
2017/02/10 00:53:41 [74195] <f..T...... playground/social-connections-backbone/css/screen.css
2017/02/10 00:53:41 [74195] <f..T...... playground/social-connections-backbone/css/sass/screen.scss
2017/02/10 00:53:41 [74195] <f..T...... playground/social-connections-backbone/js/app.js
2017/02/10 00:53:41 [74195] <f..T...... playground/social-connections-backbone/js/data.js
2017/02/10 00:53:41 [74195] <f..T...... playground/social-connections-backbone/js/lib/vendor/backbone.js
2017/02/10 00:53:41 [74195] <f..T...... playground/social-connections-backbone/js/lib/vendor/jquery.js
2017/02/10 00:53:41 [74195] <f..T...... playground/social-connections-backbone/js/lib/vendor/underscore.js
2017/02/10 00:53:41 [74195] <f..T...... playground/turn-off-tv/index.html
2017/02/10 00:53:41 [74195] <f..T...... playground/turn-off-tv/jquery.turn-off-tv.min.js
2017/02/10 00:53:41 [74195] <f..T...... playground/turn-off-tv/turn-off-tv.css
2017/02/10 00:53:41 [74195] <f..T...... playground/turn-off-tv/lib/jquery-1.10.2.min.js
2017/02/10 00:53:41 [74195] sent 9564 bytes  received 83799 bytes  total size 10263508
2017/02/10 01:00:40 [77069] building file list
2017/02/10 01:00:40 [77069] <f..T...... .htaccess
2017/02/10 01:00:40 [77069] <f..T...... 404.html
2017/02/10 01:00:40 [77069] <f..T...... apple-touch-icon.png
2017/02/10 01:00:40 [77069] <f..T...... crossdomain.xml
2017/02/10 01:00:40 [77069] <f..T...... favicon.ico
2017/02/10 01:00:40 [77069] <f..T...... favicon.png
2017/02/10 01:00:40 [77069] <f..T...... humans.txt
2017/02/10 01:00:40 [77069] <f..T...... index.html
2017/02/10 01:00:40 [77069] <f..T...... playground.html
2017/02/10 01:00:40 [77069] <f..T...... robots.txt
2017/02/10 01:00:40 [77069] <f..T...... sitemap.xml
2017/02/10 01:00:40 [77069] <f..T...... assets/css/main.css
2017/02/10 01:00:40 [77069] <f..T...... assets/downloads/pdf/36, telme, 03-2003.pdf
2017/02/10 01:00:40 [77069] <f..T...... assets/downloads/pdf/mobil-35-motorola.pdf
2017/02/10 01:00:40 [77069] <f..T...... assets/downloads/pdf/mobil-37-microsoft.pdf
2017/02/10 01:00:40 [77069] <f..T...... assets/downloads/pdf/mobil-37-stungun.pdf
2017/02/10 01:00:40 [77069] <f..T...... assets/downloads/pdf/mobil-40-41-alcatel.pdf
2017/02/10 01:00:40 [77069] <f..T...... assets/downloads/pdf/mobil-40-41-treo.pdf
2017/02/10 01:00:40 [77069] <f..T...... assets/downloads/pdf/mobil-75-usa.pdf
2017/02/10 01:00:40 [77069] <f..T...... assets/downloads/pdf/mobil-92-iphone.pdf
2017/02/10 01:00:40 [77069] <f..T...... assets/downloads/pdf/mreza-nokia.pdf
2017/02/10 01:00:40 [77069] <f..T...... assets/fonts/OpenSans-Light-webfont.eot
2017/02/10 01:00:40 [77069] <f..T...... assets/fonts/OpenSans-Light-webfont.svg
2017/02/10 01:00:40 [77069] <f..T...... assets/fonts/OpenSans-Light-webfont.ttf
2017/02/10 01:00:40 [77069] <f..T...... assets/fonts/OpenSans-Light-webfont.woff
2017/02/10 01:00:40 [77069] <f..T...... assets/fonts/OpenSans-Regular-webfont.eot
2017/02/10 01:00:40 [77069] <f..T...... assets/fonts/OpenSans-Regular-webfont.svg
2017/02/10 01:00:40 [77069] <f..T...... assets/fonts/OpenSans-Regular-webfont.ttf
2017/02/10 01:00:40 [77069] <f..T...... assets/fonts/OpenSans-Regular-webfont.woff
2017/02/10 01:00:40 [77069] <f..T...... assets/fonts/iconfont.eot
2017/02/10 01:00:40 [77069] <f..T...... assets/fonts/iconfont.svg
2017/02/10 01:00:40 [77069] <f..T...... assets/fonts/iconfont.ttf
2017/02/10 01:00:40 [77069] <f..T...... assets/fonts/iconfont.woff
2017/02/10 01:00:40 [77069] <f..T...... assets/fonts/iconfont.woff2
2017/02/10 01:00:40 [77069] <f..T...... assets/fonts/lato/lato-lig-webfont.eot
2017/02/10 01:00:40 [77069] <f..T...... assets/fonts/lato/lato-lig-webfont.ttf
2017/02/10 01:00:40 [77069] <f..T...... assets/fonts/lato/lato-lig-webfont.woff
2017/02/10 01:00:40 [77069] <f..T...... assets/fonts/lato/lato-reg-webfont.eot
2017/02/10 01:00:40 [77069] <f..T...... assets/fonts/lato/lato-reg-webfont.ttf
2017/02/10 01:00:40 [77069] <f..T...... assets/fonts/lato/lato-reg-webfont.woff
2017/02/10 01:00:40 [77069] <f..T...... assets/images/bg.jpg
2017/02/10 01:00:40 [77069] <f..T...... assets/images/bg.webp
2017/02/10 01:00:40 [77069] <f..T...... assets/images/pixel.gif
2017/02/10 01:00:40 [77069] <f..T...... assets/images/profile.jpg
2017/02/10 01:00:40 [77069] <f..T...... assets/images/profile.webp
2017/02/10 01:00:40 [77069] <f..T...... assets/images/profile@2x.jpg
2017/02/10 01:00:40 [77069] <f..T...... assets/images/profile@2x.webp
2017/02/10 01:00:40 [77069] <f..T...... assets/images/articles/alcatel.jpg
2017/02/10 01:00:40 [77069] <f..T...... assets/images/articles/alcatel.webp
2017/02/10 01:00:40 [77069] <f..T...... assets/images/articles/iphone.jpg
2017/02/10 01:00:40 [77069] <f..T...... assets/images/articles/iphone.webp
2017/02/10 01:00:40 [77069] <f..T...... assets/images/articles/motorola.jpg
2017/02/10 01:00:40 [77069] <f..T...... assets/images/articles/motorola.webp
2017/02/10 01:00:40 [77069] <f..T...... assets/images/articles/ms.jpg
2017/02/10 01:00:40 [77069] <f..T...... assets/images/articles/ms.webp
2017/02/10 01:00:40 [77069] <f..T...... assets/images/articles/nokia.jpg
2017/02/10 01:00:40 [77069] <f..T...... assets/images/articles/nokia.webp
2017/02/10 01:00:40 [77069] <f..T...... assets/images/articles/stungun.jpg
2017/02/10 01:00:40 [77069] <f..T...... assets/images/articles/stungun.webp
2017/02/10 01:00:40 [77069] <f..T...... assets/images/articles/treo.jpg
2017/02/10 01:00:40 [77069] <f..T...... assets/images/articles/treo.webp
2017/02/10 01:00:40 [77069] <f..T...... assets/images/articles/usa.jpg
2017/02/10 01:00:40 [77069] <f..T...... assets/images/articles/usa.webp
2017/02/10 01:00:40 [77069] <f..T...... assets/images/photos/adriatic-sea.jpg
2017/02/10 01:00:40 [77069] <f..T...... assets/images/photos/adriatic-sea.webp
2017/02/10 01:00:40 [77069] <f..T...... assets/images/photos/autumn-in-zrinjevac.jpg
2017/02/10 01:00:40 [77069] <f..T...... assets/images/photos/autumn-in-zrinjevac.webp
2017/02/10 01:00:40 [77069] <f..T...... assets/images/photos/big-ben.jpg
2017/02/10 01:00:40 [77069] <f..T...... assets/images/photos/big-ben.webp
2017/02/10 01:00:40 [77069] <f..T...... assets/images/photos/cat.jpg
2017/02/10 01:00:40 [77069] <f..T...... assets/images/photos/cat.webp
2017/02/10 01:00:40 [77069] <f..T...... assets/images/photos/dijana.jpg
2017/02/10 01:00:40 [77069] <f..T...... assets/images/photos/dijana.webp
2017/02/10 01:00:40 [77069] <f..T...... assets/images/photos/double-rainbow-in-paris.jpg
2017/02/10 01:00:40 [77069] <f..T...... assets/images/photos/double-rainbow-in-paris.webp
2017/02/10 01:00:40 [77069] <f..T...... assets/images/photos/flowers.jpg
2017/02/10 01:00:40 [77069] <f..T...... assets/images/photos/flowers.webp
2017/02/10 01:00:40 [77069] <f..T...... assets/images/photos/hana.jpg
2017/02/10 01:00:40 [77069] <f..T...... assets/images/photos/hana.webp
2017/02/10 01:00:40 [77069] <f..T...... assets/images/photos/paris-sunset.jpg
2017/02/10 01:00:40 [77069] <f..T...... assets/images/photos/paris-sunset.webp
2017/02/10 01:00:40 [77069] <f..T...... assets/images/photos/stuck-in-traffic.jpg
2017/02/10 01:00:40 [77069] <f..T...... assets/images/photos/stuck-in-traffic.webp
2017/02/10 01:00:40 [77069] <f..T...... assets/images/photos/tower-bridge.jpg
2017/02/10 01:00:40 [77069] <f..T...... assets/images/photos/tower-bridge.webp
2017/02/10 01:00:40 [77069] <f..T...... assets/js/all.js
2017/02/10 01:00:40 [77069] <f..T...... playground/hexclock/config.rb
2017/02/10 01:00:40 [77069] <f..T...... playground/hexclock/index.html
2017/02/10 01:00:40 [77069] <f..T...... playground/hexclock/assets/fonts/lato-lig-webfont.eot
2017/02/10 01:00:40 [77069] <f..T...... playground/hexclock/assets/fonts/lato-lig-webfont.svg
2017/02/10 01:00:40 [77069] <f..T...... playground/hexclock/assets/fonts/lato-lig-webfont.ttf
2017/02/10 01:00:40 [77069] <f..T...... playground/hexclock/assets/fonts/lato-lig-webfont.woff
2017/02/10 01:00:40 [77069] <f..T...... playground/hexclock/assets/fonts/lato-reg-webfont.eot
2017/02/10 01:00:40 [77069] <f..T...... playground/hexclock/assets/fonts/lato-reg-webfont.svg
2017/02/10 01:00:40 [77069] <f..T...... playground/hexclock/assets/fonts/lato-reg-webfont.ttf
2017/02/10 01:00:40 [77069] <f..T...... playground/hexclock/assets/fonts/lato-reg-webfont.woff
2017/02/10 01:00:40 [77069] <f..T...... playground/hexclock/css/screen.css
2017/02/10 01:00:40 [77069] <f..T...... playground/hexclock/css/sass/screen.scss
2017/02/10 01:00:40 [77069] <f..T...... playground/poof/LICENSE.txt
2017/02/10 01:00:40 [77069] <f..T...... playground/poof/README.md
2017/02/10 01:00:40 [77069] <f..T...... playground/poof/config.rb
2017/02/10 01:00:40 [77069] <f..T...... playground/poof/index.html
2017/02/10 01:00:40 [77069] <f..T...... playground/poof/poof.js
2017/02/10 01:00:40 [77069] <f..T...... playground/poof/poof.min.js
2017/02/10 01:00:40 [77069] <f..T...... playground/poof/css/main.css
2017/02/10 01:00:40 [77069] <f..T...... playground/poof/css/scss/_normalize.scss
2017/02/10 01:00:40 [77069] <f..T...... playground/poof/css/scss/main.scss
2017/02/10 01:00:40 [77069] <f..T...... playground/poof/images/poof-48.png
2017/02/10 01:00:40 [77069] <f..T...... playground/social-connections-backbone/README.md
2017/02/10 01:00:40 [77069] <f..T...... playground/social-connections-backbone/config.rb
2017/02/10 01:00:40 [77069] <f..T...... playground/social-connections-backbone/index.html
2017/02/10 01:00:40 [77069] <f..T...... playground/social-connections-backbone/assets/fonts/lato-lig-webfont.eot
2017/02/10 01:00:40 [77069] <f..T...... playground/social-connections-backbone/assets/fonts/lato-lig-webfont.svg
2017/02/10 01:00:40 [77069] <f..T...... playground/social-connections-backbone/assets/fonts/lato-lig-webfont.ttf
2017/02/10 01:00:40 [77069] <f..T...... playground/social-connections-backbone/assets/fonts/lato-lig-webfont.woff
2017/02/10 01:00:40 [77069] <f..T...... playground/social-connections-backbone/assets/fonts/lato-reg-webfont.eot
2017/02/10 01:00:40 [77069] <f..T...... playground/social-connections-backbone/assets/fonts/lato-reg-webfont.svg
2017/02/10 01:00:40 [77069] <f..T...... playground/social-connections-backbone/assets/fonts/lato-reg-webfont.ttf
2017/02/10 01:00:40 [77069] <f..T...... playground/social-connections-backbone/assets/fonts/lato-reg-webfont.woff
2017/02/10 01:00:40 [77069] <f..T...... playground/social-connections-backbone/css/screen.css
2017/02/10 01:00:40 [77069] <f..T...... playground/social-connections-backbone/css/sass/screen.scss
2017/02/10 01:00:40 [77069] <f..T...... playground/social-connections-backbone/js/app.js
2017/02/10 01:00:40 [77069] <f..T...... playground/social-connections-backbone/js/data.js
2017/02/10 01:00:40 [77069] <f..T...... playground/social-connections-backbone/js/lib/vendor/backbone.js
2017/02/10 01:00:40 [77069] <f..T...... playground/social-connections-backbone/js/lib/vendor/jquery.js
2017/02/10 01:00:40 [77069] <f..T...... playground/social-connections-backbone/js/lib/vendor/underscore.js
2017/02/10 01:00:40 [77069] <f..T...... playground/turn-off-tv/index.html
2017/02/10 01:00:40 [77069] <f..T...... playground/turn-off-tv/jquery.turn-off-tv.min.js
2017/02/10 01:00:40 [77069] <f..T...... playground/turn-off-tv/turn-off-tv.css
2017/02/10 01:00:40 [77069] <f..T...... playground/turn-off-tv/lib/jquery-1.10.2.min.js
2017/02/10 01:00:41 [77069] sent 9731 bytes  received 83799 bytes  total size 10263508
